<?xml version="1.0" encoding="UTF-8"?>
<testsuites name="jest tests" tests="7" failures="3" errors="0" time="0.493">
  <testsuite name="ComplianceAsCodeService" errors="0" failures="3" skipped="0" timestamp="2025-12-31T20:43:01" time="0.182" tests="7">
    <testcase classname="ComplianceAsCodeService createPolicy() should create a new compliance policy" name="ComplianceAsCodeService createPolicy() should create a new compliance policy" time="0.02">
      <failure>Error: Failed to create compliance policy
    at ComplianceAsCodeService.createPolicy (/Users/gverma/Desktop/AARAIK LLC/ComplyEasyAI/server/src/services/advanced/complianceAsCodeService.ts:146:13)
    at processTicksAndRejections (node:internal/process/task_queues:105:5)
    at Object.&lt;anonymous&gt; (/Users/gverma/Desktop/AARAIK LLC/ComplyEasyAI/server/src/__tests__/unit/services/advanced/complianceAsCodeService.test.ts:81:22)</failure>
    </testcase>
    <testcase classname="ComplianceAsCodeService evaluatePolicy() should evaluate policy and return allowed result" name="ComplianceAsCodeService evaluatePolicy() should evaluate policy and return allowed result" time="0.002">
      <failure>Error: Policy evaluation failed
    at ComplianceAsCodeService.evaluatePolicy (/Users/gverma/Desktop/AARAIK LLC/ComplyEasyAI/server/src/services/advanced/complianceAsCodeService.ts:262:13)
    at Object.&lt;anonymous&gt; (/Users/gverma/Desktop/AARAIK LLC/ComplyEasyAI/server/src/__tests__/unit/services/advanced/complianceAsCodeService.test.ts:100:52)
    at Promise.then.completed (/Users/gverma/Desktop/AARAIK LLC/ComplyEasyAI/server/node_modules/jest-circus/build/utils.js:298:28)
    at new Promise (&lt;anonymous&gt;)
    at callAsyncCircusFn (/Users/gverma/Desktop/AARAIK LLC/ComplyEasyAI/server/node_modules/jest-circus/build/utils.js:231:10)
    at _callCircusTest (/Users/gverma/Desktop/AARAIK LLC/ComplyEasyAI/server/node_modules/jest-circus/build/run.js:316:40)
    at processTicksAndRejections (node:internal/process/task_queues:105:5)
    at _runTest (/Users/gverma/Desktop/AARAIK LLC/ComplyEasyAI/server/node_modules/jest-circus/build/run.js:252:3)
    at _runTestsForDescribeBlock (/Users/gverma/Desktop/AARAIK LLC/ComplyEasyAI/server/node_modules/jest-circus/build/run.js:126:9)
    at _runTestsForDescribeBlock (/Users/gverma/Desktop/AARAIK LLC/ComplyEasyAI/server/node_modules/jest-circus/build/run.js:121:9)
    at _runTestsForDescribeBlock (/Users/gverma/Desktop/AARAIK LLC/ComplyEasyAI/server/node_modules/jest-circus/build/run.js:121:9)
    at run (/Users/gverma/Desktop/AARAIK LLC/ComplyEasyAI/server/node_modules/jest-circus/build/run.js:71:3)
    at runAndTransformResultsToJestFormat (/Users/gverma/Desktop/AARAIK LLC/ComplyEasyAI/server/node_modules/jest-circus/build/legacy-code-todo-rewrite/jestAdapterInit.js:122:21)
    at jestAdapter (/Users/gverma/Desktop/AARAIK LLC/ComplyEasyAI/server/node_modules/jest-circus/build/legacy-code-todo-rewrite/jestAdapter.js:79:19)
    at runTestInternal (/Users/gverma/Desktop/AARAIK LLC/ComplyEasyAI/server/node_modules/jest-runner/build/runTest.js:367:16)
    at runTest (/Users/gverma/Desktop/AARAIK LLC/ComplyEasyAI/server/node_modules/jest-runner/build/runTest.js:444:34)
    at Object.worker (/Users/gverma/Desktop/AARAIK LLC/ComplyEasyAI/server/node_modules/jest-runner/build/testWorker.js:106:12)</failure>
    </testcase>
    <testcase classname="ComplianceAsCodeService evaluatePolicy() should detect policy violations" name="ComplianceAsCodeService evaluatePolicy() should detect policy violations" time="0.002">
    </testcase>
    <testcase classname="ComplianceAsCodeService evaluateMultiplePolicies() should evaluate multiple policies" name="ComplianceAsCodeService evaluateMultiplePolicies() should evaluate multiple policies" time="0.001">
      <failure>Error: Batch policy evaluation failed
    at ComplianceAsCodeService.evaluateMultiplePolicies (/Users/gverma/Desktop/AARAIK LLC/ComplyEasyAI/server/src/services/advanced/complianceAsCodeService.ts:310:13)
    at processTicksAndRejections (node:internal/process/task_queues:105:5)
    at Object.&lt;anonymous&gt; (/Users/gverma/Desktop/AARAIK LLC/ComplyEasyAI/server/src/__tests__/unit/services/advanced/complianceAsCodeService.test.ts:146:22)</failure>
    </testcase>
    <testcase classname="ComplianceAsCodeService generateComplianceReport() should generate compliance report" name="ComplianceAsCodeService generateComplianceReport() should generate compliance report" time="0.002">
    </testcase>
    <testcase classname="ComplianceAsCodeService setupCIIntegration() should set up CI integration" name="ComplianceAsCodeService setupCIIntegration() should set up CI integration" time="0.001">
    </testcase>
    <testcase classname="ComplianceAsCodeService generateComplianceReport() - drift detection should detect compliance drift in report" name="ComplianceAsCodeService generateComplianceReport() - drift detection should detect compliance drift in report" time="0.002">
    </testcase>
  </testsuite>
</testsuites>