<?xml version="1.0" encoding="UTF-8"?>
<testsuites name="jest tests" tests="13" failures="12" errors="0" time="2.972">
  <testsuite name="FederatedSwarmService" errors="0" failures="12" skipped="0" timestamp="2026-02-06T04:52:48" time="1.625" tests="13">
    <testcase classname="FederatedSwarmService joinFederation should allow an organization to join the federation" name="FederatedSwarmService joinFederation should allow an organization to join the federation" time="0.106">
    </testcase>
    <testcase classname="FederatedSwarmService joinFederation should throw error if already a federation member" name="FederatedSwarmService joinFederation should throw error if already a federation member" time="0.004">
      <failure>TypeError: Cannot read properties of undefined (reading &apos;mockResolvedValue&apos;)
    at Object.&lt;anonymous&gt; (/home/user/ComplyEasyAI/server/src/__tests__/unit/services/advanced/federatedSwarmService.test.ts:42:66)
    at Promise.then.completed (/home/user/ComplyEasyAI/server/node_modules/jest-circus/build/utils.js:298:28)
    at new Promise (&lt;anonymous&gt;)
    at callAsyncCircusFn (/home/user/ComplyEasyAI/server/node_modules/jest-circus/build/utils.js:231:10)
    at _callCircusHook (/home/user/ComplyEasyAI/server/node_modules/jest-circus/build/run.js:281:40)
    at processTicksAndRejections (node:internal/process/task_queues:105:5)
    at _runTest (/home/user/ComplyEasyAI/server/node_modules/jest-circus/build/run.js:246:5)
    at _runTestsForDescribeBlock (/home/user/ComplyEasyAI/server/node_modules/jest-circus/build/run.js:126:9)
    at _runTestsForDescribeBlock (/home/user/ComplyEasyAI/server/node_modules/jest-circus/build/run.js:121:9)
    at _runTestsForDescribeBlock (/home/user/ComplyEasyAI/server/node_modules/jest-circus/build/run.js:121:9)
    at run (/home/user/ComplyEasyAI/server/node_modules/jest-circus/build/run.js:71:3)
    at runAndTransformResultsToJestFormat (/home/user/ComplyEasyAI/server/node_modules/jest-circus/build/legacy-code-todo-rewrite/jestAdapterInit.js:122:21)
    at jestAdapter (/home/user/ComplyEasyAI/server/node_modules/jest-circus/build/legacy-code-todo-rewrite/jestAdapter.js:79:19)
    at runTestInternal (/home/user/ComplyEasyAI/server/node_modules/jest-runner/build/runTest.js:367:16)
    at runTest (/home/user/ComplyEasyAI/server/node_modules/jest-runner/build/runTest.js:444:34)
    at Object.worker (/home/user/ComplyEasyAI/server/node_modules/jest-runner/build/testWorker.js:106:12)</failure>
    </testcase>
    <testcase classname="FederatedSwarmService leaveFederation should allow an organization to leave the federation" name="FederatedSwarmService leaveFederation should allow an organization to leave the federation" time="0.003">
      <failure>TypeError: Cannot read properties of undefined (reading &apos;mockResolvedValue&apos;)
    at Object.&lt;anonymous&gt; (/home/user/ComplyEasyAI/server/src/__tests__/unit/services/advanced/federatedSwarmService.test.ts:42:66)
    at Promise.then.completed (/home/user/ComplyEasyAI/server/node_modules/jest-circus/build/utils.js:298:28)
    at new Promise (&lt;anonymous&gt;)
    at callAsyncCircusFn (/home/user/ComplyEasyAI/server/node_modules/jest-circus/build/utils.js:231:10)
    at _callCircusHook (/home/user/ComplyEasyAI/server/node_modules/jest-circus/build/run.js:281:40)
    at processTicksAndRejections (node:internal/process/task_queues:105:5)
    at _runTest (/home/user/ComplyEasyAI/server/node_modules/jest-circus/build/run.js:246:5)
    at _runTestsForDescribeBlock (/home/user/ComplyEasyAI/server/node_modules/jest-circus/build/run.js:126:9)
    at _runTestsForDescribeBlock (/home/user/ComplyEasyAI/server/node_modules/jest-circus/build/run.js:121:9)
    at _runTestsForDescribeBlock (/home/user/ComplyEasyAI/server/node_modules/jest-circus/build/run.js:121:9)
    at run (/home/user/ComplyEasyAI/server/node_modules/jest-circus/build/run.js:71:3)
    at runAndTransformResultsToJestFormat (/home/user/ComplyEasyAI/server/node_modules/jest-circus/build/legacy-code-todo-rewrite/jestAdapterInit.js:122:21)
    at jestAdapter (/home/user/ComplyEasyAI/server/node_modules/jest-circus/build/legacy-code-todo-rewrite/jestAdapter.js:79:19)
    at runTestInternal (/home/user/ComplyEasyAI/server/node_modules/jest-runner/build/runTest.js:367:16)
    at runTest (/home/user/ComplyEasyAI/server/node_modules/jest-runner/build/runTest.js:444:34)
    at Object.worker (/home/user/ComplyEasyAI/server/node_modules/jest-runner/build/testWorker.js:106:12)</failure>
    </testcase>
    <testcase classname="FederatedSwarmService leaveFederation should handle database error when leaving" name="FederatedSwarmService leaveFederation should handle database error when leaving" time="0.003">
      <failure>TypeError: Cannot read properties of undefined (reading &apos;mockResolvedValue&apos;)
    at Object.&lt;anonymous&gt; (/home/user/ComplyEasyAI/server/src/__tests__/unit/services/advanced/federatedSwarmService.test.ts:42:66)
    at Promise.then.completed (/home/user/ComplyEasyAI/server/node_modules/jest-circus/build/utils.js:298:28)
    at new Promise (&lt;anonymous&gt;)
    at callAsyncCircusFn (/home/user/ComplyEasyAI/server/node_modules/jest-circus/build/utils.js:231:10)
    at _callCircusHook (/home/user/ComplyEasyAI/server/node_modules/jest-circus/build/run.js:281:40)
    at processTicksAndRejections (node:internal/process/task_queues:105:5)
    at _runTest (/home/user/ComplyEasyAI/server/node_modules/jest-circus/build/run.js:246:5)
    at _runTestsForDescribeBlock (/home/user/ComplyEasyAI/server/node_modules/jest-circus/build/run.js:126:9)
    at _runTestsForDescribeBlock (/home/user/ComplyEasyAI/server/node_modules/jest-circus/build/run.js:121:9)
    at _runTestsForDescribeBlock (/home/user/ComplyEasyAI/server/node_modules/jest-circus/build/run.js:121:9)
    at run (/home/user/ComplyEasyAI/server/node_modules/jest-circus/build/run.js:71:3)
    at runAndTransformResultsToJestFormat (/home/user/ComplyEasyAI/server/node_modules/jest-circus/build/legacy-code-todo-rewrite/jestAdapterInit.js:122:21)
    at jestAdapter (/home/user/ComplyEasyAI/server/node_modules/jest-circus/build/legacy-code-todo-rewrite/jestAdapter.js:79:19)
    at runTestInternal (/home/user/ComplyEasyAI/server/node_modules/jest-runner/build/runTest.js:367:16)
    at runTest (/home/user/ComplyEasyAI/server/node_modules/jest-runner/build/runTest.js:444:34)
    at Object.worker (/home/user/ComplyEasyAI/server/node_modules/jest-runner/build/testWorker.js:106:12)</failure>
    </testcase>
    <testcase classname="FederatedSwarmService contributeToFederation should accept a valid contribution" name="FederatedSwarmService contributeToFederation should accept a valid contribution" time="0.004">
      <failure>TypeError: Cannot read properties of undefined (reading &apos;mockResolvedValue&apos;)
    at Object.&lt;anonymous&gt; (/home/user/ComplyEasyAI/server/src/__tests__/unit/services/advanced/federatedSwarmService.test.ts:42:66)
    at Promise.then.completed (/home/user/ComplyEasyAI/server/node_modules/jest-circus/build/utils.js:298:28)
    at new Promise (&lt;anonymous&gt;)
    at callAsyncCircusFn (/home/user/ComplyEasyAI/server/node_modules/jest-circus/build/utils.js:231:10)
    at _callCircusHook (/home/user/ComplyEasyAI/server/node_modules/jest-circus/build/run.js:281:40)
    at processTicksAndRejections (node:internal/process/task_queues:105:5)
    at _runTest (/home/user/ComplyEasyAI/server/node_modules/jest-circus/build/run.js:246:5)
    at _runTestsForDescribeBlock (/home/user/ComplyEasyAI/server/node_modules/jest-circus/build/run.js:126:9)
    at _runTestsForDescribeBlock (/home/user/ComplyEasyAI/server/node_modules/jest-circus/build/run.js:121:9)
    at _runTestsForDescribeBlock (/home/user/ComplyEasyAI/server/node_modules/jest-circus/build/run.js:121:9)
    at run (/home/user/ComplyEasyAI/server/node_modules/jest-circus/build/run.js:71:3)
    at runAndTransformResultsToJestFormat (/home/user/ComplyEasyAI/server/node_modules/jest-circus/build/legacy-code-todo-rewrite/jestAdapterInit.js:122:21)
    at jestAdapter (/home/user/ComplyEasyAI/server/node_modules/jest-circus/build/legacy-code-todo-rewrite/jestAdapter.js:79:19)
    at runTestInternal (/home/user/ComplyEasyAI/server/node_modules/jest-runner/build/runTest.js:367:16)
    at runTest (/home/user/ComplyEasyAI/server/node_modules/jest-runner/build/runTest.js:444:34)
    at Object.worker (/home/user/ComplyEasyAI/server/node_modules/jest-runner/build/testWorker.js:106:12)</failure>
    </testcase>
    <testcase classname="FederatedSwarmService contributeToFederation should reject contribution when rate limited" name="FederatedSwarmService contributeToFederation should reject contribution when rate limited" time="0.003">
      <failure>TypeError: Cannot read properties of undefined (reading &apos;mockResolvedValue&apos;)
    at Object.&lt;anonymous&gt; (/home/user/ComplyEasyAI/server/src/__tests__/unit/services/advanced/federatedSwarmService.test.ts:42:66)
    at Promise.then.completed (/home/user/ComplyEasyAI/server/node_modules/jest-circus/build/utils.js:298:28)
    at new Promise (&lt;anonymous&gt;)
    at callAsyncCircusFn (/home/user/ComplyEasyAI/server/node_modules/jest-circus/build/utils.js:231:10)
    at _callCircusHook (/home/user/ComplyEasyAI/server/node_modules/jest-circus/build/run.js:281:40)
    at processTicksAndRejections (node:internal/process/task_queues:105:5)
    at _runTest (/home/user/ComplyEasyAI/server/node_modules/jest-circus/build/run.js:246:5)
    at _runTestsForDescribeBlock (/home/user/ComplyEasyAI/server/node_modules/jest-circus/build/run.js:126:9)
    at _runTestsForDescribeBlock (/home/user/ComplyEasyAI/server/node_modules/jest-circus/build/run.js:121:9)
    at _runTestsForDescribeBlock (/home/user/ComplyEasyAI/server/node_modules/jest-circus/build/run.js:121:9)
    at run (/home/user/ComplyEasyAI/server/node_modules/jest-circus/build/run.js:71:3)
    at runAndTransformResultsToJestFormat (/home/user/ComplyEasyAI/server/node_modules/jest-circus/build/legacy-code-todo-rewrite/jestAdapterInit.js:122:21)
    at jestAdapter (/home/user/ComplyEasyAI/server/node_modules/jest-circus/build/legacy-code-todo-rewrite/jestAdapter.js:79:19)
    at runTestInternal (/home/user/ComplyEasyAI/server/node_modules/jest-runner/build/runTest.js:367:16)
    at runTest (/home/user/ComplyEasyAI/server/node_modules/jest-runner/build/runTest.js:444:34)
    at Object.worker (/home/user/ComplyEasyAI/server/node_modules/jest-runner/build/testWorker.js:106:12)</failure>
    </testcase>
    <testcase classname="FederatedSwarmService contributeToFederation should reject invalid contribution metadata" name="FederatedSwarmService contributeToFederation should reject invalid contribution metadata" time="0.007">
      <failure>TypeError: Cannot read properties of undefined (reading &apos;mockResolvedValue&apos;)
    at Object.&lt;anonymous&gt; (/home/user/ComplyEasyAI/server/src/__tests__/unit/services/advanced/federatedSwarmService.test.ts:42:66)
    at Promise.then.completed (/home/user/ComplyEasyAI/server/node_modules/jest-circus/build/utils.js:298:28)
    at new Promise (&lt;anonymous&gt;)
    at callAsyncCircusFn (/home/user/ComplyEasyAI/server/node_modules/jest-circus/build/utils.js:231:10)
    at _callCircusHook (/home/user/ComplyEasyAI/server/node_modules/jest-circus/build/run.js:281:40)
    at processTicksAndRejections (node:internal/process/task_queues:105:5)
    at _runTest (/home/user/ComplyEasyAI/server/node_modules/jest-circus/build/run.js:246:5)
    at _runTestsForDescribeBlock (/home/user/ComplyEasyAI/server/node_modules/jest-circus/build/run.js:126:9)
    at _runTestsForDescribeBlock (/home/user/ComplyEasyAI/server/node_modules/jest-circus/build/run.js:121:9)
    at _runTestsForDescribeBlock (/home/user/ComplyEasyAI/server/node_modules/jest-circus/build/run.js:121:9)
    at run (/home/user/ComplyEasyAI/server/node_modules/jest-circus/build/run.js:71:3)
    at runAndTransformResultsToJestFormat (/home/user/ComplyEasyAI/server/node_modules/jest-circus/build/legacy-code-todo-rewrite/jestAdapterInit.js:122:21)
    at jestAdapter (/home/user/ComplyEasyAI/server/node_modules/jest-circus/build/legacy-code-todo-rewrite/jestAdapter.js:79:19)
    at runTestInternal (/home/user/ComplyEasyAI/server/node_modules/jest-runner/build/runTest.js:367:16)
    at runTest (/home/user/ComplyEasyAI/server/node_modules/jest-runner/build/runTest.js:444:34)
    at Object.worker (/home/user/ComplyEasyAI/server/node_modules/jest-runner/build/testWorker.js:106:12)</failure>
    </testcase>
    <testcase classname="FederatedSwarmService getSwarmInsights should return swarm insights for an organization" name="FederatedSwarmService getSwarmInsights should return swarm insights for an organization" time="0.003">
      <failure>TypeError: Cannot read properties of undefined (reading &apos;mockResolvedValue&apos;)
    at Object.&lt;anonymous&gt; (/home/user/ComplyEasyAI/server/src/__tests__/unit/services/advanced/federatedSwarmService.test.ts:42:66)
    at Promise.then.completed (/home/user/ComplyEasyAI/server/node_modules/jest-circus/build/utils.js:298:28)
    at new Promise (&lt;anonymous&gt;)
    at callAsyncCircusFn (/home/user/ComplyEasyAI/server/node_modules/jest-circus/build/utils.js:231:10)
    at _callCircusHook (/home/user/ComplyEasyAI/server/node_modules/jest-circus/build/run.js:281:40)
    at processTicksAndRejections (node:internal/process/task_queues:105:5)
    at _runTest (/home/user/ComplyEasyAI/server/node_modules/jest-circus/build/run.js:246:5)
    at _runTestsForDescribeBlock (/home/user/ComplyEasyAI/server/node_modules/jest-circus/build/run.js:126:9)
    at _runTestsForDescribeBlock (/home/user/ComplyEasyAI/server/node_modules/jest-circus/build/run.js:121:9)
    at _runTestsForDescribeBlock (/home/user/ComplyEasyAI/server/node_modules/jest-circus/build/run.js:121:9)
    at run (/home/user/ComplyEasyAI/server/node_modules/jest-circus/build/run.js:71:3)
    at runAndTransformResultsToJestFormat (/home/user/ComplyEasyAI/server/node_modules/jest-circus/build/legacy-code-todo-rewrite/jestAdapterInit.js:122:21)
    at jestAdapter (/home/user/ComplyEasyAI/server/node_modules/jest-circus/build/legacy-code-todo-rewrite/jestAdapter.js:79:19)
    at runTestInternal (/home/user/ComplyEasyAI/server/node_modules/jest-runner/build/runTest.js:367:16)
    at runTest (/home/user/ComplyEasyAI/server/node_modules/jest-runner/build/runTest.js:444:34)
    at Object.worker (/home/user/ComplyEasyAI/server/node_modules/jest-runner/build/testWorker.js:106:12)</failure>
    </testcase>
    <testcase classname="FederatedSwarmService getFederationStatus should return federation status for organization" name="FederatedSwarmService getFederationStatus should return federation status for organization" time="0.003">
      <failure>TypeError: Cannot read properties of undefined (reading &apos;mockResolvedValue&apos;)
    at Object.&lt;anonymous&gt; (/home/user/ComplyEasyAI/server/src/__tests__/unit/services/advanced/federatedSwarmService.test.ts:42:66)
    at Promise.then.completed (/home/user/ComplyEasyAI/server/node_modules/jest-circus/build/utils.js:298:28)
    at new Promise (&lt;anonymous&gt;)
    at callAsyncCircusFn (/home/user/ComplyEasyAI/server/node_modules/jest-circus/build/utils.js:231:10)
    at _callCircusHook (/home/user/ComplyEasyAI/server/node_modules/jest-circus/build/run.js:281:40)
    at processTicksAndRejections (node:internal/process/task_queues:105:5)
    at _runTest (/home/user/ComplyEasyAI/server/node_modules/jest-circus/build/run.js:246:5)
    at _runTestsForDescribeBlock (/home/user/ComplyEasyAI/server/node_modules/jest-circus/build/run.js:126:9)
    at _runTestsForDescribeBlock (/home/user/ComplyEasyAI/server/node_modules/jest-circus/build/run.js:121:9)
    at _runTestsForDescribeBlock (/home/user/ComplyEasyAI/server/node_modules/jest-circus/build/run.js:121:9)
    at run (/home/user/ComplyEasyAI/server/node_modules/jest-circus/build/run.js:71:3)
    at runAndTransformResultsToJestFormat (/home/user/ComplyEasyAI/server/node_modules/jest-circus/build/legacy-code-todo-rewrite/jestAdapterInit.js:122:21)
    at jestAdapter (/home/user/ComplyEasyAI/server/node_modules/jest-circus/build/legacy-code-todo-rewrite/jestAdapter.js:79:19)
    at runTestInternal (/home/user/ComplyEasyAI/server/node_modules/jest-runner/build/runTest.js:367:16)
    at runTest (/home/user/ComplyEasyAI/server/node_modules/jest-runner/build/runTest.js:444:34)
    at Object.worker (/home/user/ComplyEasyAI/server/node_modules/jest-runner/build/testWorker.js:106:12)</failure>
    </testcase>
    <testcase classname="FederatedSwarmService getFederatedModel should return a federated model" name="FederatedSwarmService getFederatedModel should return a federated model" time="0.004">
      <failure>TypeError: Cannot read properties of undefined (reading &apos;mockResolvedValue&apos;)
    at Object.&lt;anonymous&gt; (/home/user/ComplyEasyAI/server/src/__tests__/unit/services/advanced/federatedSwarmService.test.ts:42:66)
    at Promise.then.completed (/home/user/ComplyEasyAI/server/node_modules/jest-circus/build/utils.js:298:28)
    at new Promise (&lt;anonymous&gt;)
    at callAsyncCircusFn (/home/user/ComplyEasyAI/server/node_modules/jest-circus/build/utils.js:231:10)
    at _callCircusHook (/home/user/ComplyEasyAI/server/node_modules/jest-circus/build/run.js:281:40)
    at processTicksAndRejections (node:internal/process/task_queues:105:5)
    at _runTest (/home/user/ComplyEasyAI/server/node_modules/jest-circus/build/run.js:246:5)
    at _runTestsForDescribeBlock (/home/user/ComplyEasyAI/server/node_modules/jest-circus/build/run.js:126:9)
    at _runTestsForDescribeBlock (/home/user/ComplyEasyAI/server/node_modules/jest-circus/build/run.js:121:9)
    at _runTestsForDescribeBlock (/home/user/ComplyEasyAI/server/node_modules/jest-circus/build/run.js:121:9)
    at run (/home/user/ComplyEasyAI/server/node_modules/jest-circus/build/run.js:71:3)
    at runAndTransformResultsToJestFormat (/home/user/ComplyEasyAI/server/node_modules/jest-circus/build/legacy-code-todo-rewrite/jestAdapterInit.js:122:21)
    at jestAdapter (/home/user/ComplyEasyAI/server/node_modules/jest-circus/build/legacy-code-todo-rewrite/jestAdapter.js:79:19)
    at runTestInternal (/home/user/ComplyEasyAI/server/node_modules/jest-runner/build/runTest.js:367:16)
    at runTest (/home/user/ComplyEasyAI/server/node_modules/jest-runner/build/runTest.js:444:34)
    at Object.worker (/home/user/ComplyEasyAI/server/node_modules/jest-runner/build/testWorker.js:106:12)</failure>
    </testcase>
    <testcase classname="FederatedSwarmService benchmarkAgainstPeers should benchmark organization against peers" name="FederatedSwarmService benchmarkAgainstPeers should benchmark organization against peers" time="0.003">
      <failure>TypeError: Cannot read properties of undefined (reading &apos;mockResolvedValue&apos;)
    at Object.&lt;anonymous&gt; (/home/user/ComplyEasyAI/server/src/__tests__/unit/services/advanced/federatedSwarmService.test.ts:42:66)
    at Promise.then.completed (/home/user/ComplyEasyAI/server/node_modules/jest-circus/build/utils.js:298:28)
    at new Promise (&lt;anonymous&gt;)
    at callAsyncCircusFn (/home/user/ComplyEasyAI/server/node_modules/jest-circus/build/utils.js:231:10)
    at _callCircusHook (/home/user/ComplyEasyAI/server/node_modules/jest-circus/build/run.js:281:40)
    at processTicksAndRejections (node:internal/process/task_queues:105:5)
    at _runTest (/home/user/ComplyEasyAI/server/node_modules/jest-circus/build/run.js:246:5)
    at _runTestsForDescribeBlock (/home/user/ComplyEasyAI/server/node_modules/jest-circus/build/run.js:126:9)
    at _runTestsForDescribeBlock (/home/user/ComplyEasyAI/server/node_modules/jest-circus/build/run.js:121:9)
    at _runTestsForDescribeBlock (/home/user/ComplyEasyAI/server/node_modules/jest-circus/build/run.js:121:9)
    at run (/home/user/ComplyEasyAI/server/node_modules/jest-circus/build/run.js:71:3)
    at runAndTransformResultsToJestFormat (/home/user/ComplyEasyAI/server/node_modules/jest-circus/build/legacy-code-todo-rewrite/jestAdapterInit.js:122:21)
    at jestAdapter (/home/user/ComplyEasyAI/server/node_modules/jest-circus/build/legacy-code-todo-rewrite/jestAdapter.js:79:19)
    at runTestInternal (/home/user/ComplyEasyAI/server/node_modules/jest-runner/build/runTest.js:367:16)
    at runTest (/home/user/ComplyEasyAI/server/node_modules/jest-runner/build/runTest.js:444:34)
    at Object.worker (/home/user/ComplyEasyAI/server/node_modules/jest-runner/build/testWorker.js:106:12)</failure>
    </testcase>
    <testcase classname="FederatedSwarmService exportInsights should export insights in JSON format" name="FederatedSwarmService exportInsights should export insights in JSON format" time="0.003">
      <failure>TypeError: Cannot read properties of undefined (reading &apos;mockResolvedValue&apos;)
    at Object.&lt;anonymous&gt; (/home/user/ComplyEasyAI/server/src/__tests__/unit/services/advanced/federatedSwarmService.test.ts:42:66)
    at Promise.then.completed (/home/user/ComplyEasyAI/server/node_modules/jest-circus/build/utils.js:298:28)
    at new Promise (&lt;anonymous&gt;)
    at callAsyncCircusFn (/home/user/ComplyEasyAI/server/node_modules/jest-circus/build/utils.js:231:10)
    at _callCircusHook (/home/user/ComplyEasyAI/server/node_modules/jest-circus/build/run.js:281:40)
    at processTicksAndRejections (node:internal/process/task_queues:105:5)
    at _runTest (/home/user/ComplyEasyAI/server/node_modules/jest-circus/build/run.js:246:5)
    at _runTestsForDescribeBlock (/home/user/ComplyEasyAI/server/node_modules/jest-circus/build/run.js:126:9)
    at _runTestsForDescribeBlock (/home/user/ComplyEasyAI/server/node_modules/jest-circus/build/run.js:121:9)
    at _runTestsForDescribeBlock (/home/user/ComplyEasyAI/server/node_modules/jest-circus/build/run.js:121:9)
    at run (/home/user/ComplyEasyAI/server/node_modules/jest-circus/build/run.js:71:3)
    at runAndTransformResultsToJestFormat (/home/user/ComplyEasyAI/server/node_modules/jest-circus/build/legacy-code-todo-rewrite/jestAdapterInit.js:122:21)
    at jestAdapter (/home/user/ComplyEasyAI/server/node_modules/jest-circus/build/legacy-code-todo-rewrite/jestAdapter.js:79:19)
    at runTestInternal (/home/user/ComplyEasyAI/server/node_modules/jest-runner/build/runTest.js:367:16)
    at runTest (/home/user/ComplyEasyAI/server/node_modules/jest-runner/build/runTest.js:444:34)
    at Object.worker (/home/user/ComplyEasyAI/server/node_modules/jest-runner/build/testWorker.js:106:12)</failure>
    </testcase>
    <testcase classname="FederatedSwarmService exportInsights should export insights in CSV format" name="FederatedSwarmService exportInsights should export insights in CSV format" time="0.003">
      <failure>TypeError: Cannot read properties of undefined (reading &apos;mockResolvedValue&apos;)
    at Object.&lt;anonymous&gt; (/home/user/ComplyEasyAI/server/src/__tests__/unit/services/advanced/federatedSwarmService.test.ts:42:66)
    at Promise.then.completed (/home/user/ComplyEasyAI/server/node_modules/jest-circus/build/utils.js:298:28)
    at new Promise (&lt;anonymous&gt;)
    at callAsyncCircusFn (/home/user/ComplyEasyAI/server/node_modules/jest-circus/build/utils.js:231:10)
    at _callCircusHook (/home/user/ComplyEasyAI/server/node_modules/jest-circus/build/run.js:281:40)
    at processTicksAndRejections (node:internal/process/task_queues:105:5)
    at _runTest (/home/user/ComplyEasyAI/server/node_modules/jest-circus/build/run.js:246:5)
    at _runTestsForDescribeBlock (/home/user/ComplyEasyAI/server/node_modules/jest-circus/build/run.js:126:9)
    at _runTestsForDescribeBlock (/home/user/ComplyEasyAI/server/node_modules/jest-circus/build/run.js:121:9)
    at _runTestsForDescribeBlock (/home/user/ComplyEasyAI/server/node_modules/jest-circus/build/run.js:121:9)
    at run (/home/user/ComplyEasyAI/server/node_modules/jest-circus/build/run.js:71:3)
    at runAndTransformResultsToJestFormat (/home/user/ComplyEasyAI/server/node_modules/jest-circus/build/legacy-code-todo-rewrite/jestAdapterInit.js:122:21)
    at jestAdapter (/home/user/ComplyEasyAI/server/node_modules/jest-circus/build/legacy-code-todo-rewrite/jestAdapter.js:79:19)
    at runTestInternal (/home/user/ComplyEasyAI/server/node_modules/jest-runner/build/runTest.js:367:16)
    at runTest (/home/user/ComplyEasyAI/server/node_modules/jest-runner/build/runTest.js:444:34)
    at Object.worker (/home/user/ComplyEasyAI/server/node_modules/jest-runner/build/testWorker.js:106:12)</failure>
    </testcase>
  </testsuite>
</testsuites>