{"total": {"lines":{"total":21728,"covered":3784,"skipped":0,"pct":17.41},"statements":{"total":22632,"covered":3889,"skipped":0,"pct":17.18},"functions":{"total":3040,"covered":474,"skipped":0,"pct":15.59},"branches":{"total":9508,"covered":731,"skipped":0,"pct":7.68},"branchesTrue":{"total":0,"covered":0,"skipped":0,"pct":100}}
,"/Users/gverma/Desktop/AARAIK LLC/ComplyEasyAI/server/src/config/database.ts": {"lines":{"total":26,"covered":8,"skipped":0,"pct":30.76},"functions":{"total":4,"covered":0,"skipped":0,"pct":0},"statements":{"total":29,"covered":8,"skipped":0,"pct":27.58},"branches":{"total":6,"covered":0,"skipped":0,"pct":0}}
,"/Users/gverma/Desktop/AARAIK LLC/ComplyEasyAI/server/src/config/elasticsearch.ts": {"lines":{"total":25,"covered":20,"skipped":0,"pct":80},"functions":{"total":5,"covered":3,"skipped":0,"pct":60},"statements":{"total":25,"covered":20,"skipped":0,"pct":80},"branches":{"total":16,"covered":8,"skipped":0,"pct":50}}
,"/Users/gverma/Desktop/AARAIK LLC/ComplyEasyAI/server/src/config/features.ts": {"lines":{"total":32,"covered":8,"skipped":0,"pct":25},"functions":{"total":8,"covered":0,"skipped":0,"pct":0},"statements":{"total":36,"covered":8,"skipped":0,"pct":22.22},"branches":{"total":10,"covered":0,"skipped":0,"pct":0}}
,"/Users/gverma/Desktop/AARAIK LLC/ComplyEasyAI/server/src/config/index.ts": {"lines":{"total":57,"covered":32,"skipped":0,"pct":56.14},"functions":{"total":3,"covered":1,"skipped":0,"pct":33.33},"statements":{"total":59,"covered":33,"skipped":0,"pct":55.93},"branches":{"total":125,"covered":58,"skipped":0,"pct":46.4}}
,"/Users/gverma/Desktop/AARAIK LLC/ComplyEasyAI/server/src/config/logger.ts": {"lines":{"total":30,"covered":28,"skipped":0,"pct":93.33},"functions":{"total":2,"covered":2,"skipped":0,"pct":100},"statements":{"total":30,"covered":28,"skipped":0,"pct":93.33},"branches":{"total":13,"covered":10,"skipped":0,"pct":76.92}}
,"/Users/gverma/Desktop/AARAIK LLC/ComplyEasyAI/server/src/config/monitoring.ts": {"lines":{"total":79,"covered":45,"skipped":0,"pct":56.96},"functions":{"total":16,"covered":11,"skipped":0,"pct":68.75},"statements":{"total":79,"covered":45,"skipped":0,"pct":56.96},"branches":{"total":56,"covered":26,"skipped":0,"pct":46.42}}
,"/Users/gverma/Desktop/AARAIK LLC/ComplyEasyAI/server/src/config/performanceMonitoring.ts": {"lines":{"total":84,"covered":41,"skipped":0,"pct":48.8},"functions":{"total":27,"covered":10,"skipped":0,"pct":37.03},"statements":{"total":95,"covered":43,"skipped":0,"pct":45.26},"branches":{"total":31,"covered":13,"skipped":0,"pct":41.93}}
,"/Users/gverma/Desktop/AARAIK LLC/ComplyEasyAI/server/src/config/swagger.ts": {"lines":{"total":5,"covered":5,"skipped":0,"pct":100},"functions":{"total":0,"covered":0,"skipped":0,"pct":100},"statements":{"total":5,"covered":5,"skipped":0,"pct":100},"branches":{"total":0,"covered":0,"skipped":0,"pct":100}}
,"/Users/gverma/Desktop/AARAIK LLC/ComplyEasyAI/server/src/config/tiers.ts": {"lines":{"total":57,"covered":23,"skipped":0,"pct":40.35},"functions":{"total":14,"covered":0,"skipped":0,"pct":0},"statements":{"total":61,"covered":23,"skipped":0,"pct":37.7},"branches":{"total":7,"covered":0,"skipped":0,"pct":0}}
,"/Users/gverma/Desktop/AARAIK LLC/ComplyEasyAI/server/src/controllers/acosController.ts": {"lines":{"total":1584,"covered":202,"skipped":0,"pct":12.75},"functions":{"total":186,"covered":1,"skipped":0,"pct":0.53},"statements":{"total":1616,"covered":202,"skipped":0,"pct":12.5},"branches":{"total":311,"covered":0,"skipped":0,"pct":0}}
,"/Users/gverma/Desktop/AARAIK LLC/ComplyEasyAI/server/src/controllers/aiController.ts": {"lines":{"total":107,"covered":48,"skipped":0,"pct":44.85},"functions":{"total":11,"covered":6,"skipped":0,"pct":54.54},"statements":{"total":112,"covered":48,"skipped":0,"pct":42.85},"branches":{"total":43,"covered":9,"skipped":0,"pct":20.93}}
,"/Users/gverma/Desktop/AARAIK LLC/ComplyEasyAI/server/src/controllers/aiRmfController.ts": {"lines":{"total":238,"covered":24,"skipped":0,"pct":10.08},"functions":{"total":21,"covered":1,"skipped":0,"pct":4.76},"statements":{"total":241,"covered":24,"skipped":0,"pct":9.95},"branches":{"total":43,"covered":0,"skipped":0,"pct":0}}
,"/Users/gverma/Desktop/AARAIK LLC/ComplyEasyAI/server/src/controllers/auditController.ts": {"lines":{"total":45,"covered":8,"skipped":0,"pct":17.77},"functions":{"total":7,"covered":1,"skipped":0,"pct":14.28},"statements":{"total":52,"covered":8,"skipped":0,"pct":15.38},"branches":{"total":33,"covered":0,"skipped":0,"pct":0}}
,"/Users/gverma/Desktop/AARAIK LLC/ComplyEasyAI/server/src/controllers/authController.ts": {"lines":{"total":283,"covered":95,"skipped":0,"pct":33.56},"functions":{"total":16,"covered":4,"skipped":0,"pct":25},"statements":{"total":305,"covered":98,"skipped":0,"pct":32.13},"branches":{"total":138,"covered":20,"skipped":0,"pct":14.49}}
,"/Users/gverma/Desktop/AARAIK LLC/ComplyEasyAI/server/src/controllers/billingController.ts": {"lines":{"total":303,"covered":248,"skipped":0,"pct":81.84},"functions":{"total":35,"covered":32,"skipped":0,"pct":91.42},"statements":{"total":334,"covered":266,"skipped":0,"pct":79.64},"branches":{"total":78,"covered":43,"skipped":0,"pct":55.12}}
,"/Users/gverma/Desktop/AARAIK LLC/ComplyEasyAI/server/src/controllers/controlMappingsController.ts": {"lines":{"total":69,"covered":9,"skipped":0,"pct":13.04},"functions":{"total":6,"covered":1,"skipped":0,"pct":16.66},"statements":{"total":73,"covered":9,"skipped":0,"pct":12.32},"branches":{"total":38,"covered":0,"skipped":0,"pct":0}}
,"/Users/gverma/Desktop/AARAIK LLC/ComplyEasyAI/server/src/controllers/demoController.ts": {"lines":{"total":177,"covered":7,"skipped":0,"pct":3.95},"functions":{"total":18,"covered":0,"skipped":0,"pct":0},"statements":{"total":178,"covered":7,"skipped":0,"pct":3.93},"branches":{"total":97,"covered":0,"skipped":0,"pct":0}}
,"/Users/gverma/Desktop/AARAIK LLC/ComplyEasyAI/server/src/controllers/euRegulationsController.ts": {"lines":{"total":447,"covered":46,"skipped":0,"pct":10.29},"functions":{"total":41,"covered":1,"skipped":0,"pct":2.43},"statements":{"total":447,"covered":46,"skipped":0,"pct":10.29},"branches":{"total":82,"covered":0,"skipped":0,"pct":0}}
,"/Users/gverma/Desktop/AARAIK LLC/ComplyEasyAI/server/src/controllers/evidenceVersioningController.ts": {"lines":{"total":77,"covered":9,"skipped":0,"pct":11.68},"functions":{"total":5,"covered":1,"skipped":0,"pct":20},"statements":{"total":81,"covered":9,"skipped":0,"pct":11.11},"branches":{"total":30,"covered":0,"skipped":0,"pct":0}}
,"/Users/gverma/Desktop/AARAIK LLC/ComplyEasyAI/server/src/controllers/frameworksController.ts": {"lines":{"total":464,"covered":81,"skipped":0,"pct":17.45},"functions":{"total":41,"covered":7,"skipped":0,"pct":17.07},"statements":{"total":498,"covered":82,"skipped":0,"pct":16.46},"branches":{"total":188,"covered":11,"skipped":0,"pct":5.85}}
,"/Users/gverma/Desktop/AARAIK LLC/ComplyEasyAI/server/src/controllers/integrationsController.ts": {"lines":{"total":561,"covered":84,"skipped":0,"pct":14.97},"functions":{"total":38,"covered":6,"skipped":0,"pct":15.78},"statements":{"total":597,"covered":115,"skipped":0,"pct":19.26},"branches":{"total":193,"covered":7,"skipped":0,"pct":3.62}}
,"/Users/gverma/Desktop/AARAIK LLC/ComplyEasyAI/server/src/controllers/organizationController.ts": {"lines":{"total":40,"covered":7,"skipped":0,"pct":17.5},"functions":{"total":3,"covered":1,"skipped":0,"pct":33.33},"statements":{"total":44,"covered":7,"skipped":0,"pct":15.9},"branches":{"total":16,"covered":0,"skipped":0,"pct":0}}
,"/Users/gverma/Desktop/AARAIK LLC/ComplyEasyAI/server/src/controllers/risksController.ts": {"lines":{"total":180,"covered":52,"skipped":0,"pct":28.88},"functions":{"total":12,"covered":4,"skipped":0,"pct":33.33},"statements":{"total":185,"covered":53,"skipped":0,"pct":28.64},"branches":{"total":120,"covered":28,"skipped":0,"pct":23.33}}
,"/Users/gverma/Desktop/AARAIK LLC/ComplyEasyAI/server/src/controllers/securityController.ts": {"lines":{"total":426,"covered":206,"skipped":0,"pct":48.35},"functions":{"total":48,"covered":25,"skipped":0,"pct":52.08},"statements":{"total":427,"covered":207,"skipped":0,"pct":48.47},"branches":{"total":202,"covered":47,"skipped":0,"pct":23.26}}
,"/Users/gverma/Desktop/AARAIK LLC/ComplyEasyAI/server/src/controllers/twoFactorController.ts": {"lines":{"total":91,"covered":39,"skipped":0,"pct":42.85},"functions":{"total":7,"covered":4,"skipped":0,"pct":57.14},"statements":{"total":98,"covered":46,"skipped":0,"pct":46.93},"branches":{"total":24,"covered":2,"skipped":0,"pct":8.33}}
,"/Users/gverma/Desktop/AARAIK LLC/ComplyEasyAI/server/src/controllers/webhookController.ts": {"lines":{"total":233,"covered":153,"skipped":0,"pct":65.66},"functions":{"total":25,"covered":19,"skipped":0,"pct":76},"statements":{"total":240,"covered":158,"skipped":0,"pct":65.83},"branches":{"total":48,"covered":27,"skipped":0,"pct":56.25}}
,"/Users/gverma/Desktop/AARAIK LLC/ComplyEasyAI/server/src/data/nistAiRmfData.ts": {"lines":{"total":3,"covered":3,"skipped":0,"pct":100},"functions":{"total":0,"covered":0,"skipped":0,"pct":100},"statements":{"total":3,"covered":3,"skipped":0,"pct":100},"branches":{"total":0,"covered":0,"skipped":0,"pct":100}}
,"/Users/gverma/Desktop/AARAIK LLC/ComplyEasyAI/server/src/middleware/auth.ts": {"lines":{"total":55,"covered":35,"skipped":0,"pct":63.63},"functions":{"total":7,"covered":5,"skipped":0,"pct":71.42},"statements":{"total":59,"covered":39,"skipped":0,"pct":66.1},"branches":{"total":7,"covered":4,"skipped":0,"pct":57.14}}
,"/Users/gverma/Desktop/AARAIK LLC/ComplyEasyAI/server/src/middleware/errorHandler.ts": {"lines":{"total":17,"covered":14,"skipped":0,"pct":82.35},"functions":{"total":3,"covered":3,"skipped":0,"pct":100},"statements":{"total":19,"covered":16,"skipped":0,"pct":84.21},"branches":{"total":7,"covered":2,"skipped":0,"pct":28.57}}
,"/Users/gverma/Desktop/AARAIK LLC/ComplyEasyAI/server/src/middleware/monitoring.ts": {"lines":{"total":46,"covered":40,"skipped":0,"pct":86.95},"functions":{"total":4,"covered":3,"skipped":0,"pct":75},"statements":{"total":46,"covered":40,"skipped":0,"pct":86.95},"branches":{"total":18,"covered":14,"skipped":0,"pct":77.77}}
,"/Users/gverma/Desktop/AARAIK LLC/ComplyEasyAI/server/src/middleware/rateLimiter.ts": {"lines":{"total":17,"covered":13,"skipped":0,"pct":76.47},"functions":{"total":1,"covered":1,"skipped":0,"pct":100},"statements":{"total":17,"covered":13,"skipped":0,"pct":76.47},"branches":{"total":23,"covered":13,"skipped":0,"pct":56.52}}
,"/Users/gverma/Desktop/AARAIK LLC/ComplyEasyAI/server/src/middleware/tierMiddleware.ts": {"lines":{"total":123,"covered":0,"skipped":0,"pct":0},"functions":{"total":21,"covered":0,"skipped":0,"pct":0},"statements":{"total":125,"covered":0,"skipped":0,"pct":0},"branches":{"total":30,"covered":0,"skipped":0,"pct":0}}
,"/Users/gverma/Desktop/AARAIK LLC/ComplyEasyAI/server/src/routes/acos.ts": {"lines":{"total":186,"covered":186,"skipped":0,"pct":100},"functions":{"total":0,"covered":0,"skipped":0,"pct":100},"statements":{"total":186,"covered":186,"skipped":0,"pct":100},"branches":{"total":0,"covered":0,"skipped":0,"pct":100}}
,"/Users/gverma/Desktop/AARAIK LLC/ComplyEasyAI/server/src/routes/ai.ts": {"lines":{"total":19,"covered":19,"skipped":0,"pct":100},"functions":{"total":0,"covered":0,"skipped":0,"pct":100},"statements":{"total":19,"covered":19,"skipped":0,"pct":100},"branches":{"total":0,"covered":0,"skipped":0,"pct":100}}
,"/Users/gverma/Desktop/AARAIK LLC/ComplyEasyAI/server/src/routes/aiRmf.ts": {"lines":{"total":27,"covered":27,"skipped":0,"pct":100},"functions":{"total":0,"covered":0,"skipped":0,"pct":100},"statements":{"total":27,"covered":27,"skipped":0,"pct":100},"branches":{"total":0,"covered":0,"skipped":0,"pct":100}}
,"/Users/gverma/Desktop/AARAIK LLC/ComplyEasyAI/server/src/routes/audit.ts": {"lines":{"total":9,"covered":9,"skipped":0,"pct":100},"functions":{"total":0,"covered":0,"skipped":0,"pct":100},"statements":{"total":9,"covered":9,"skipped":0,"pct":100},"branches":{"total":0,"covered":0,"skipped":0,"pct":100}}
,"/Users/gverma/Desktop/AARAIK LLC/ComplyEasyAI/server/src/routes/auth.ts": {"lines":{"total":19,"covered":19,"skipped":0,"pct":100},"functions":{"total":0,"covered":0,"skipped":0,"pct":100},"statements":{"total":19,"covered":19,"skipped":0,"pct":100},"branches":{"total":0,"covered":0,"skipped":0,"pct":100}}
,"/Users/gverma/Desktop/AARAIK LLC/ComplyEasyAI/server/src/routes/billing.ts": {"lines":{"total":28,"covered":28,"skipped":0,"pct":100},"functions":{"total":0,"covered":0,"skipped":0,"pct":100},"statements":{"total":28,"covered":28,"skipped":0,"pct":100},"branches":{"total":0,"covered":0,"skipped":0,"pct":100}}
,"/Users/gverma/Desktop/AARAIK LLC/ComplyEasyAI/server/src/routes/controlMappings.ts": {"lines":{"total":11,"covered":11,"skipped":0,"pct":100},"functions":{"total":0,"covered":0,"skipped":0,"pct":100},"statements":{"total":11,"covered":11,"skipped":0,"pct":100},"branches":{"total":0,"covered":0,"skipped":0,"pct":100}}
,"/Users/gverma/Desktop/AARAIK LLC/ComplyEasyAI/server/src/routes/demo.ts": {"lines":{"total":14,"covered":14,"skipped":0,"pct":100},"functions":{"total":0,"covered":0,"skipped":0,"pct":100},"statements":{"total":14,"covered":14,"skipped":0,"pct":100},"branches":{"total":0,"covered":0,"skipped":0,"pct":100}}
,"/Users/gverma/Desktop/AARAIK LLC/ComplyEasyAI/server/src/routes/enterprise.ts": {"lines":{"total":155,"covered":79,"skipped":0,"pct":50.96},"functions":{"total":38,"covered":0,"skipped":0,"pct":0},"statements":{"total":155,"covered":79,"skipped":0,"pct":50.96},"branches":{"total":6,"covered":0,"skipped":0,"pct":0}}
,"/Users/gverma/Desktop/AARAIK LLC/ComplyEasyAI/server/src/routes/euRegulations.ts": {"lines":{"total":46,"covered":46,"skipped":0,"pct":100},"functions":{"total":0,"covered":0,"skipped":0,"pct":100},"statements":{"total":46,"covered":46,"skipped":0,"pct":100},"branches":{"total":0,"covered":0,"skipped":0,"pct":100}}
,"/Users/gverma/Desktop/AARAIK LLC/ComplyEasyAI/server/src/routes/evidenceVersions.ts": {"lines":{"total":11,"covered":11,"skipped":0,"pct":100},"functions":{"total":0,"covered":0,"skipped":0,"pct":100},"statements":{"total":11,"covered":11,"skipped":0,"pct":100},"branches":{"total":0,"covered":0,"skipped":0,"pct":100}}
,"/Users/gverma/Desktop/AARAIK LLC/ComplyEasyAI/server/src/routes/frameworks.ts": {"lines":{"total":27,"covered":27,"skipped":0,"pct":100},"functions":{"total":0,"covered":0,"skipped":0,"pct":100},"statements":{"total":27,"covered":27,"skipped":0,"pct":100},"branches":{"total":0,"covered":0,"skipped":0,"pct":100}}
,"/Users/gverma/Desktop/AARAIK LLC/ComplyEasyAI/server/src/routes/integrations.ts": {"lines":{"total":36,"covered":36,"skipped":0,"pct":100},"functions":{"total":0,"covered":0,"skipped":0,"pct":100},"statements":{"total":36,"covered":36,"skipped":0,"pct":100},"branches":{"total":0,"covered":0,"skipped":0,"pct":100}}
,"/Users/gverma/Desktop/AARAIK LLC/ComplyEasyAI/server/src/routes/organization.ts": {"lines":{"total":10,"covered":10,"skipped":0,"pct":100},"functions":{"total":0,"covered":0,"skipped":0,"pct":100},"statements":{"total":10,"covered":10,"skipped":0,"pct":100},"branches":{"total":0,"covered":0,"skipped":0,"pct":100}}
,"/Users/gverma/Desktop/AARAIK LLC/ComplyEasyAI/server/src/routes/personnel.ts": {"lines":{"total":31,"covered":15,"skipped":0,"pct":48.38},"functions":{"total":8,"covered":0,"skipped":0,"pct":0},"statements":{"total":31,"covered":15,"skipped":0,"pct":48.38},"branches":{"total":0,"covered":0,"skipped":0,"pct":100}}
,"/Users/gverma/Desktop/AARAIK LLC/ComplyEasyAI/server/src/routes/risks.ts": {"lines":{"total":15,"covered":15,"skipped":0,"pct":100},"functions":{"total":0,"covered":0,"skipped":0,"pct":100},"statements":{"total":15,"covered":15,"skipped":0,"pct":100},"branches":{"total":0,"covered":0,"skipped":0,"pct":100}}
,"/Users/gverma/Desktop/AARAIK LLC/ComplyEasyAI/server/src/routes/security.ts": {"lines":{"total":52,"covered":52,"skipped":0,"pct":100},"functions":{"total":0,"covered":0,"skipped":0,"pct":100},"statements":{"total":52,"covered":52,"skipped":0,"pct":100},"branches":{"total":0,"covered":0,"skipped":0,"pct":100}}
,"/Users/gverma/Desktop/AARAIK LLC/ComplyEasyAI/server/src/routes/team.ts": {"lines":{"total":130,"covered":13,"skipped":0,"pct":10},"functions":{"total":11,"covered":0,"skipped":0,"pct":0},"statements":{"total":132,"covered":13,"skipped":0,"pct":9.84},"branches":{"total":45,"covered":0,"skipped":0,"pct":0}}
,"/Users/gverma/Desktop/AARAIK LLC/ComplyEasyAI/server/src/routes/twoFactor.ts": {"lines":{"total":13,"covered":13,"skipped":0,"pct":100},"functions":{"total":0,"covered":0,"skipped":0,"pct":100},"statements":{"total":13,"covered":13,"skipped":0,"pct":100},"branches":{"total":0,"covered":0,"skipped":0,"pct":100}}
,"/Users/gverma/Desktop/AARAIK LLC/ComplyEasyAI/server/src/routes/vendors.ts": {"lines":{"total":25,"covered":13,"skipped":0,"pct":52},"functions":{"total":6,"covered":0,"skipped":0,"pct":0},"statements":{"total":25,"covered":13,"skipped":0,"pct":52},"branches":{"total":0,"covered":0,"skipped":0,"pct":100}}
,"/Users/gverma/Desktop/AARAIK LLC/ComplyEasyAI/server/src/routes/webhooks.ts": {"lines":{"total":69,"covered":33,"skipped":0,"pct":47.82},"functions":{"total":5,"covered":1,"skipped":0,"pct":20},"statements":{"total":69,"covered":33,"skipped":0,"pct":47.82},"branches":{"total":19,"covered":0,"skipped":0,"pct":0}}
,"/Users/gverma/Desktop/AARAIK LLC/ComplyEasyAI/server/src/scripts/optimize-endpoints.ts": {"lines":{"total":97,"covered":0,"skipped":0,"pct":0},"functions":{"total":20,"covered":0,"skipped":0,"pct":0},"statements":{"total":105,"covered":0,"skipped":0,"pct":0},"branches":{"total":23,"covered":0,"skipped":0,"pct":0}}
,"/Users/gverma/Desktop/AARAIK LLC/ComplyEasyAI/server/src/scripts/performance-test.ts": {"lines":{"total":81,"covered":0,"skipped":0,"pct":0},"functions":{"total":13,"covered":0,"skipped":0,"pct":0},"statements":{"total":82,"covered":0,"skipped":0,"pct":0},"branches":{"total":7,"covered":0,"skipped":0,"pct":0}}
,"/Users/gverma/Desktop/AARAIK LLC/ComplyEasyAI/server/src/services/aiRmfService.ts": {"lines":{"total":347,"covered":6,"skipped":0,"pct":1.72},"functions":{"total":49,"covered":0,"skipped":0,"pct":0},"statements":{"total":376,"covered":6,"skipped":0,"pct":1.59},"branches":{"total":150,"covered":0,"skipped":0,"pct":0}}
,"/Users/gverma/Desktop/AARAIK LLC/ComplyEasyAI/server/src/services/emailService.ts": {"lines":{"total":43,"covered":25,"skipped":0,"pct":58.13},"functions":{"total":5,"covered":3,"skipped":0,"pct":60},"statements":{"total":43,"covered":25,"skipped":0,"pct":58.13},"branches":{"total":16,"covered":8,"skipped":0,"pct":50}}
,"/Users/gverma/Desktop/AARAIK LLC/ComplyEasyAI/server/src/services/featureService.ts": {"lines":{"total":113,"covered":9,"skipped":0,"pct":7.96},"functions":{"total":10,"covered":0,"skipped":0,"pct":0},"statements":{"total":113,"covered":9,"skipped":0,"pct":7.96},"branches":{"total":55,"covered":0,"skipped":0,"pct":0}}
,"/Users/gverma/Desktop/AARAIK LLC/ComplyEasyAI/server/src/services/geminiService.ts": {"lines":{"total":174,"covered":47,"skipped":0,"pct":27.01},"functions":{"total":24,"covered":12,"skipped":0,"pct":50},"statements":{"total":178,"covered":49,"skipped":0,"pct":27.52},"branches":{"total":109,"covered":17,"skipped":0,"pct":15.59}}
,"/Users/gverma/Desktop/AARAIK LLC/ComplyEasyAI/server/src/services/issueManagementService.ts": {"lines":{"total":102,"covered":66,"skipped":0,"pct":64.7},"functions":{"total":37,"covered":33,"skipped":0,"pct":89.18},"statements":{"total":110,"covered":71,"skipped":0,"pct":64.54},"branches":{"total":49,"covered":29,"skipped":0,"pct":59.18}}
,"/Users/gverma/Desktop/AARAIK LLC/ComplyEasyAI/server/src/services/monitoringService.ts": {"lines":{"total":62,"covered":32,"skipped":0,"pct":51.61},"functions":{"total":28,"covered":7,"skipped":0,"pct":25},"statements":{"total":63,"covered":33,"skipped":0,"pct":52.38},"branches":{"total":47,"covered":17,"skipped":0,"pct":36.17}}
,"/Users/gverma/Desktop/AARAIK LLC/ComplyEasyAI/server/src/services/multiWorkspaceService.ts": {"lines":{"total":52,"covered":15,"skipped":0,"pct":28.84},"functions":{"total":23,"covered":2,"skipped":0,"pct":8.69},"statements":{"total":54,"covered":15,"skipped":0,"pct":27.77},"branches":{"total":16,"covered":5,"skipped":0,"pct":31.25}}
,"/Users/gverma/Desktop/AARAIK LLC/ComplyEasyAI/server/src/services/notificationService.ts": {"lines":{"total":150,"covered":25,"skipped":0,"pct":16.66},"functions":{"total":18,"covered":5,"skipped":0,"pct":27.77},"statements":{"total":156,"covered":25,"skipped":0,"pct":16.02},"branches":{"total":112,"covered":1,"skipped":0,"pct":0.89}}
,"/Users/gverma/Desktop/AARAIK LLC/ComplyEasyAI/server/src/services/personnelService.ts": {"lines":{"total":43,"covered":18,"skipped":0,"pct":41.86},"functions":{"total":17,"covered":5,"skipped":0,"pct":29.41},"statements":{"total":43,"covered":18,"skipped":0,"pct":41.86},"branches":{"total":21,"covered":10,"skipped":0,"pct":47.61}}
,"/Users/gverma/Desktop/AARAIK LLC/ComplyEasyAI/server/src/services/policyLibraryService.ts": {"lines":{"total":44,"covered":11,"skipped":0,"pct":25},"functions":{"total":17,"covered":3,"skipped":0,"pct":17.64},"statements":{"total":44,"covered":11,"skipped":0,"pct":25},"branches":{"total":24,"covered":6,"skipped":0,"pct":25}}
,"/Users/gverma/Desktop/AARAIK LLC/ComplyEasyAI/server/src/services/questionnaireService.ts": {"lines":{"total":154,"covered":19,"skipped":0,"pct":12.33},"functions":{"total":40,"covered":4,"skipped":0,"pct":10},"statements":{"total":156,"covered":19,"skipped":0,"pct":12.17},"branches":{"total":72,"covered":12,"skipped":0,"pct":16.66}}
,"/Users/gverma/Desktop/AARAIK LLC/ComplyEasyAI/server/src/services/reportingService.ts": {"lines":{"total":117,"covered":43,"skipped":0,"pct":36.75},"functions":{"total":63,"covered":27,"skipped":0,"pct":42.85},"statements":{"total":121,"covered":44,"skipped":0,"pct":36.36},"branches":{"total":34,"covered":13,"skipped":0,"pct":38.23}}
,"/Users/gverma/Desktop/AARAIK LLC/ComplyEasyAI/server/src/services/riskManagementService.ts": {"lines":{"total":115,"covered":74,"skipped":0,"pct":64.34},"functions":{"total":48,"covered":33,"skipped":0,"pct":68.75},"statements":{"total":122,"covered":77,"skipped":0,"pct":63.11},"branches":{"total":67,"covered":27,"skipped":0,"pct":40.29}}
,"/Users/gverma/Desktop/AARAIK LLC/ComplyEasyAI/server/src/services/s3Service.ts": {"lines":{"total":118,"covered":44,"skipped":0,"pct":37.28},"functions":{"total":12,"covered":5,"skipped":0,"pct":41.66},"statements":{"total":119,"covered":44,"skipped":0,"pct":36.97},"branches":{"total":56,"covered":14,"skipped":0,"pct":25}}
,"/Users/gverma/Desktop/AARAIK LLC/ComplyEasyAI/server/src/services/secureChatService.ts": {"lines":{"total":316,"covered":6,"skipped":0,"pct":1.89},"functions":{"total":43,"covered":0,"skipped":0,"pct":0},"statements":{"total":339,"covered":6,"skipped":0,"pct":1.76},"branches":{"total":244,"covered":0,"skipped":0,"pct":0}}
,"/Users/gverma/Desktop/AARAIK LLC/ComplyEasyAI/server/src/services/sessionManagementService.ts": {"lines":{"total":142,"covered":15,"skipped":0,"pct":10.56},"functions":{"total":28,"covered":2,"skipped":0,"pct":7.14},"statements":{"total":142,"covered":15,"skipped":0,"pct":10.56},"branches":{"total":43,"covered":8,"skipped":0,"pct":18.6}}
,"/Users/gverma/Desktop/AARAIK LLC/ComplyEasyAI/server/src/services/stripeService.ts": {"lines":{"total":315,"covered":30,"skipped":0,"pct":9.52},"functions":{"total":26,"covered":4,"skipped":0,"pct":15.38},"statements":{"total":328,"covered":30,"skipped":0,"pct":9.14},"branches":{"total":173,"covered":24,"skipped":0,"pct":13.87}}
,"/Users/gverma/Desktop/AARAIK LLC/ComplyEasyAI/server/src/services/tierService.ts": {"lines":{"total":159,"covered":4,"skipped":0,"pct":2.51},"functions":{"total":18,"covered":0,"skipped":0,"pct":0},"statements":{"total":160,"covered":4,"skipped":0,"pct":2.5},"branches":{"total":87,"covered":0,"skipped":0,"pct":0}}
,"/Users/gverma/Desktop/AARAIK LLC/ComplyEasyAI/server/src/services/trustCenterService.ts": {"lines":{"total":29,"covered":13,"skipped":0,"pct":44.82},"functions":{"total":10,"covered":3,"skipped":0,"pct":30},"statements":{"total":31,"covered":14,"skipped":0,"pct":45.16},"branches":{"total":8,"covered":3,"skipped":0,"pct":37.5}}
,"/Users/gverma/Desktop/AARAIK LLC/ComplyEasyAI/server/src/services/twoFactorService.ts": {"lines":{"total":121,"covered":84,"skipped":0,"pct":69.42},"functions":{"total":14,"covered":11,"skipped":0,"pct":78.57},"statements":{"total":122,"covered":85,"skipped":0,"pct":69.67},"branches":{"total":24,"covered":14,"skipped":0,"pct":58.33}}
,"/Users/gverma/Desktop/AARAIK LLC/ComplyEasyAI/server/src/services/vendorRiskService.ts": {"lines":{"total":82,"covered":74,"skipped":0,"pct":90.24},"functions":{"total":38,"covered":36,"skipped":0,"pct":94.73},"statements":{"total":90,"covered":80,"skipped":0,"pct":88.88},"branches":{"total":33,"covered":25,"skipped":0,"pct":75.75}}
,"/Users/gverma/Desktop/AARAIK LLC/ComplyEasyAI/server/src/services/visionaryAIService.ts": {"lines":{"total":177,"covered":33,"skipped":0,"pct":18.64},"functions":{"total":47,"covered":4,"skipped":0,"pct":8.51},"statements":{"total":184,"covered":33,"skipped":0,"pct":17.93},"branches":{"total":73,"covered":3,"skipped":0,"pct":4.1}}
,"/Users/gverma/Desktop/AARAIK LLC/ComplyEasyAI/server/src/services/webhookService.ts": {"lines":{"total":149,"covered":7,"skipped":0,"pct":4.69},"functions":{"total":24,"covered":1,"skipped":0,"pct":4.16},"statements":{"total":154,"covered":7,"skipped":0,"pct":4.54},"branches":{"total":44,"covered":0,"skipped":0,"pct":0}}
,"/Users/gverma/Desktop/AARAIK LLC/ComplyEasyAI/server/src/services/websocketService.ts": {"lines":{"total":89,"covered":12,"skipped":0,"pct":13.48},"functions":{"total":22,"covered":2,"skipped":0,"pct":9.09},"statements":{"total":93,"covered":12,"skipped":0,"pct":12.9},"branches":{"total":20,"covered":0,"skipped":0,"pct":0}}
,"/Users/gverma/Desktop/AARAIK LLC/ComplyEasyAI/server/src/services/advanced/acosService.ts": {"lines":{"total":571,"covered":3,"skipped":0,"pct":0.52},"functions":{"total":72,"covered":0,"skipped":0,"pct":0},"statements":{"total":592,"covered":3,"skipped":0,"pct":0.5},"branches":{"total":420,"covered":0,"skipped":0,"pct":0}}
,"/Users/gverma/Desktop/AARAIK LLC/ComplyEasyAI/server/src/services/advanced/agenticAIService.ts": {"lines":{"total":402,"covered":4,"skipped":0,"pct":0.99},"functions":{"total":34,"covered":0,"skipped":0,"pct":0},"statements":{"total":409,"covered":4,"skipped":0,"pct":0.97},"branches":{"total":169,"covered":0,"skipped":0,"pct":0}}
,"/Users/gverma/Desktop/AARAIK LLC/ComplyEasyAI/server/src/services/advanced/blockchainService.ts": {"lines":{"total":269,"covered":77,"skipped":0,"pct":28.62},"functions":{"total":26,"covered":10,"skipped":0,"pct":38.46},"statements":{"total":270,"covered":77,"skipped":0,"pct":28.51},"branches":{"total":111,"covered":21,"skipped":0,"pct":18.91}}
,"/Users/gverma/Desktop/AARAIK LLC/ComplyEasyAI/server/src/services/advanced/byokService.ts": {"lines":{"total":358,"covered":85,"skipped":0,"pct":23.74},"functions":{"total":37,"covered":14,"skipped":0,"pct":37.83},"statements":{"total":360,"covered":85,"skipped":0,"pct":23.61},"branches":{"total":191,"covered":20,"skipped":0,"pct":10.47}}
,"/Users/gverma/Desktop/AARAIK LLC/ComplyEasyAI/server/src/services/advanced/complianceAsCodeService.ts": {"lines":{"total":228,"covered":70,"skipped":0,"pct":30.7},"functions":{"total":36,"covered":12,"skipped":0,"pct":33.33},"statements":{"total":234,"covered":70,"skipped":0,"pct":29.91},"branches":{"total":70,"covered":8,"skipped":0,"pct":11.42}}
,"/Users/gverma/Desktop/AARAIK LLC/ComplyEasyAI/server/src/services/advanced/complianceDigitalTwinService.ts": {"lines":{"total":453,"covered":3,"skipped":0,"pct":0.66},"functions":{"total":56,"covered":0,"skipped":0,"pct":0},"statements":{"total":479,"covered":3,"skipped":0,"pct":0.62},"branches":{"total":234,"covered":0,"skipped":0,"pct":0}}
,"/Users/gverma/Desktop/AARAIK LLC/ComplyEasyAI/server/src/services/advanced/evidenceTruthLayerService.ts": {"lines":{"total":536,"covered":13,"skipped":0,"pct":2.42},"functions":{"total":71,"covered":0,"skipped":0,"pct":0},"statements":{"total":564,"covered":13,"skipped":0,"pct":2.3},"branches":{"total":260,"covered":0,"skipped":0,"pct":0}}
,"/Users/gverma/Desktop/AARAIK LLC/ComplyEasyAI/server/src/services/advanced/federatedSwarmService.ts": {"lines":{"total":579,"covered":3,"skipped":0,"pct":0.51},"functions":{"total":94,"covered":0,"skipped":0,"pct":0},"statements":{"total":612,"covered":3,"skipped":0,"pct":0.49},"branches":{"total":258,"covered":0,"skipped":0,"pct":0}}
,"/Users/gverma/Desktop/AARAIK LLC/ComplyEasyAI/server/src/services/advanced/homomorphicAIService.ts": {"lines":{"total":308,"covered":17,"skipped":0,"pct":5.51},"functions":{"total":14,"covered":3,"skipped":0,"pct":21.42},"statements":{"total":317,"covered":18,"skipped":0,"pct":5.67},"branches":{"total":144,"covered":4,"skipped":0,"pct":2.77}}
,"/Users/gverma/Desktop/AARAIK LLC/ComplyEasyAI/server/src/services/advanced/jitAccessService.ts": {"lines":{"total":287,"covered":66,"skipped":0,"pct":22.99},"functions":{"total":33,"covered":12,"skipped":0,"pct":36.36},"statements":{"total":291,"covered":66,"skipped":0,"pct":22.68},"branches":{"total":205,"covered":10,"skipped":0,"pct":4.87}}
,"/Users/gverma/Desktop/AARAIK LLC/ComplyEasyAI/server/src/services/advanced/mlModelsService.ts": {"lines":{"total":289,"covered":8,"skipped":0,"pct":2.76},"functions":{"total":45,"covered":1,"skipped":0,"pct":2.22},"statements":{"total":327,"covered":8,"skipped":0,"pct":2.44},"branches":{"total":79,"covered":0,"skipped":0,"pct":0}}
,"/Users/gverma/Desktop/AARAIK LLC/ComplyEasyAI/server/src/services/advanced/mqttService.ts": {"lines":{"total":132,"covered":23,"skipped":0,"pct":17.42},"functions":{"total":29,"covered":3,"skipped":0,"pct":10.34},"statements":{"total":133,"covered":23,"skipped":0,"pct":17.29},"branches":{"total":46,"covered":5,"skipped":0,"pct":10.86}}
,"/Users/gverma/Desktop/AARAIK LLC/ComplyEasyAI/server/src/services/advanced/multimodalIntakeService.ts": {"lines":{"total":579,"covered":14,"skipped":0,"pct":2.41},"functions":{"total":113,"covered":1,"skipped":0,"pct":0.88},"statements":{"total":625,"covered":14,"skipped":0,"pct":2.24},"branches":{"total":403,"covered":0,"skipped":0,"pct":0}}
,"/Users/gverma/Desktop/AARAIK LLC/ComplyEasyAI/server/src/services/advanced/neuroSymbolicAIService.ts": {"lines":{"total":290,"covered":8,"skipped":0,"pct":2.75},"functions":{"total":36,"covered":0,"skipped":0,"pct":0},"statements":{"total":295,"covered":8,"skipped":0,"pct":2.71},"branches":{"total":160,"covered":1,"skipped":0,"pct":0.62}}
,"/Users/gverma/Desktop/AARAIK LLC/ComplyEasyAI/server/src/services/advanced/physicalAIService.ts": {"lines":{"total":984,"covered":11,"skipped":0,"pct":1.11},"functions":{"total":131,"covered":2,"skipped":0,"pct":1.52},"statements":{"total":1047,"covered":11,"skipped":0,"pct":1.05},"branches":{"total":504,"covered":0,"skipped":0,"pct":0}}
,"/Users/gverma/Desktop/AARAIK LLC/ComplyEasyAI/server/src/services/advanced/redTeamService.ts": {"lines":{"total":424,"covered":3,"skipped":0,"pct":0.7},"functions":{"total":57,"covered":0,"skipped":0,"pct":0},"statements":{"total":452,"covered":3,"skipped":0,"pct":0.66},"branches":{"total":167,"covered":0,"skipped":0,"pct":0}}
,"/Users/gverma/Desktop/AARAIK LLC/ComplyEasyAI/server/src/services/advanced/regulatoryIntelligenceFabricService.ts": {"lines":{"total":678,"covered":8,"skipped":0,"pct":1.17},"functions":{"total":90,"covered":0,"skipped":0,"pct":0},"statements":{"total":707,"covered":8,"skipped":0,"pct":1.13},"branches":{"total":295,"covered":1,"skipped":0,"pct":0.33}}
,"/Users/gverma/Desktop/AARAIK LLC/ComplyEasyAI/server/src/services/advanced/swarmTaskAllocationService.ts": {"lines":{"total":623,"covered":16,"skipped":0,"pct":2.56},"functions":{"total":108,"covered":1,"skipped":0,"pct":0.92},"statements":{"total":657,"covered":16,"skipped":0,"pct":2.43},"branches":{"total":239,"covered":0,"skipped":0,"pct":0}}
,"/Users/gverma/Desktop/AARAIK LLC/ComplyEasyAI/server/src/services/advanced/temporalGraphNetworkService.ts": {"lines":{"total":414,"covered":6,"skipped":0,"pct":1.44},"functions":{"total":65,"covered":0,"skipped":0,"pct":0},"statements":{"total":436,"covered":6,"skipped":0,"pct":1.37},"branches":{"total":180,"covered":0,"skipped":0,"pct":0}}
,"/Users/gverma/Desktop/AARAIK LLC/ComplyEasyAI/server/src/services/advanced/vrCollaborativeReviewService.ts": {"lines":{"total":734,"covered":23,"skipped":0,"pct":3.13},"functions":{"total":125,"covered":3,"skipped":0,"pct":2.4},"statements":{"total":766,"covered":23,"skipped":0,"pct":3},"branches":{"total":311,"covered":0,"skipped":0,"pct":0}}
,"/Users/gverma/Desktop/AARAIK LLC/ComplyEasyAI/server/src/services/advanced/whisperService.ts": {"lines":{"total":87,"covered":11,"skipped":0,"pct":12.64},"functions":{"total":10,"covered":1,"skipped":0,"pct":10},"statements":{"total":87,"covered":11,"skipped":0,"pct":12.64},"branches":{"total":45,"covered":0,"skipped":0,"pct":0}}
,"/Users/gverma/Desktop/AARAIK LLC/ComplyEasyAI/server/src/services/advanced/zeroKnowledgeService.ts": {"lines":{"total":159,"covered":90,"skipped":0,"pct":56.6},"functions":{"total":24,"covered":19,"skipped":0,"pct":79.16},"statements":{"total":160,"covered":90,"skipped":0,"pct":56.25},"branches":{"total":48,"covered":20,"skipped":0,"pct":41.66}}
,"/Users/gverma/Desktop/AARAIK LLC/ComplyEasyAI/server/src/services/advanced/zeroTrustService.ts": {"lines":{"total":293,"covered":7,"skipped":0,"pct":2.38},"functions":{"total":33,"covered":1,"skipped":0,"pct":3.03},"statements":{"total":319,"covered":7,"skipped":0,"pct":2.19},"branches":{"total":194,"covered":0,"skipped":0,"pct":0}}
,"/Users/gverma/Desktop/AARAIK LLC/ComplyEasyAI/server/src/services/euRegulations/controlTemplatesService.ts": {"lines":{"total":22,"covered":13,"skipped":0,"pct":59.09},"functions":{"total":6,"covered":1,"skipped":0,"pct":16.66},"statements":{"total":22,"covered":13,"skipped":0,"pct":59.09},"branches":{"total":6,"covered":2,"skipped":0,"pct":33.33}}
,"/Users/gverma/Desktop/AARAIK LLC/ComplyEasyAI/server/src/services/euRegulations/dmaService.ts": {"lines":{"total":97,"covered":4,"skipped":0,"pct":4.12},"functions":{"total":21,"covered":0,"skipped":0,"pct":0},"statements":{"total":101,"covered":4,"skipped":0,"pct":3.96},"branches":{"total":58,"covered":0,"skipped":0,"pct":0}}
,"/Users/gverma/Desktop/AARAIK LLC/ComplyEasyAI/server/src/services/euRegulations/dsaService.ts": {"lines":{"total":164,"covered":4,"skipped":0,"pct":2.43},"functions":{"total":48,"covered":0,"skipped":0,"pct":0},"statements":{"total":174,"covered":4,"skipped":0,"pct":2.29},"branches":{"total":127,"covered":0,"skipped":0,"pct":0}}
,"/Users/gverma/Desktop/AARAIK LLC/ComplyEasyAI/server/src/services/euRegulations/euAiActService.ts": {"lines":{"total":129,"covered":5,"skipped":0,"pct":3.87},"functions":{"total":24,"covered":0,"skipped":0,"pct":0},"statements":{"total":136,"covered":5,"skipped":0,"pct":3.67},"branches":{"total":107,"covered":0,"skipped":0,"pct":0}}
,"/Users/gverma/Desktop/AARAIK LLC/ComplyEasyAI/server/src/services/euRegulations/euAiDatabaseClient.ts": {"lines":{"total":20,"covered":4,"skipped":0,"pct":20},"functions":{"total":2,"covered":0,"skipped":0,"pct":0},"statements":{"total":20,"covered":4,"skipped":0,"pct":20},"branches":{"total":7,"covered":0,"skipped":0,"pct":0}}
,"/Users/gverma/Desktop/AARAIK LLC/ComplyEasyAI/server/src/services/integrations/awsService.ts": {"lines":{"total":139,"covered":17,"skipped":0,"pct":12.23},"functions":{"total":33,"covered":3,"skipped":0,"pct":9.09},"statements":{"total":144,"covered":17,"skipped":0,"pct":11.8},"branches":{"total":60,"covered":3,"skipped":0,"pct":5}}
,"/Users/gverma/Desktop/AARAIK LLC/ComplyEasyAI/server/src/services/integrations/githubService.ts": {"lines":{"total":103,"covered":14,"skipped":0,"pct":13.59},"functions":{"total":18,"covered":3,"skipped":0,"pct":16.66},"statements":{"total":109,"covered":14,"skipped":0,"pct":12.84},"branches":{"total":24,"covered":3,"skipped":0,"pct":12.5}}
,"/Users/gverma/Desktop/AARAIK LLC/ComplyEasyAI/server/src/services/integrations/googleService.ts": {"lines":{"total":128,"covered":8,"skipped":0,"pct":6.25},"functions":{"total":21,"covered":2,"skipped":0,"pct":9.52},"statements":{"total":135,"covered":8,"skipped":0,"pct":5.92},"branches":{"total":65,"covered":0,"skipped":0,"pct":0}}
,"/Users/gverma/Desktop/AARAIK LLC/ComplyEasyAI/server/src/services/integrations/jiraService.ts": {"lines":{"total":125,"covered":26,"skipped":0,"pct":20.8},"functions":{"total":22,"covered":6,"skipped":0,"pct":27.27},"statements":{"total":131,"covered":26,"skipped":0,"pct":19.84},"branches":{"total":44,"covered":5,"skipped":0,"pct":11.36}}
,"/Users/gverma/Desktop/AARAIK LLC/ComplyEasyAI/server/src/services/integrations/patValidationService.ts": {"lines":{"total":510,"covered":0,"skipped":0,"pct":0},"functions":{"total":46,"covered":0,"skipped":0,"pct":0},"statements":{"total":510,"covered":0,"skipped":0,"pct":0},"branches":{"total":425,"covered":0,"skipped":0,"pct":0}}
,"/Users/gverma/Desktop/AARAIK LLC/ComplyEasyAI/server/src/services/integrations/slackService.ts": {"lines":{"total":114,"covered":14,"skipped":0,"pct":12.28},"functions":{"total":19,"covered":3,"skipped":0,"pct":15.78},"statements":{"total":117,"covered":14,"skipped":0,"pct":11.96},"branches":{"total":54,"covered":3,"skipped":0,"pct":5.55}}
,"/Users/gverma/Desktop/AARAIK LLC/ComplyEasyAI/server/src/types/express.ts": {"lines":{"total":6,"covered":5,"skipped":0,"pct":83.33},"functions":{"total":4,"covered":3,"skipped":0,"pct":75},"statements":{"total":8,"covered":7,"skipped":0,"pct":87.5},"branches":{"total":0,"covered":0,"skipped":0,"pct":100}}
,"/Users/gverma/Desktop/AARAIK LLC/ComplyEasyAI/server/src/utils/auditLogger.ts": {"lines":{"total":60,"covered":60,"skipped":0,"pct":100},"functions":{"total":13,"covered":13,"skipped":0,"pct":100},"statements":{"total":68,"covered":66,"skipped":0,"pct":97.05},"branches":{"total":46,"covered":43,"skipped":0,"pct":93.47}}
,"/Users/gverma/Desktop/AARAIK LLC/ComplyEasyAI/server/src/utils/logSanitizer.ts": {"lines":{"total":31,"covered":9,"skipped":0,"pct":29.03},"functions":{"total":13,"covered":1,"skipped":0,"pct":7.69},"statements":{"total":36,"covered":9,"skipped":0,"pct":25},"branches":{"total":20,"covered":4,"skipped":0,"pct":20}}
,"/Users/gverma/Desktop/AARAIK LLC/ComplyEasyAI/server/src/utils/piiRedaction.ts": {"lines":{"total":26,"covered":3,"skipped":0,"pct":11.53},"functions":{"total":9,"covered":0,"skipped":0,"pct":0},"statements":{"total":31,"covered":3,"skipped":0,"pct":9.67},"branches":{"total":5,"covered":0,"skipped":0,"pct":0}}
,"/Users/gverma/Desktop/AARAIK LLC/ComplyEasyAI/server/src/utils/urlValidator.ts": {"lines":{"total":53,"covered":8,"skipped":0,"pct":15.09},"functions":{"total":4,"covered":0,"skipped":0,"pct":0},"statements":{"total":53,"covered":8,"skipped":0,"pct":15.09},"branches":{"total":14,"covered":0,"skipped":0,"pct":0}}
,"/Users/gverma/Desktop/AARAIK LLC/ComplyEasyAI/server/src/zkp/test-zk-service.ts": {"lines":{"total":19,"covered":0,"skipped":0,"pct":0},"functions":{"total":1,"covered":0,"skipped":0,"pct":0},"statements":{"total":19,"covered":0,"skipped":0,"pct":0},"branches":{"total":3,"covered":0,"skipped":0,"pct":0}}
}
