TN:
SF:src/config/database.ts
FN:19,testConnection
FN:31,(anonymous_2)
FN:43,(anonymous_3)
FN:50,(anonymous_4)
FNF:4
FNH:0
FNDA:0,testConnection
FNDA:0,(anonymous_2)
FNDA:0,(anonymous_3)
FNDA:0,(anonymous_4)
DA:1,3
DA:2,3
DA:4,3
DA:18,3
DA:19,3
DA:20,0
DA:22,0
DA:23,0
DA:24,0
DA:25,0
DA:26,0
DA:27,0
DA:29,0
DA:30,0
DA:31,0
DA:33,0
DA:34,0
DA:38,0
DA:42,3
DA:43,0
DA:44,0
DA:45,0
DA:50,3
DA:51,0
DA:52,0
DA:55,3
LF:26
LH:8
BRDA:19,0,0,0
BRDA:19,1,0,0
BRDA:20,2,0,0
BRDA:29,3,0,0
BRDA:29,3,1,0
BRDA:42,4,0,0
BRF:6
BRH:0
end_of_record
TN:
SF:src/config/elasticsearch.ts
FN:49,createElasticsearchTransport
FN:88,(anonymous_1)
FN:104,(anonymous_2)
FN:110,(anonymous_3)
FN:132,getElasticsearchConfig
FNF:5
FNH:3
FNDA:4,createElasticsearchTransport
FNDA:7357,(anonymous_1)
FNDA:0,(anonymous_2)
FNDA:1,(anonymous_3)
FNDA:0,getElasticsearchConfig
DA:27,4
DA:49,4
DA:50,4
DA:51,0
DA:54,4
DA:58,4
DA:60,4
DA:62,4
DA:67,4
DA:68,4
DA:74,4
DA:76,4
DA:78,4
DA:89,7357
DA:90,7357
DA:99,4
DA:102,4
DA:106,0
DA:112,1
DA:118,4
DA:121,0
DA:125,0
DA:132,4
DA:133,0
DA:136,4
LF:25
LH:20
BRDA:29,0,0,4
BRDA:29,0,1,0
BRDA:32,1,0,4
BRDA:32,1,1,0
BRDA:37,2,0,4
BRDA:37,2,1,0
BRDA:50,3,0,0
BRDA:67,4,0,4
BRDA:67,5,0,4
BRDA:67,5,1,4
BRDA:91,6,0,7357
BRDA:91,6,1,0
BRDA:114,7,0,1
BRDA:114,7,1,0
BRDA:123,8,0,0
BRDA:123,8,1,0
BRF:16
BRH:8
end_of_record
TN:
SF:src/config/features.ts
FN:34,calculateFeaturePrice
FN:658,getAvailableFeatures
FN:659,(anonymous_2)
FN:669,getAvailableBundles
FN:670,(anonymous_4)
FN:680,isTierAtLeast
FN:688,getFeature
FN:695,getBundle
FNF:8
FNH:0
FNDA:0,calculateFeaturePrice
FNDA:0,getAvailableFeatures
FNDA:0,(anonymous_2)
FNDA:0,getAvailableBundles
FNDA:0,(anonymous_4)
FNDA:0,isTierAtLeast
FNDA:0,getFeature
FNDA:0,getBundle
DA:34,4
DA:39,0
DA:41,0
DA:43,0
DA:44,0
DA:46,0
DA:47,0
DA:49,0
DA:50,0
DA:52,0
DA:53,0
DA:56,0
DA:60,0
DA:66,4
DA:565,4
DA:658,4
DA:659,0
DA:660,0
DA:661,0
DA:662,0
DA:669,4
DA:670,0
DA:671,0
DA:672,0
DA:673,0
DA:681,0
DA:682,0
DA:688,4
DA:689,0
DA:695,4
DA:696,0
DA:699,4
LF:32
LH:8
BRDA:41,0,0,0
BRDA:41,0,1,0
BRDA:41,0,2,0
BRDA:41,0,3,0
BRDA:56,1,0,0
BRDA:56,1,1,0
BRDA:660,2,0,0
BRDA:661,3,0,0
BRDA:671,4,0,0
BRDA:672,5,0,0
BRF:10
BRH:0
end_of_record
TN:
SF:src/config/index.ts
FN:182,(anonymous_1)
FN:265,(anonymous_2)
FN:271,(anonymous_3)
FNF:3
FNH:1
FNDA:4,(anonymous_1)
FNDA:0,(anonymous_2)
FNDA:0,(anonymous_3)
DA:1,13
DA:2,13
DA:5,13
DA:94,13
DA:182,13
DA:183,4
DA:184,4
DA:187,4
DA:188,0
DA:189,4
DA:190,0
DA:193,4
DA:194,0
DA:195,4
DA:196,0
DA:199,4
DA:200,0
DA:201,4
DA:202,0
DA:205,4
DA:206,0
DA:207,4
DA:208,0
DA:211,4
DA:212,0
DA:216,4
DA:217,0
DA:218,4
DA:219,0
DA:222,4
DA:223,0
DA:225,4
DA:226,4
DA:227,0
DA:232,4
DA:233,0
DA:234,4
DA:235,0
DA:238,4
DA:239,0
DA:240,4
DA:241,0
DA:245,4
DA:246,0
DA:249,4
DA:250,0
DA:253,4
DA:254,0
DA:258,4
DA:259,0
DA:263,4
DA:264,0
DA:265,0
DA:269,4
DA:270,0
DA:271,0
DA:277,13
LF:57
LH:32
BRDA:96,0,0,13
BRDA:96,0,1,0
BRDA:97,1,0,13
BRDA:97,1,1,0
BRDA:98,2,0,13
BRDA:98,2,1,0
BRDA:99,3,0,13
BRDA:99,3,1,0
BRDA:102,4,0,13
BRDA:102,4,1,0
BRDA:105,5,0,13
BRDA:105,5,1,0
BRDA:106,6,0,13
BRDA:106,6,1,0
BRDA:107,7,0,13
BRDA:107,7,1,0
BRDA:108,8,0,13
BRDA:108,8,1,0
BRDA:111,9,0,13
BRDA:111,9,1,0
BRDA:114,10,0,13
BRDA:114,10,1,0
BRDA:115,11,0,13
BRDA:115,11,1,0
BRDA:116,12,0,13
BRDA:116,12,1,0
BRDA:119,13,0,13
BRDA:119,13,1,0
BRDA:120,14,0,13
BRDA:120,14,1,0
BRDA:121,15,0,13
BRDA:121,15,1,0
BRDA:123,16,0,13
BRDA:123,16,1,13
BRDA:124,17,0,13
BRDA:124,17,1,13
BRDA:125,18,0,13
BRDA:125,18,1,13
BRDA:129,19,0,13
BRDA:129,19,1,0
BRDA:130,20,0,13
BRDA:130,20,1,0
BRDA:131,21,0,13
BRDA:131,21,1,0
BRDA:132,22,0,13
BRDA:132,22,1,0
BRDA:136,23,0,13
BRDA:136,23,1,0
BRDA:137,24,0,13
BRDA:137,24,1,0
BRDA:138,25,0,13
BRDA:138,25,1,0
BRDA:141,26,0,13
BRDA:141,26,1,0
BRDA:142,27,0,13
BRDA:142,27,1,0
BRDA:143,28,0,13
BRDA:143,28,1,0
BRDA:146,29,0,13
BRDA:146,29,1,0
BRDA:147,30,0,13
BRDA:147,30,1,0
BRDA:148,31,0,13
BRDA:148,31,1,0
BRDA:151,32,0,13
BRDA:151,32,1,0
BRDA:152,33,0,13
BRDA:152,33,1,0
BRDA:153,34,0,13
BRDA:153,34,1,0
BRDA:157,35,0,13
BRDA:157,35,1,0
BRDA:158,36,0,13
BRDA:158,36,1,0
BRDA:159,37,0,13
BRDA:159,37,1,0
BRDA:162,38,0,13
BRDA:162,38,1,0
BRDA:165,39,0,13
BRDA:165,39,1,0
BRDA:168,40,0,13
BRDA:168,40,1,0
BRDA:171,41,0,13
BRDA:171,41,1,0
BRDA:174,42,0,13
BRDA:174,42,1,0
BRDA:175,43,0,13
BRDA:175,43,1,0
BRDA:176,44,0,13
BRDA:176,44,1,0
BRDA:177,45,0,13
BRDA:177,45,1,0
BRDA:187,46,0,0
BRDA:187,46,1,4
BRDA:189,47,0,0
BRDA:193,48,0,0
BRDA:193,48,1,4
BRDA:195,49,0,0
BRDA:199,50,0,0
BRDA:199,50,1,4
BRDA:201,51,0,0
BRDA:205,52,0,0
BRDA:205,52,1,4
BRDA:207,53,0,0
BRDA:211,54,0,0
BRDA:216,55,0,0
BRDA:216,55,1,4
BRDA:218,56,0,0
BRDA:222,57,0,0
BRDA:222,57,1,4
BRDA:226,58,0,0
BRDA:232,59,0,0
BRDA:232,59,1,4
BRDA:234,60,0,0
BRDA:238,61,0,0
BRDA:238,61,1,4
BRDA:240,62,0,0
BRDA:245,63,0,0
BRDA:249,64,0,0
BRDA:253,65,0,0
BRDA:258,66,0,0
BRDA:263,67,0,0
BRDA:263,68,0,4
BRDA:263,68,1,0
BRDA:269,69,0,0
BRF:125
BRH:58
end_of_record
TN:
SF:src/config/logger.ts
FN:9,(anonymous_1)
FN:15,(anonymous_2)
FNF:2
FNH:2
FNDA:184,(anonymous_1)
FNDA:7708,(anonymous_2)
DA:1,4
DA:2,4
DA:3,4
DA:4,4
DA:6,4
DA:9,4
DA:10,184
DA:11,184
DA:15,4
DA:17,7708
DA:18,0
DA:22,7708
DA:23,0
DA:27,7708
DA:28,6
DA:31,7708
DA:35,4
DA:43,4
DA:46,4
DA:47,4
DA:58,4
DA:60,4
DA:69,4
DA:77,4
DA:87,4
DA:88,4
DA:89,4
DA:90,4
DA:95,4
DA:111,4
LF:30
LH:28
BRDA:10,0,0,182
BRDA:10,0,1,2
BRDA:11,1,0,184
BRDA:11,1,1,2
BRDA:17,2,0,0
BRDA:22,3,0,0
BRDA:27,4,0,6
BRDA:46,5,0,4
BRDA:46,6,0,4
BRDA:46,6,1,0
BRDA:58,7,0,4
BRDA:87,8,0,4
BRDA:89,9,0,4
BRF:13
BRH:10
end_of_record
TN:
SF:src/config/monitoring.ts
FN:66,initializeSentry
FN:118,(anonymous_1)
FN:147,initializeAPM
FN:189,getMonitoringConfig
FN:196,captureException
FN:209,captureMessage
FN:218,addBreadcrumb
FN:232,setUserContext
FN:245,clearUserContext
FN:256,startTransaction
FN:283,(anonymous_10)
FN:284,(anonymous_11)
FN:285,(anonymous_12)
FN:286,(anonymous_13)
FN:287,(anonymous_14)
FN:288,(anonymous_15)
FNF:16
FNH:11
FNDA:4,initializeSentry
FNDA:1822,(anonymous_1)
FNDA:4,initializeAPM
FNDA:0,getMonitoringConfig
FNDA:1822,captureException
FNDA:0,captureMessage
FNDA:3796,addBreadcrumb
FNDA:0,setUserContext
FNDA:0,clearUserContext
FNDA:3796,startTransaction
FNDA:13286,(anonymous_10)
FNDA:1898,(anonymous_11)
FNDA:1898,(anonymous_12)
FNDA:3796,(anonymous_13)
FNDA:0,(anonymous_14)
FNDA:3796,(anonymous_15)
DA:7,14
DA:8,14
DA:10,14
DA:11,14
DA:12,5
DA:13,5
DA:16,0
DA:41,14
DA:66,14
DA:67,4
DA:68,0
DA:69,0
DA:72,4
DA:73,0
DA:74,0
DA:77,4
DA:79,4
DA:82,4
DA:83,0
DA:87,4
DA:88,4
DA:89,0
DA:91,0
DA:95,4
DA:96,4
DA:97,0
DA:99,0
DA:102,4
DA:120,1822
DA:122,0
DA:123,0
DA:124,0
DA:127,0
DA:128,0
DA:129,0
DA:130,0
DA:131,0
DA:134,1822
DA:138,4
DA:140,0
DA:147,14
DA:148,4
DA:149,0
DA:150,0
DA:160,4
DA:161,4
DA:168,4
DA:170,0
DA:175,4
DA:176,4
DA:179,4
DA:181,0
DA:189,14
DA:190,0
DA:196,14
DA:197,1822
DA:198,1822
DA:209,14
DA:210,0
DA:211,0
DA:218,14
DA:219,3796
DA:220,3796
DA:232,14
DA:233,0
DA:234,0
DA:245,14
DA:246,0
DA:247,0
DA:256,14
DA:259,3796
DA:260,3796
DA:262,3796
DA:264,0
DA:265,0
DA:270,0
DA:277,0
DA:282,3796
DA:292,14
LF:79
LH:45
BRDA:11,0,0,5
BRDA:45,1,0,14
BRDA:45,1,1,0
BRDA:46,2,0,14
BRDA:46,2,1,9
BRDA:47,3,0,14
BRDA:47,3,1,9
BRDA:51,4,0,14
BRDA:51,4,1,9
BRDA:52,5,0,14
BRDA:52,5,1,0
BRDA:55,6,0,14
BRDA:55,6,1,0
BRDA:67,7,0,0
BRDA:67,8,0,4
BRDA:67,8,1,4
BRDA:72,9,0,0
BRDA:82,10,0,0
BRDA:87,11,0,4
BRDA:87,11,1,0
BRDA:89,12,0,0
BRDA:89,13,0,0
BRDA:89,13,1,0
BRDA:95,14,0,4
BRDA:95,14,1,0
BRDA:97,15,0,0
BRDA:97,16,0,0
BRDA:97,16,1,0
BRDA:120,17,0,0
BRDA:122,18,0,0
BRDA:127,19,0,0
BRDA:148,20,0,0
BRDA:160,21,0,4
BRDA:175,22,0,4
BRDA:197,23,0,1822
BRDA:197,24,0,1822
BRDA:197,24,1,1822
BRDA:200,25,0,1822
BRDA:200,25,1,0
BRDA:209,26,0,0
BRDA:210,27,0,0
BRDA:210,28,0,0
BRDA:210,28,1,0
BRDA:219,29,0,3796
BRDA:219,30,0,3796
BRDA:219,30,1,3796
BRDA:233,31,0,0
BRDA:233,32,0,0
BRDA:233,32,1,0
BRDA:246,33,0,0
BRDA:246,34,0,0
BRDA:246,34,1,0
BRDA:259,35,0,3796
BRDA:259,36,0,3796
BRDA:259,36,1,3796
BRDA:262,37,0,0
BRF:56
BRH:26
end_of_record
TN:
SF:src/config/performanceMonitoring.ts
FN:26,(anonymous_1)
FN:34,(anonymous_2)
FN:52,(anonymous_3)
FN:54,(anonymous_4)
FN:67,(anonymous_5)
FN:69,(anonymous_6)
FN:96,(anonymous_7)
FN:102,(anonymous_8)
FN:129,(anonymous_9)
FN:163,(anonymous_10)
FN:182,(anonymous_11)
FN:187,(anonymous_12)
FN:193,(anonymous_13)
FN:211,(anonymous_14)
FN:212,(anonymous_15)
FN:214,(anonymous_16)
FN:222,(anonymous_17)
FN:237,(anonymous_18)
FN:248,(anonymous_19)
FN:254,(anonymous_20)
FN:266,(anonymous_21)
FN:271,(anonymous_22)
FN:272,(anonymous_23)
FN:277,(anonymous_24)
FN:290,(anonymous_25)
FN:292,(anonymous_26)
FN:307,(anonymous_27)
FNF:27
FNH:10
FNDA:4,(anonymous_1)
FNDA:1898,(anonymous_2)
FNDA:16,(anonymous_3)
FNDA:24,(anonymous_4)
FNDA:1898,(anonymous_5)
FNDA:2636,(anonymous_6)
FNDA:1511307,(anonymous_7)
FNDA:1363727,(anonymous_8)
FNDA:1898,(anonymous_9)
FNDA:0,(anonymous_10)
FNDA:0,(anonymous_11)
FNDA:0,(anonymous_12)
FNDA:0,(anonymous_13)
FNDA:0,(anonymous_14)
FNDA:0,(anonymous_15)
FNDA:0,(anonymous_16)
FNDA:0,(anonymous_17)
FNDA:0,(anonymous_18)
FNDA:0,(anonymous_19)
FNDA:0,(anonymous_20)
FNDA:0,(anonymous_21)
FNDA:0,(anonymous_22)
FNDA:0,(anonymous_23)
FNDA:0,(anonymous_24)
FNDA:0,(anonymous_25)
FNDA:0,(anonymous_26)
FNDA:16,(anonymous_27)
DA:6,4
DA:7,4
DA:27,4
DA:28,4
DA:29,4
DA:35,1898
DA:38,1898
DA:39,0
DA:43,1898
DA:46,1898
DA:53,16
DA:54,24
DA:57,16
DA:58,0
DA:60,16
DA:68,1898
DA:69,2636
DA:72,1898
DA:75,1652
DA:76,177
DA:80,177
DA:95,1652
DA:97,1511307
DA:102,1363727
DA:103,1652
DA:105,1652
DA:106,1641
DA:110,1641
DA:131,1898
DA:136,1898
DA:137,1898
DA:138,1898
DA:139,1898
DA:140,1898
DA:142,1898
DA:143,0
DA:146,1898
DA:150,1898
DA:178,0
DA:181,0
DA:182,0
DA:186,0
DA:187,0
DA:191,0
DA:192,0
DA:193,0
DA:196,0
DA:197,0
DA:210,0
DA:211,0
DA:212,0
DA:214,0
DA:215,0
DA:217,0
DA:218,0
DA:220,0
DA:222,0
DA:247,0
DA:248,0
DA:251,0
DA:253,0
DA:254,0
DA:256,0
DA:257,0
DA:259,0
DA:261,0
DA:262,0
DA:263,0
DA:265,0
DA:267,0
DA:270,0
DA:271,0
DA:272,0
DA:274,0
DA:277,0
DA:284,0
DA:291,0
DA:292,0
DA:297,4
DA:304,4
DA:307,4
DA:308,16
DA:311,4
DA:312,4
LF:84
LH:41
BRDA:38,0,0,0
BRDA:54,1,0,24
BRDA:54,1,1,0
BRDA:57,2,0,0
BRDA:57,2,1,16
BRDA:69,3,0,2636
BRDA:69,3,1,1652
BRDA:72,4,0,246
BRDA:75,5,0,177
BRDA:97,6,0,1511307
BRDA:97,6,1,1363727
BRDA:97,6,2,1363727
BRDA:105,7,0,1641
BRDA:105,8,0,1652
BRDA:105,8,1,1652
BRDA:136,9,0,1898
BRDA:142,10,0,0
BRDA:181,11,0,0
BRDA:186,12,0,0
BRDA:191,13,0,0
BRDA:196,14,0,0
BRDA:217,15,0,0
BRDA:217,15,1,0
BRDA:240,16,0,0
BRDA:248,17,0,0
BRDA:248,17,1,0
BRDA:251,18,0,0
BRDA:267,19,0,0
BRDA:267,19,1,0
BRDA:270,20,0,0
BRDA:290,21,0,0
BRF:31
BRH:13
end_of_record
TN:
SF:src/config/swagger.ts
FNF:0
FNH:0
DA:6,4
DA:7,4
DA:9,4
DA:312,4
DA:314,4
LF:5
LH:5
BRF:0
BRH:0
end_of_record
TN:
SF:src/config/tiers.ts
FN:765,getTier
FN:772,getTierIndex
FN:779,isTierHigher
FN:786,isTierAtLeast
FN:793,getNextTier
FN:802,getPreviousTier
FN:811,hasFeature
FN:818,getLimit
FN:825,isWithinLimit
FN:834,getAvailableAddOns
FN:835,(anonymous_10)
FN:841,calculateAnnualPrice
FN:859,calculateMonthlyPrice
FN:868,getFeaturesDifference
FNF:14
FNH:0
FNDA:0,getTier
FNDA:0,getTierIndex
FNDA:0,isTierHigher
FNDA:0,isTierAtLeast
FNDA:0,getNextTier
FNDA:0,getPreviousTier
FNDA:0,hasFeature
FNDA:0,getLimit
FNDA:0,isWithinLimit
FNDA:0,getAvailableAddOns
FNDA:0,(anonymous_10)
FNDA:0,calculateAnnualPrice
FNDA:0,calculateMonthlyPrice
FNDA:0,getFeaturesDifference
DA:154,5
DA:294,5
DA:434,5
DA:576,5
DA:722,5
DA:749,5
DA:756,5
DA:765,5
DA:766,0
DA:772,5
DA:773,0
DA:779,5
DA:780,0
DA:786,5
DA:787,0
DA:793,5
DA:794,0
DA:795,0
DA:796,0
DA:802,5
DA:803,0
DA:804,0
DA:805,0
DA:811,5
DA:812,0
DA:818,5
DA:819,0
DA:825,5
DA:826,0
DA:827,0
DA:828,0
DA:834,5
DA:835,0
DA:841,5
DA:842,0
DA:843,0
DA:845,0
DA:846,0
DA:850,0
DA:851,0
DA:853,0
DA:859,5
DA:860,0
DA:861,0
DA:862,0
DA:868,5
DA:869,0
DA:870,0
DA:872,0
DA:874,0
DA:875,0
DA:876,0
DA:877,0
DA:881,0
DA:887,5
DA:956,5
DA:974,5
LF:57
LH:23
BRDA:795,0,0,0
BRDA:804,1,0,0
BRDA:827,2,0,0
BRDA:845,3,0,0
BRDA:876,4,0,0
BRDA:876,5,0,0
BRDA:876,5,1,0
BRF:7
BRH:0
end_of_record
TN:
SF:src/controllers/acosController.ts
FN:22,(anonymous_1)
FN:24,(anonymous_2)
FN:42,(anonymous_3)
FN:57,(anonymous_4)
FN:69,(anonymous_5)
FN:86,(anonymous_6)
FN:98,(anonymous_7)
FN:111,(anonymous_8)
FN:142,(anonymous_9)
FN:159,(anonymous_10)
FN:171,(anonymous_11)
FN:183,(anonymous_12)
FN:195,(anonymous_13)
FN:207,(anonymous_14)
FN:219,(anonymous_15)
FN:232,(anonymous_16)
FN:246,(anonymous_17)
FN:262,(anonymous_18)
FN:278,(anonymous_19)
FN:298,(anonymous_20)
FN:321,(anonymous_21)
FN:340,(anonymous_22)
FN:363,(anonymous_23)
FN:378,(anonymous_24)
FN:399,(anonymous_25)
FN:417,(anonymous_26)
FN:439,(anonymous_27)
FN:460,(anonymous_28)
FN:482,(anonymous_29)
FN:503,(anonymous_30)
FN:527,(anonymous_31)
FN:551,(anonymous_32)
FN:579,(anonymous_33)
FN:594,(anonymous_34)
FN:609,(anonymous_35)
FN:624,(anonymous_36)
FN:641,(anonymous_37)
FN:658,(anonymous_38)
FN:675,(anonymous_39)
FN:690,(anonymous_40)
FN:706,(anonymous_41)
FN:719,(anonymous_42)
FN:736,(anonymous_43)
FN:756,(anonymous_44)
FN:769,(anonymous_45)
FN:784,(anonymous_46)
FN:818,(anonymous_47)
FN:835,(anonymous_48)
FN:856,(anonymous_49)
FN:874,(anonymous_50)
FN:894,(anonymous_51)
FN:908,(anonymous_52)
FN:923,(anonymous_53)
FN:940,(anonymous_54)
FN:956,(anonymous_55)
FN:974,(anonymous_56)
FN:989,(anonymous_57)
FN:1005,(anonymous_58)
FN:1030,(anonymous_59)
FN:1045,(anonymous_60)
FN:1060,(anonymous_61)
FN:1075,(anonymous_62)
FN:1088,(anonymous_63)
FN:1101,(anonymous_64)
FN:1116,(anonymous_65)
FN:1130,(anonymous_66)
FN:1144,(anonymous_67)
FN:1162,(anonymous_68)
FN:1177,(anonymous_69)
FN:1191,(anonymous_70)
FN:1207,(anonymous_71)
FN:1222,(anonymous_72)
FN:1236,(anonymous_73)
FN:1261,(anonymous_74)
FN:1276,(anonymous_75)
FN:1291,(anonymous_76)
FN:1306,(anonymous_77)
FN:1321,(anonymous_78)
FN:1336,(anonymous_79)
FN:1350,(anonymous_80)
FN:1368,(anonymous_81)
FN:1382,(anonymous_82)
FN:1397,(anonymous_83)
FN:1417,(anonymous_84)
FN:1438,(anonymous_85)
FN:1453,(anonymous_86)
FN:1468,(anonymous_87)
FN:1484,(anonymous_88)
FN:1501,(anonymous_89)
FN:1516,(anonymous_90)
FN:1529,(anonymous_91)
FN:1544,(anonymous_92)
FN:1559,(anonymous_93)
FN:1574,(anonymous_94)
FN:1587,(anonymous_95)
FN:1604,(anonymous_96)
FN:1619,(anonymous_97)
FN:1632,(anonymous_98)
FN:1644,(anonymous_99)
FN:1659,(anonymous_100)
FN:1689,(anonymous_101)
FN:1704,(anonymous_102)
FN:1719,(anonymous_103)
FN:1735,(anonymous_104)
FN:1749,(anonymous_105)
FN:1765,(anonymous_106)
FN:1781,(anonymous_107)
FN:1799,(anonymous_108)
FN:1816,(anonymous_109)
FN:1830,(anonymous_110)
FN:1846,(anonymous_111)
FN:1859,(anonymous_112)
FN:1870,(anonymous_113)
FN:1885,(anonymous_114)
FN:1901,(anonymous_115)
FN:1919,(anonymous_116)
FN:1934,(anonymous_117)
FN:1949,(anonymous_118)
FN:1963,(anonymous_119)
FN:1980,(anonymous_120)
FN:1992,(anonymous_121)
FN:2010,(anonymous_122)
FN:2029,(anonymous_123)
FN:2046,(anonymous_124)
FN:2063,(anonymous_125)
FN:2078,(anonymous_126)
FN:2095,(anonymous_127)
FN:2110,(anonymous_128)
FN:2126,(anonymous_129)
FN:2142,(anonymous_130)
FN:2156,(anonymous_131)
FN:2170,(anonymous_132)
FN:2185,(anonymous_133)
FN:2200,(anonymous_134)
FN:2211,(anonymous_135)
FN:2227,(anonymous_136)
FN:2238,(anonymous_137)
FN:2254,(anonymous_138)
FN:2267,(anonymous_139)
FN:2286,(anonymous_140)
FN:2297,(anonymous_141)
FN:2313,(anonymous_142)
FN:2328,(anonymous_143)
FN:2344,(anonymous_144)
FN:2361,(anonymous_145)
FN:2372,(anonymous_146)
FN:2382,(anonymous_147)
FN:2396,(anonymous_148)
FN:2414,(anonymous_149)
FN:2430,(anonymous_150)
FN:2446,(anonymous_151)
FN:2459,(anonymous_152)
FN:2470,(anonymous_153)
FN:2486,(anonymous_154)
FN:2499,(anonymous_155)
FN:2515,(anonymous_156)
FN:2526,(anonymous_157)
FN:2550,(anonymous_158)
FN:2565,(anonymous_159)
FN:2581,(anonymous_160)
FN:2597,(anonymous_161)
FN:2612,(anonymous_162)
FN:2626,(anonymous_163)
FN:2641,(anonymous_164)
FN:2658,(anonymous_165)
FN:2673,(anonymous_166)
FN:2687,(anonymous_167)
FN:2701,(anonymous_168)
FN:2715,(anonymous_169)
FN:2730,(anonymous_170)
FN:2749,(anonymous_171)
FN:2781,(anonymous_172)
FN:2793,(anonymous_173)
FN:2807,(anonymous_174)
FN:2821,(anonymous_175)
FN:2834,(anonymous_176)
FN:2853,(anonymous_177)
FN:2870,(anonymous_178)
FN:2894,(anonymous_179)
FN:2917,(anonymous_180)
FN:2946,(anonymous_181)
FN:2970,(anonymous_182)
FN:2998,(anonymous_183)
FN:3018,(anonymous_184)
FN:3047,(anonymous_185)
FN:3071,(anonymous_186)
FNF:186
FNH:1
FNDA:4,(anonymous_1)
FNDA:0,(anonymous_2)
FNDA:0,(anonymous_3)
FNDA:0,(anonymous_4)
FNDA:0,(anonymous_5)
FNDA:0,(anonymous_6)
FNDA:0,(anonymous_7)
FNDA:0,(anonymous_8)
FNDA:0,(anonymous_9)
FNDA:0,(anonymous_10)
FNDA:0,(anonymous_11)
FNDA:0,(anonymous_12)
FNDA:0,(anonymous_13)
FNDA:0,(anonymous_14)
FNDA:0,(anonymous_15)
FNDA:0,(anonymous_16)
FNDA:0,(anonymous_17)
FNDA:0,(anonymous_18)
FNDA:0,(anonymous_19)
FNDA:0,(anonymous_20)
FNDA:0,(anonymous_21)
FNDA:0,(anonymous_22)
FNDA:0,(anonymous_23)
FNDA:0,(anonymous_24)
FNDA:0,(anonymous_25)
FNDA:0,(anonymous_26)
FNDA:0,(anonymous_27)
FNDA:0,(anonymous_28)
FNDA:0,(anonymous_29)
FNDA:0,(anonymous_30)
FNDA:0,(anonymous_31)
FNDA:0,(anonymous_32)
FNDA:0,(anonymous_33)
FNDA:0,(anonymous_34)
FNDA:0,(anonymous_35)
FNDA:0,(anonymous_36)
FNDA:0,(anonymous_37)
FNDA:0,(anonymous_38)
FNDA:0,(anonymous_39)
FNDA:0,(anonymous_40)
FNDA:0,(anonymous_41)
FNDA:0,(anonymous_42)
FNDA:0,(anonymous_43)
FNDA:0,(anonymous_44)
FNDA:0,(anonymous_45)
FNDA:0,(anonymous_46)
FNDA:0,(anonymous_47)
FNDA:0,(anonymous_48)
FNDA:0,(anonymous_49)
FNDA:0,(anonymous_50)
FNDA:0,(anonymous_51)
FNDA:0,(anonymous_52)
FNDA:0,(anonymous_53)
FNDA:0,(anonymous_54)
FNDA:0,(anonymous_55)
FNDA:0,(anonymous_56)
FNDA:0,(anonymous_57)
FNDA:0,(anonymous_58)
FNDA:0,(anonymous_59)
FNDA:0,(anonymous_60)
FNDA:0,(anonymous_61)
FNDA:0,(anonymous_62)
FNDA:0,(anonymous_63)
FNDA:0,(anonymous_64)
FNDA:0,(anonymous_65)
FNDA:0,(anonymous_66)
FNDA:0,(anonymous_67)
FNDA:0,(anonymous_68)
FNDA:0,(anonymous_69)
FNDA:0,(anonymous_70)
FNDA:0,(anonymous_71)
FNDA:0,(anonymous_72)
FNDA:0,(anonymous_73)
FNDA:0,(anonymous_74)
FNDA:0,(anonymous_75)
FNDA:0,(anonymous_76)
FNDA:0,(anonymous_77)
FNDA:0,(anonymous_78)
FNDA:0,(anonymous_79)
FNDA:0,(anonymous_80)
FNDA:0,(anonymous_81)
FNDA:0,(anonymous_82)
FNDA:0,(anonymous_83)
FNDA:0,(anonymous_84)
FNDA:0,(anonymous_85)
FNDA:0,(anonymous_86)
FNDA:0,(anonymous_87)
FNDA:0,(anonymous_88)
FNDA:0,(anonymous_89)
FNDA:0,(anonymous_90)
FNDA:0,(anonymous_91)
FNDA:0,(anonymous_92)
FNDA:0,(anonymous_93)
FNDA:0,(anonymous_94)
FNDA:0,(anonymous_95)
FNDA:0,(anonymous_96)
FNDA:0,(anonymous_97)
FNDA:0,(anonymous_98)
FNDA:0,(anonymous_99)
FNDA:0,(anonymous_100)
FNDA:0,(anonymous_101)
FNDA:0,(anonymous_102)
FNDA:0,(anonymous_103)
FNDA:0,(anonymous_104)
FNDA:0,(anonymous_105)
FNDA:0,(anonymous_106)
FNDA:0,(anonymous_107)
FNDA:0,(anonymous_108)
FNDA:0,(anonymous_109)
FNDA:0,(anonymous_110)
FNDA:0,(anonymous_111)
FNDA:0,(anonymous_112)
FNDA:0,(anonymous_113)
FNDA:0,(anonymous_114)
FNDA:0,(anonymous_115)
FNDA:0,(anonymous_116)
FNDA:0,(anonymous_117)
FNDA:0,(anonymous_118)
FNDA:0,(anonymous_119)
FNDA:0,(anonymous_120)
FNDA:0,(anonymous_121)
FNDA:0,(anonymous_122)
FNDA:0,(anonymous_123)
FNDA:0,(anonymous_124)
FNDA:0,(anonymous_125)
FNDA:0,(anonymous_126)
FNDA:0,(anonymous_127)
FNDA:0,(anonymous_128)
FNDA:0,(anonymous_129)
FNDA:0,(anonymous_130)
FNDA:0,(anonymous_131)
FNDA:0,(anonymous_132)
FNDA:0,(anonymous_133)
FNDA:0,(anonymous_134)
FNDA:0,(anonymous_135)
FNDA:0,(anonymous_136)
FNDA:0,(anonymous_137)
FNDA:0,(anonymous_138)
FNDA:0,(anonymous_139)
FNDA:0,(anonymous_140)
FNDA:0,(anonymous_141)
FNDA:0,(anonymous_142)
FNDA:0,(anonymous_143)
FNDA:0,(anonymous_144)
FNDA:0,(anonymous_145)
FNDA:0,(anonymous_146)
FNDA:0,(anonymous_147)
FNDA:0,(anonymous_148)
FNDA:0,(anonymous_149)
FNDA:0,(anonymous_150)
FNDA:0,(anonymous_151)
FNDA:0,(anonymous_152)
FNDA:0,(anonymous_153)
FNDA:0,(anonymous_154)
FNDA:0,(anonymous_155)
FNDA:0,(anonymous_156)
FNDA:0,(anonymous_157)
FNDA:0,(anonymous_158)
FNDA:0,(anonymous_159)
FNDA:0,(anonymous_160)
FNDA:0,(anonymous_161)
FNDA:0,(anonymous_162)
FNDA:0,(anonymous_163)
FNDA:0,(anonymous_164)
FNDA:0,(anonymous_165)
FNDA:0,(anonymous_166)
FNDA:0,(anonymous_167)
FNDA:0,(anonymous_168)
FNDA:0,(anonymous_169)
FNDA:0,(anonymous_170)
FNDA:0,(anonymous_171)
FNDA:0,(anonymous_172)
FNDA:0,(anonymous_173)
FNDA:0,(anonymous_174)
FNDA:0,(anonymous_175)
FNDA:0,(anonymous_176)
FNDA:0,(anonymous_177)
FNDA:0,(anonymous_178)
FNDA:0,(anonymous_179)
FNDA:0,(anonymous_180)
FNDA:0,(anonymous_181)
FNDA:0,(anonymous_182)
FNDA:0,(anonymous_183)
FNDA:0,(anonymous_184)
FNDA:0,(anonymous_185)
FNDA:0,(anonymous_186)
DA:3,4
DA:4,4
DA:5,4
DA:6,4
DA:7,4
DA:8,4
DA:9,4
DA:10,4
DA:11,4
DA:12,4
DA:13,4
DA:14,4
DA:15,4
DA:16,4
DA:17,4
DA:18,4
DA:19,4
DA:20,4
DA:24,4
DA:25,0
DA:26,0
DA:27,0
DA:32,0
DA:34,0
DA:35,0
DA:36,0
DA:37,0
DA:38,0
DA:42,4
DA:43,0
DA:44,0
DA:45,0
DA:46,0
DA:50,0
DA:52,0
DA:53,0
DA:57,4
DA:58,0
DA:59,0
DA:60,0
DA:61,0
DA:62,0
DA:64,0
DA:65,0
DA:69,4
DA:70,0
DA:71,0
DA:72,0
DA:73,0
DA:79,0
DA:81,0
DA:82,0
DA:86,4
DA:87,0
DA:88,0
DA:89,0
DA:90,0
DA:91,0
DA:93,0
DA:94,0
DA:98,4
DA:99,0
DA:100,0
DA:101,0
DA:102,0
DA:103,0
DA:105,0
DA:106,0
DA:111,4
DA:112,0
DA:113,0
DA:114,0
DA:116,0
DA:117,0
DA:120,0
DA:132,0
DA:134,0
DA:135,0
DA:136,0
DA:137,0
DA:138,0
DA:142,4
DA:143,0
DA:144,0
DA:145,0
DA:146,0
DA:150,0
DA:152,0
DA:153,0
DA:154,0
DA:155,0
DA:159,4
DA:160,0
DA:161,0
DA:162,0
DA:163,0
DA:164,0
DA:166,0
DA:167,0
DA:171,4
DA:172,0
DA:173,0
DA:174,0
DA:175,0
DA:176,0
DA:178,0
DA:179,0
DA:183,4
DA:184,0
DA:185,0
DA:186,0
DA:187,0
DA:188,0
DA:190,0
DA:191,0
DA:195,4
DA:196,0
DA:197,0
DA:198,0
DA:199,0
DA:200,0
DA:202,0
DA:203,0
DA:207,4
DA:208,0
DA:209,0
DA:210,0
DA:211,0
DA:212,0
DA:214,0
DA:215,0
DA:219,4
DA:220,0
DA:221,0
DA:222,0
DA:223,0
DA:224,0
DA:226,0
DA:227,0
DA:232,4
DA:233,0
DA:234,0
DA:235,0
DA:239,0
DA:241,0
DA:242,0
DA:246,4
DA:247,0
DA:248,0
DA:249,0
DA:255,0
DA:257,0
DA:258,0
DA:262,4
DA:263,0
DA:264,0
DA:265,0
DA:266,0
DA:271,0
DA:273,0
DA:274,0
DA:278,4
DA:279,0
DA:280,0
DA:281,0
DA:282,0
DA:283,0
DA:285,0
DA:290,0
DA:292,0
DA:293,0
DA:298,4
DA:299,0
DA:300,0
DA:301,0
DA:302,0
DA:304,0
DA:314,0
DA:316,0
DA:317,0
DA:321,4
DA:322,0
DA:323,0
DA:324,0
DA:325,0
DA:329,0
DA:330,0
DA:332,0
DA:334,0
DA:335,0
DA:336,0
DA:340,4
DA:341,0
DA:342,0
DA:343,0
DA:344,0
DA:346,0
DA:356,0
DA:358,0
DA:359,0
DA:363,4
DA:364,0
DA:365,0
DA:366,0
DA:367,0
DA:371,0
DA:373,0
DA:374,0
DA:378,4
DA:379,0
DA:380,0
DA:381,0
DA:383,0
DA:384,0
DA:387,0
DA:391,0
DA:393,0
DA:394,0
DA:395,0
DA:399,4
DA:400,0
DA:401,0
DA:402,0
DA:403,0
DA:405,0
DA:410,0
DA:412,0
DA:413,0
DA:417,4
DA:418,0
DA:419,0
DA:420,0
DA:421,0
DA:423,0
DA:424,0
DA:427,0
DA:431,0
DA:433,0
DA:434,0
DA:435,0
DA:439,4
DA:440,0
DA:441,0
DA:442,0
DA:444,0
DA:445,0
DA:448,0
DA:452,0
DA:454,0
DA:455,0
DA:456,0
DA:460,4
DA:461,0
DA:462,0
DA:463,0
DA:465,0
DA:466,0
DA:469,0
DA:474,0
DA:476,0
DA:477,0
DA:478,0
DA:482,4
DA:483,0
DA:484,0
DA:485,0
DA:487,0
DA:488,0
DA:491,0
DA:495,0
DA:497,0
DA:498,0
DA:499,0
DA:503,4
DA:504,0
DA:505,0
DA:506,0
DA:508,0
DA:509,0
DA:512,0
DA:519,0
DA:521,0
DA:522,0
DA:523,0
DA:527,4
DA:528,0
DA:529,0
DA:530,0
DA:531,0
DA:533,0
DA:534,0
DA:537,0
DA:542,0
DA:544,0
DA:545,0
DA:546,0
DA:551,4
DA:552,0
DA:553,0
DA:554,0
DA:556,0
DA:557,0
DA:558,0
DA:559,0
DA:560,0
DA:561,0
DA:562,0
DA:565,0
DA:571,0
DA:573,0
DA:574,0
DA:575,0
DA:579,4
DA:580,0
DA:581,0
DA:582,0
DA:587,0
DA:589,0
DA:590,0
DA:594,4
DA:595,0
DA:596,0
DA:597,0
DA:598,0
DA:602,0
DA:604,0
DA:605,0
DA:609,4
DA:610,0
DA:611,0
DA:612,0
DA:613,0
DA:617,0
DA:619,0
DA:620,0
DA:624,4
DA:625,0
DA:626,0
DA:627,0
DA:628,0
DA:634,0
DA:636,0
DA:637,0
DA:641,4
DA:642,0
DA:643,0
DA:644,0
DA:645,0
DA:651,0
DA:653,0
DA:654,0
DA:658,4
DA:659,0
DA:660,0
DA:661,0
DA:662,0
DA:668,0
DA:670,0
DA:671,0
DA:675,4
DA:676,0
DA:677,0
DA:678,0
DA:683,0
DA:685,0
DA:686,0
DA:690,4
DA:691,0
DA:692,0
DA:693,0
DA:694,0
DA:699,0
DA:701,0
DA:702,0
DA:706,4
DA:707,0
DA:708,0
DA:709,0
DA:712,0
DA:714,0
DA:715,0
DA:719,4
DA:720,0
DA:721,0
DA:722,0
DA:723,0
DA:728,0
DA:730,0
DA:731,0
DA:736,4
DA:737,0
DA:738,0
DA:739,0
DA:740,0
DA:741,0
DA:749,0
DA:751,0
DA:752,0
DA:756,4
DA:757,0
DA:758,0
DA:759,0
DA:762,0
DA:764,0
DA:765,0
DA:769,4
DA:770,0
DA:771,0
DA:772,0
DA:773,0
DA:777,0
DA:779,0
DA:780,0
DA:784,4
DA:785,0
DA:786,0
DA:787,0
DA:788,0
DA:789,0
DA:792,0
DA:793,0
DA:800,0
DA:811,0
DA:813,0
DA:814,0
DA:818,4
DA:819,0
DA:820,0
DA:821,0
DA:822,0
DA:823,0
DA:828,0
DA:830,0
DA:831,0
DA:835,4
DA:836,0
DA:837,0
DA:838,0
DA:839,0
DA:840,0
DA:849,0
DA:851,0
DA:852,0
DA:856,4
DA:857,0
DA:858,0
DA:859,0
DA:860,0
DA:861,0
DA:867,0
DA:869,0
DA:870,0
DA:874,4
DA:875,0
DA:876,0
DA:877,0
DA:878,0
DA:887,0
DA:889,0
DA:890,0
DA:894,4
DA:895,0
DA:896,0
DA:897,0
DA:900,0
DA:902,0
DA:903,0
DA:908,4
DA:909,0
DA:910,0
DA:911,0
DA:916,0
DA:918,0
DA:919,0
DA:923,4
DA:924,0
DA:925,0
DA:926,0
DA:927,0
DA:933,0
DA:935,0
DA:936,0
DA:940,4
DA:941,0
DA:942,0
DA:943,0
DA:944,0
DA:949,0
DA:951,0
DA:952,0
DA:956,4
DA:957,0
DA:958,0
DA:959,0
DA:960,0
DA:961,0
DA:967,0
DA:969,0
DA:970,0
DA:974,4
DA:975,0
DA:976,0
DA:977,0
DA:978,0
DA:982,0
DA:984,0
DA:985,0
DA:989,4
DA:990,0
DA:991,0
DA:992,0
DA:993,0
DA:998,0
DA:1000,0
DA:1001,0
DA:1005,4
DA:1006,0
DA:1007,0
DA:1008,0
DA:1009,0
DA:1010,0
DA:1022,0
DA:1024,0
DA:1025,0
DA:1030,4
DA:1031,0
DA:1032,0
DA:1033,0
DA:1038,0
DA:1040,0
DA:1041,0
DA:1045,4
DA:1046,0
DA:1047,0
DA:1048,0
DA:1053,0
DA:1055,0
DA:1056,0
DA:1060,4
DA:1061,0
DA:1062,0
DA:1063,0
DA:1064,0
DA:1068,0
DA:1070,0
DA:1071,0
DA:1075,4
DA:1076,0
DA:1077,0
DA:1078,0
DA:1081,0
DA:1083,0
DA:1084,0
DA:1088,4
DA:1089,0
DA:1090,0
DA:1091,0
DA:1094,0
DA:1096,0
DA:1097,0
DA:1101,4
DA:1102,0
DA:1103,0
DA:1104,0
DA:1109,0
DA:1111,0
DA:1112,0
DA:1116,4
DA:1117,0
DA:1118,0
DA:1119,0
DA:1123,0
DA:1125,0
DA:1126,0
DA:1130,4
DA:1131,0
DA:1132,0
DA:1133,0
DA:1137,0
DA:1139,0
DA:1140,0
DA:1144,4
DA:1145,0
DA:1146,0
DA:1147,0
DA:1148,0
DA:1154,0
DA:1156,0
DA:1157,0
DA:1162,4
DA:1163,0
DA:1164,0
DA:1165,0
DA:1169,0
DA:1171,0
DA:1172,0
DA:1173,0
DA:1177,4
DA:1178,0
DA:1179,0
DA:1180,0
DA:1184,0
DA:1186,0
DA:1187,0
DA:1191,4
DA:1192,0
DA:1193,0
DA:1194,0
DA:1199,0
DA:1201,0
DA:1202,0
DA:1203,0
DA:1207,4
DA:1208,0
DA:1209,0
DA:1210,0
DA:1211,0
DA:1215,0
DA:1217,0
DA:1218,0
DA:1222,4
DA:1223,0
DA:1224,0
DA:1225,0
DA:1229,0
DA:1231,0
DA:1232,0
DA:1236,4
DA:1237,0
DA:1238,0
DA:1239,0
DA:1242,0
DA:1243,0
DA:1254,0
DA:1256,0
DA:1257,0
DA:1261,4
DA:1262,0
DA:1263,0
DA:1264,0
DA:1265,0
DA:1269,0
DA:1271,0
DA:1272,0
DA:1276,4
DA:1277,0
DA:1278,0
DA:1279,0
DA:1280,0
DA:1284,0
DA:1286,0
DA:1287,0
DA:1291,4
DA:1292,0
DA:1293,0
DA:1294,0
DA:1295,0
DA:1299,0
DA:1301,0
DA:1302,0
DA:1306,4
DA:1307,0
DA:1308,0
DA:1309,0
DA:1310,0
DA:1314,0
DA:1316,0
DA:1317,0
DA:1321,4
DA:1322,0
DA:1323,0
DA:1324,0
DA:1325,0
DA:1329,0
DA:1331,0
DA:1332,0
DA:1336,4
DA:1337,0
DA:1338,0
DA:1339,0
DA:1343,0
DA:1345,0
DA:1346,0
DA:1350,4
DA:1351,0
DA:1352,0
DA:1353,0
DA:1354,0
DA:1360,0
DA:1362,0
DA:1363,0
DA:1364,0
DA:1368,4
DA:1369,0
DA:1370,0
DA:1371,0
DA:1375,0
DA:1377,0
DA:1378,0
DA:1382,4
DA:1383,0
DA:1384,0
DA:1385,0
DA:1389,0
DA:1391,0
DA:1392,0
DA:1397,4
DA:1398,0
DA:1399,0
DA:1400,0
DA:1401,0
DA:1402,0
DA:1404,0
DA:1410,0
DA:1412,0
DA:1413,0
DA:1417,4
DA:1418,0
DA:1419,0
DA:1420,0
DA:1421,0
DA:1422,0
DA:1424,0
DA:1430,0
DA:1432,0
DA:1433,0
DA:1438,4
DA:1439,0
DA:1440,0
DA:1441,0
DA:1446,0
DA:1448,0
DA:1449,0
DA:1453,4
DA:1454,0
DA:1455,0
DA:1456,0
DA:1457,0
DA:1461,0
DA:1463,0
DA:1464,0
DA:1468,4
DA:1469,0
DA:1470,0
DA:1471,0
DA:1472,0
DA:1477,0
DA:1479,0
DA:1480,0
DA:1484,4
DA:1485,0
DA:1486,0
DA:1487,0
DA:1488,0
DA:1493,0
DA:1495,0
DA:1496,0
DA:1497,0
DA:1501,4
DA:1502,0
DA:1503,0
DA:1504,0
DA:1505,0
DA:1509,0
DA:1511,0
DA:1512,0
DA:1516,4
DA:1517,0
DA:1518,0
DA:1519,0
DA:1522,0
DA:1524,0
DA:1525,0
DA:1529,4
DA:1530,0
DA:1531,0
DA:1532,0
DA:1533,0
DA:1537,0
DA:1539,0
DA:1540,0
DA:1544,4
DA:1545,0
DA:1546,0
DA:1547,0
DA:1548,0
DA:1552,0
DA:1554,0
DA:1555,0
DA:1559,4
DA:1560,0
DA:1561,0
DA:1562,0
DA:1563,0
DA:1567,0
DA:1569,0
DA:1570,0
DA:1574,4
DA:1575,0
DA:1576,0
DA:1577,0
DA:1580,0
DA:1582,0
DA:1583,0
DA:1587,4
DA:1588,0
DA:1589,0
DA:1590,0
DA:1591,0
DA:1592,0
DA:1597,0
DA:1599,0
DA:1600,0
DA:1604,4
DA:1605,0
DA:1606,0
DA:1607,0
DA:1608,0
DA:1612,0
DA:1614,0
DA:1615,0
DA:1619,4
DA:1620,0
DA:1621,0
DA:1622,0
DA:1625,0
DA:1627,0
DA:1628,0
DA:1632,4
DA:1633,0
DA:1634,0
DA:1635,0
DA:1636,0
DA:1638,0
DA:1639,0
DA:1644,4
DA:1645,0
DA:1646,0
DA:1647,0
DA:1652,0
DA:1654,0
DA:1655,0
DA:1659,4
DA:1660,0
DA:1661,0
DA:1662,0
DA:1663,0
DA:1664,0
DA:1669,0
DA:1671,0
DA:1672,0
DA:1673,0
DA:1675,0
DA:1676,0
DA:1677,0
DA:1679,0
DA:1680,0
DA:1682,0
DA:1683,0
DA:1685,0
DA:1689,4
DA:1690,0
DA:1691,0
DA:1692,0
DA:1693,0
DA:1697,0
DA:1699,0
DA:1700,0
DA:1704,4
DA:1705,0
DA:1706,0
DA:1707,0
DA:1708,0
DA:1712,0
DA:1714,0
DA:1715,0
DA:1719,4
DA:1720,0
DA:1721,0
DA:1722,0
DA:1723,0
DA:1727,0
DA:1729,0
DA:1730,0
DA:1731,0
DA:1735,4
DA:1736,0
DA:1737,0
DA:1738,0
DA:1739,0
DA:1740,0
DA:1742,0
DA:1744,0
DA:1745,0
DA:1749,4
DA:1750,0
DA:1751,0
DA:1752,0
DA:1753,0
DA:1758,0
DA:1760,0
DA:1761,0
DA:1765,4
DA:1766,0
DA:1767,0
DA:1768,0
DA:1769,0
DA:1774,0
DA:1776,0
DA:1777,0
DA:1781,4
DA:1782,0
DA:1783,0
DA:1784,0
DA:1785,0
DA:1791,0
DA:1793,0
DA:1794,0
DA:1795,0
DA:1799,4
DA:1800,0
DA:1801,0
DA:1802,0
DA:1803,0
DA:1808,0
DA:1810,0
DA:1811,0
DA:1812,0
DA:1816,4
DA:1817,0
DA:1818,0
DA:1819,0
DA:1823,0
DA:1825,0
DA:1826,0
DA:1830,4
DA:1831,0
DA:1832,0
DA:1833,0
DA:1834,0
DA:1839,0
DA:1841,0
DA:1842,0
DA:1846,4
DA:1847,0
DA:1848,0
DA:1849,0
DA:1852,0
DA:1854,0
DA:1855,0
DA:1859,4
DA:1860,0
DA:1861,0
DA:1862,0
DA:1863,0
DA:1865,0
DA:1866,0
DA:1870,4
DA:1871,0
DA:1872,0
DA:1873,0
DA:1878,0
DA:1880,0
DA:1881,0
DA:1885,4
DA:1886,0
DA:1887,0
DA:1888,0
DA:1889,0
DA:1894,0
DA:1896,0
DA:1897,0
DA:1901,4
DA:1902,0
DA:1903,0
DA:1904,0
DA:1905,0
DA:1906,0
DA:1912,0
DA:1914,0
DA:1915,0
DA:1919,4
DA:1920,0
DA:1921,0
DA:1922,0
DA:1923,0
DA:1927,0
DA:1929,0
DA:1930,0
DA:1934,4
DA:1935,0
DA:1936,0
DA:1937,0
DA:1938,0
DA:1942,0
DA:1944,0
DA:1945,0
DA:1949,4
DA:1950,0
DA:1951,0
DA:1952,0
DA:1956,0
DA:1958,0
DA:1959,0
DA:1963,4
DA:1964,0
DA:1965,0
DA:1966,0
DA:1967,0
DA:1968,0
DA:1973,0
DA:1975,0
DA:1976,0
DA:1980,4
DA:1981,0
DA:1982,0
DA:1983,0
DA:1984,0
DA:1985,0
DA:1987,0
DA:1988,0
DA:1992,4
DA:1993,0
DA:1994,0
DA:1995,0
DA:1996,0
DA:1997,0
DA:2002,0
DA:2004,0
DA:2005,0
DA:2006,0
DA:2010,4
DA:2011,0
DA:2012,0
DA:2013,0
DA:2014,0
DA:2015,0
DA:2021,0
DA:2023,0
DA:2024,0
DA:2025,0
DA:2029,4
DA:2030,0
DA:2031,0
DA:2032,0
DA:2033,0
DA:2034,0
DA:2039,0
DA:2041,0
DA:2042,0
DA:2046,4
DA:2047,0
DA:2048,0
DA:2049,0
DA:2050,0
DA:2051,0
DA:2056,0
DA:2058,0
DA:2059,0
DA:2063,4
DA:2064,0
DA:2065,0
DA:2066,0
DA:2067,0
DA:2071,0
DA:2073,0
DA:2074,0
DA:2078,4
DA:2079,0
DA:2080,0
DA:2081,0
DA:2082,0
DA:2087,0
DA:2089,0
DA:2090,0
DA:2091,0
DA:2095,4
DA:2096,0
DA:2097,0
DA:2098,0
DA:2099,0
DA:2103,0
DA:2105,0
DA:2106,0
DA:2110,4
DA:2111,0
DA:2112,0
DA:2113,0
DA:2114,0
DA:2118,0
DA:2120,0
DA:2121,0
DA:2122,0
DA:2126,4
DA:2127,0
DA:2128,0
DA:2129,0
DA:2130,0
DA:2134,0
DA:2136,0
DA:2137,0
DA:2138,0
DA:2142,4
DA:2143,0
DA:2144,0
DA:2145,0
DA:2146,0
DA:2147,0
DA:2149,0
DA:2150,0
DA:2151,0
DA:2156,4
DA:2157,0
DA:2158,0
DA:2159,0
DA:2163,0
DA:2165,0
DA:2166,0
DA:2170,4
DA:2171,0
DA:2172,0
DA:2173,0
DA:2178,0
DA:2180,0
DA:2181,0
DA:2185,4
DA:2186,0
DA:2187,0
DA:2188,0
DA:2189,0
DA:2190,0
DA:2192,0
DA:2194,0
DA:2195,0
DA:2196,0
DA:2200,4
DA:2201,0
DA:2202,0
DA:2203,0
DA:2204,0
DA:2206,0
DA:2207,0
DA:2211,4
DA:2212,0
DA:2213,0
DA:2214,0
DA:2215,0
DA:2220,0
DA:2222,0
DA:2223,0
DA:2227,4
DA:2228,0
DA:2229,0
DA:2230,0
DA:2231,0
DA:2233,0
DA:2234,0
DA:2238,4
DA:2239,0
DA:2240,0
DA:2241,0
DA:2242,0
DA:2247,0
DA:2249,0
DA:2250,0
DA:2254,4
DA:2255,0
DA:2256,0
DA:2257,0
DA:2258,0
DA:2259,0
DA:2261,0
DA:2262,0
DA:2263,0
DA:2267,4
DA:2268,0
DA:2269,0
DA:2270,0
DA:2271,0
DA:2272,0
DA:2278,0
DA:2280,0
DA:2281,0
DA:2282,0
DA:2286,4
DA:2287,0
DA:2288,0
DA:2289,0
DA:2290,0
DA:2292,0
DA:2293,0
DA:2297,4
DA:2298,0
DA:2299,0
DA:2300,0
DA:2301,0
DA:2306,0
DA:2308,0
DA:2309,0
DA:2313,4
DA:2314,0
DA:2315,0
DA:2316,0
DA:2317,0
DA:2321,0
DA:2323,0
DA:2324,0
DA:2328,4
DA:2329,0
DA:2330,0
DA:2331,0
DA:2332,0
DA:2337,0
DA:2339,0
DA:2340,0
DA:2344,4
DA:2345,0
DA:2346,0
DA:2347,0
DA:2348,0
DA:2354,0
DA:2356,0
DA:2357,0
DA:2361,4
DA:2362,0
DA:2363,0
DA:2364,0
DA:2365,0
DA:2367,0
DA:2368,0
DA:2372,4
DA:2373,0
DA:2374,0
DA:2375,0
DA:2377,0
DA:2378,0
DA:2382,4
DA:2383,0
DA:2384,0
DA:2385,0
DA:2386,0
DA:2387,0
DA:2389,0
DA:2391,0
DA:2392,0
DA:2396,4
DA:2397,0
DA:2398,0
DA:2399,0
DA:2400,0
DA:2401,0
DA:2406,0
DA:2408,0
DA:2409,0
DA:2410,0
DA:2414,4
DA:2415,0
DA:2416,0
DA:2417,0
DA:2418,0
DA:2422,0
DA:2424,0
DA:2425,0
DA:2426,0
DA:2430,4
DA:2431,0
DA:2432,0
DA:2433,0
DA:2434,0
DA:2438,0
DA:2440,0
DA:2441,0
DA:2442,0
DA:2446,4
DA:2447,0
DA:2448,0
DA:2449,0
DA:2450,0
DA:2452,0
DA:2453,0
DA:2454,0
DA:2459,4
DA:2460,0
DA:2461,0
DA:2462,0
DA:2463,0
DA:2465,0
DA:2466,0
DA:2470,4
DA:2471,0
DA:2472,0
DA:2473,0
DA:2474,0
DA:2478,0
DA:2480,0
DA:2481,0
DA:2486,4
DA:2487,0
DA:2488,0
DA:2489,0
DA:2492,0
DA:2494,0
DA:2495,0
DA:2499,4
DA:2500,0
DA:2501,0
DA:2502,0
DA:2503,0
DA:2507,0
DA:2509,0
DA:2510,0
DA:2515,4
DA:2516,0
DA:2517,0
DA:2518,0
DA:2519,0
DA:2521,0
DA:2522,0
DA:2526,4
DA:2527,0
DA:2528,0
DA:2529,0
DA:2530,0
DA:2543,0
DA:2545,0
DA:2546,0
DA:2550,4
DA:2551,0
DA:2552,0
DA:2553,0
DA:2558,0
DA:2560,0
DA:2561,0
DA:2565,4
DA:2566,0
DA:2567,0
DA:2568,0
DA:2569,0
DA:2574,0
DA:2576,0
DA:2577,0
DA:2581,4
DA:2582,0
DA:2583,0
DA:2584,0
DA:2585,0
DA:2590,0
DA:2592,0
DA:2593,0
DA:2597,4
DA:2598,0
DA:2599,0
DA:2600,0
DA:2601,0
DA:2605,0
DA:2607,0
DA:2608,0
DA:2612,4
DA:2613,0
DA:2614,0
DA:2615,0
DA:2616,0
DA:2619,0
DA:2621,0
DA:2622,0
DA:2626,4
DA:2627,0
DA:2628,0
DA:2629,0
DA:2634,0
DA:2636,0
DA:2637,0
DA:2641,4
DA:2642,0
DA:2643,0
DA:2644,0
DA:2645,0
DA:2650,0
DA:2652,0
DA:2653,0
DA:2658,4
DA:2659,0
DA:2660,0
DA:2661,0
DA:2666,0
DA:2668,0
DA:2669,0
DA:2673,4
DA:2674,0
DA:2675,0
DA:2676,0
DA:2680,0
DA:2682,0
DA:2683,0
DA:2687,4
DA:2688,0
DA:2689,0
DA:2690,0
DA:2694,0
DA:2696,0
DA:2697,0
DA:2701,4
DA:2702,0
DA:2703,0
DA:2704,0
DA:2708,0
DA:2710,0
DA:2711,0
DA:2715,4
DA:2716,0
DA:2717,0
DA:2718,0
DA:2719,0
DA:2723,0
DA:2725,0
DA:2726,0
DA:2730,4
DA:2731,0
DA:2732,0
DA:2733,0
DA:2734,0
DA:2735,0
DA:2741,0
DA:2743,0
DA:2744,0
DA:2749,4
DA:2750,0
DA:2751,0
DA:2752,0
DA:2754,0
DA:2761,0
DA:2770,0
DA:2772,0
DA:2777,0
DA:2781,4
DA:2782,0
DA:2783,0
DA:2785,0
DA:2786,0
DA:2788,0
DA:2789,0
DA:2793,4
DA:2794,0
DA:2795,0
DA:2796,0
DA:2797,0
DA:2799,0
DA:2800,0
DA:2802,0
DA:2803,0
DA:2807,4
DA:2808,0
DA:2809,0
DA:2810,0
DA:2812,0
DA:2813,0
DA:2815,0
DA:2816,0
DA:2821,4
DA:2822,0
DA:2823,0
DA:2826,0
DA:2827,0
DA:2830,0
DA:2833,0
DA:2835,0
DA:2839,0
DA:2846,0
DA:2848,0
DA:2849,0
DA:2853,4
DA:2854,0
DA:2855,0
DA:2856,0
DA:2859,0
DA:2860,0
DA:2863,0
DA:2869,0
DA:2871,0
DA:2875,0
DA:2879,0
DA:2887,0
DA:2889,0
DA:2890,0
DA:2894,4
DA:2895,0
DA:2896,0
DA:2897,0
DA:2900,0
DA:2901,0
DA:2904,0
DA:2910,0
DA:2912,0
DA:2913,0
DA:2917,4
DA:2918,0
DA:2919,0
DA:2920,0
DA:2921,0
DA:2924,0
DA:2925,0
DA:2928,0
DA:2929,0
DA:2932,0
DA:2938,0
DA:2940,0
DA:2941,0
DA:2946,4
DA:2947,0
DA:2948,0
DA:2949,0
DA:2951,0
DA:2952,0
DA:2954,0
DA:2955,0
DA:2958,0
DA:2961,0
DA:2963,0
DA:2965,0
DA:2966,0
DA:2970,4
DA:2971,0
DA:2972,0
DA:2974,0
DA:2975,0
DA:2977,0
DA:2978,0
DA:2980,0
DA:2981,0
DA:2984,0
DA:2991,0
DA:2993,0
DA:2994,0
DA:2998,4
DA:2999,0
DA:3000,0
DA:3002,0
DA:3003,0
DA:3005,0
DA:3006,0
DA:3009,0
DA:3011,0
DA:3013,0
DA:3014,0
DA:3018,4
DA:3019,0
DA:3020,0
DA:3021,0
DA:3023,0
DA:3024,0
DA:3026,0
DA:3027,0
DA:3029,0
DA:3030,0
DA:3033,0
DA:3040,0
DA:3042,0
DA:3043,0
DA:3047,4
DA:3048,0
DA:3049,0
DA:3051,0
DA:3052,0
DA:3054,0
DA:3055,0
DA:3058,0
DA:3064,0
DA:3066,0
DA:3067,0
DA:3071,4
DA:3072,0
DA:3073,0
DA:3074,0
DA:3076,0
DA:3077,0
DA:3079,0
DA:3080,0
DA:3082,0
DA:3083,0
DA:3086,0
DA:3093,0
DA:3095,0
DA:3096,0
DA:3101,4
LF:1584
LH:202
BRDA:35,0,0,0
BRDA:35,0,1,0
BRDA:37,1,0,0
BRDA:82,2,0,0
BRDA:82,2,1,0
BRDA:94,3,0,0
BRDA:94,3,1,0
BRDA:106,4,0,0
BRDA:106,4,1,0
BRDA:116,5,0,0
BRDA:135,6,0,0
BRDA:135,6,1,0
BRDA:137,7,0,0
BRDA:153,8,0,0
BRDA:153,8,1,0
BRDA:154,9,0,0
BRDA:167,10,0,0
BRDA:167,10,1,0
BRDA:179,11,0,0
BRDA:179,11,1,0
BRDA:191,12,0,0
BRDA:191,12,1,0
BRDA:203,13,0,0
BRDA:203,13,1,0
BRDA:215,14,0,0
BRDA:215,14,1,0
BRDA:227,15,0,0
BRDA:227,15,1,0
BRDA:253,16,0,0
BRDA:253,16,1,0
BRDA:274,17,0,0
BRDA:274,17,1,0
BRDA:282,18,0,0
BRDA:293,19,0,0
BRDA:293,19,1,0
BRDA:329,20,0,0
BRDA:335,21,0,0
BRDA:383,22,0,0
BRDA:394,23,0,0
BRDA:408,24,0,0
BRDA:408,24,1,0
BRDA:423,25,0,0
BRDA:423,26,0,0
BRDA:423,26,1,0
BRDA:434,27,0,0
BRDA:444,28,0,0
BRDA:455,29,0,0
BRDA:465,30,0,0
BRDA:465,31,0,0
BRDA:465,31,1,0
BRDA:465,31,2,0
BRDA:477,32,0,0
BRDA:487,33,0,0
BRDA:498,34,0,0
BRDA:508,35,0,0
BRDA:508,36,0,0
BRDA:508,36,1,0
BRDA:515,37,0,0
BRDA:515,37,1,0
BRDA:522,38,0,0
BRDA:533,39,0,0
BRDA:533,40,0,0
BRDA:533,40,1,0
BRDA:545,41,0,0
BRDA:557,42,0,0
BRDA:557,42,1,0
BRDA:559,43,0,0
BRDA:559,43,1,0
BRDA:559,44,0,0
BRDA:559,44,1,0
BRDA:561,45,0,0
BRDA:574,46,0,0
BRDA:612,47,0,0
BRDA:612,47,1,0
BRDA:739,48,0,0
BRDA:739,48,1,0
BRDA:772,49,0,0
BRDA:772,49,1,0
BRDA:788,50,0,0
BRDA:788,50,1,0
BRDA:792,51,0,0
BRDA:792,51,1,0
BRDA:792,52,0,0
BRDA:792,52,1,0
BRDA:822,53,0,0
BRDA:822,53,1,0
BRDA:838,54,0,0
BRDA:838,54,1,0
BRDA:846,55,0,0
BRDA:846,55,1,0
BRDA:846,56,0,0
BRDA:846,56,1,0
BRDA:865,57,0,0
BRDA:865,57,1,0
BRDA:881,58,0,0
BRDA:881,58,1,0
BRDA:882,59,0,0
BRDA:882,59,1,0
BRDA:1008,60,0,0
BRDA:1008,60,1,0
BRDA:1066,61,0,0
BRDA:1066,61,1,0
BRDA:1066,62,0,0
BRDA:1066,62,1,0
BRDA:1121,63,0,0
BRDA:1121,63,1,0
BRDA:1172,64,0,0
BRDA:1202,65,0,0
BRDA:1213,66,0,0
BRDA:1213,66,1,0
BRDA:1239,67,0,0
BRDA:1239,67,1,0
BRDA:1250,68,0,0
BRDA:1250,68,1,0
BRDA:1251,69,0,0
BRDA:1251,69,1,0
BRDA:1324,70,0,0
BRDA:1324,70,1,0
BRDA:1341,71,0,0
BRDA:1341,71,1,0
BRDA:1363,72,0,0
BRDA:1387,73,0,0
BRDA:1387,73,1,0
BRDA:1401,74,0,0
BRDA:1421,75,0,0
BRDA:1496,76,0,0
BRDA:1591,77,0,0
BRDA:1591,77,1,0
BRDA:1663,78,0,0
BRDA:1663,78,1,0
BRDA:1672,79,0,0
BRDA:1675,80,0,0
BRDA:1675,80,1,0
BRDA:1676,81,0,0
BRDA:1676,82,0,0
BRDA:1676,82,1,0
BRDA:1679,83,0,0
BRDA:1682,84,0,0
BRDA:1730,85,0,0
BRDA:1739,86,0,0
BRDA:1794,87,0,0
BRDA:1811,88,0,0
BRDA:1836,89,0,0
BRDA:1836,89,1,0
BRDA:1837,90,0,0
BRDA:1837,90,1,0
BRDA:1983,91,0,0
BRDA:1983,91,1,0
BRDA:2005,92,0,0
BRDA:2024,93,0,0
BRDA:2090,94,0,0
BRDA:2121,95,0,0
BRDA:2137,96,0,0
BRDA:2150,97,0,0
BRDA:2189,98,0,0
BRDA:2195,99,0,0
BRDA:2217,100,0,0
BRDA:2217,100,1,0
BRDA:2262,101,0,0
BRDA:2281,102,0,0
BRDA:2303,103,0,0
BRDA:2303,103,1,0
BRDA:2304,104,0,0
BRDA:2304,104,1,0
BRDA:2319,105,0,0
BRDA:2319,105,1,0
BRDA:2350,106,0,0
BRDA:2350,106,1,0
BRDA:2351,107,0,0
BRDA:2351,107,1,0
BRDA:2352,108,0,0
BRDA:2352,108,1,0
BRDA:2386,109,0,0
BRDA:2409,110,0,0
BRDA:2425,111,0,0
BRDA:2441,112,0,0
BRDA:2453,113,0,0
BRDA:2536,114,0,0
BRDA:2536,114,1,0
BRDA:2536,115,0,0
BRDA:2536,115,1,0
BRDA:2537,116,0,0
BRDA:2537,116,1,0
BRDA:2538,117,0,0
BRDA:2538,117,1,0
BRDA:2539,118,0,0
BRDA:2539,118,1,0
BRDA:2540,119,0,0
BRDA:2540,119,1,0
BRDA:2561,120,0,0
BRDA:2561,120,1,0
BRDA:2577,121,0,0
BRDA:2577,121,1,0
BRDA:2593,122,0,0
BRDA:2593,122,1,0
BRDA:2603,123,0,0
BRDA:2603,123,1,0
BRDA:2608,124,0,0
BRDA:2608,124,1,0
BRDA:2616,125,0,0
BRDA:2616,125,1,0
BRDA:2637,126,0,0
BRDA:2637,126,1,0
BRDA:2653,127,0,0
BRDA:2653,127,1,0
BRDA:2669,128,0,0
BRDA:2669,128,1,0
BRDA:2683,129,0,0
BRDA:2683,129,1,0
BRDA:2697,130,0,0
BRDA:2697,130,1,0
BRDA:2711,131,0,0
BRDA:2711,131,1,0
BRDA:2718,132,0,0
BRDA:2718,132,1,0
BRDA:2726,133,0,0
BRDA:2726,133,1,0
BRDA:2744,134,0,0
BRDA:2744,134,1,0
BRDA:2767,135,0,0
BRDA:2767,135,1,0
BRDA:2773,136,0,0
BRDA:2773,136,1,0
BRDA:2777,137,0,0
BRDA:2777,137,1,0
BRDA:2799,138,0,0
BRDA:2799,138,1,0
BRDA:2803,139,0,0
BRDA:2803,139,1,0
BRDA:2816,140,0,0
BRDA:2816,140,1,0
BRDA:2826,141,0,0
BRDA:2841,142,0,0
BRDA:2841,142,1,0
BRDA:2849,143,0,0
BRDA:2849,143,1,0
BRDA:2859,144,0,0
BRDA:2875,145,0,0
BRDA:2875,145,1,0
BRDA:2881,146,0,0
BRDA:2881,146,1,0
BRDA:2882,147,0,0
BRDA:2882,147,1,0
BRDA:2890,148,0,0
BRDA:2890,148,1,0
BRDA:2900,149,0,0
BRDA:2913,150,0,0
BRDA:2913,150,1,0
BRDA:2924,151,0,0
BRDA:2928,152,0,0
BRDA:2928,153,0,0
BRDA:2928,153,1,0
BRDA:2928,153,2,0
BRDA:2941,154,0,0
BRDA:2941,154,1,0
BRDA:2949,155,0,0
BRDA:2949,156,0,0
BRDA:2951,157,0,0
BRDA:2954,158,0,0
BRDA:2966,159,0,0
BRDA:2966,159,1,0
BRDA:2972,160,0,0
BRDA:2974,161,0,0
BRDA:2974,162,0,0
BRDA:2974,162,1,0
BRDA:2977,163,0,0
BRDA:2977,164,0,0
BRDA:2977,164,1,0
BRDA:2980,165,0,0
BRDA:2994,166,0,0
BRDA:2994,166,1,0
BRDA:3002,167,0,0
BRDA:3002,168,0,0
BRDA:3002,168,1,0
BRDA:3005,169,0,0
BRDA:3005,170,0,0
BRDA:3005,170,1,0
BRDA:3014,171,0,0
BRDA:3014,171,1,0
BRDA:3023,172,0,0
BRDA:3023,173,0,0
BRDA:3023,173,1,0
BRDA:3026,174,0,0
BRDA:3026,175,0,0
BRDA:3026,175,1,0
BRDA:3029,176,0,0
BRDA:3029,177,0,0
BRDA:3029,177,1,0
BRDA:3043,178,0,0
BRDA:3043,178,1,0
BRDA:3051,179,0,0
BRDA:3051,180,0,0
BRDA:3051,180,1,0
BRDA:3054,181,0,0
BRDA:3054,182,0,0
BRDA:3054,182,1,0
BRDA:3067,183,0,0
BRDA:3067,183,1,0
BRDA:3076,184,0,0
BRDA:3076,185,0,0
BRDA:3076,185,1,0
BRDA:3079,186,0,0
BRDA:3079,187,0,0
BRDA:3079,187,1,0
BRDA:3079,187,2,0
BRDA:3082,188,0,0
BRDA:3082,189,0,0
BRDA:3082,189,1,0
BRDA:3082,189,2,0
BRDA:3096,190,0,0
BRDA:3096,190,1,0
BRF:311
BRH:0
end_of_record
TN:
SF:src/controllers/aiController.ts
FN:8,(anonymous_1)
FN:9,(anonymous_2)
FN:45,(anonymous_3)
FN:75,(anonymous_4)
FN:87,(anonymous_5)
FN:101,(anonymous_6)
FN:114,(anonymous_7)
FN:133,(anonymous_8)
FN:145,(anonymous_9)
FN:158,(anonymous_10)
FN:176,(anonymous_11)
FNF:11
FNH:6
FNDA:5,(anonymous_1)
FNDA:2,(anonymous_2)
FNDA:1,(anonymous_3)
FNDA:1,(anonymous_4)
FNDA:1,(anonymous_5)
FNDA:0,(anonymous_6)
FNDA:0,(anonymous_7)
FNDA:0,(anonymous_8)
FNDA:0,(anonymous_9)
FNDA:0,(anonymous_10)
FNDA:1,(anonymous_11)
DA:3,5
DA:4,5
DA:5,5
DA:6,5
DA:9,5
DA:10,2
DA:11,2
DA:12,2
DA:14,2
DA:15,1
DA:18,1
DA:25,1
DA:27,1
DA:33,1
DA:34,1
DA:37,0
DA:38,0
DA:41,0
DA:45,5
DA:46,1
DA:47,1
DA:48,1
DA:50,1
DA:51,0
DA:54,1
DA:55,1
DA:57,0
DA:63,0
DA:64,0
DA:67,0
DA:68,0
DA:71,0
DA:75,5
DA:76,1
DA:77,1
DA:78,1
DA:79,1
DA:80,1
DA:82,0
DA:83,0
DA:87,5
DA:88,1
DA:89,1
DA:90,1
DA:91,1
DA:92,1
DA:93,1
DA:95,0
DA:96,0
DA:97,0
DA:101,5
DA:102,0
DA:103,0
DA:104,0
DA:105,0
DA:106,0
DA:108,0
DA:109,0
DA:110,0
DA:114,5
DA:115,0
DA:116,0
DA:117,0
DA:118,0
DA:125,0
DA:127,0
DA:128,0
DA:129,0
DA:133,5
DA:134,0
DA:135,0
DA:136,0
DA:137,0
DA:138,0
DA:140,0
DA:141,0
DA:145,5
DA:146,0
DA:147,0
DA:148,0
DA:149,0
DA:150,0
DA:152,0
DA:153,0
DA:154,0
DA:158,5
DA:159,0
DA:160,0
DA:161,0
DA:162,0
DA:168,0
DA:170,0
DA:171,0
DA:172,0
DA:176,5
DA:177,1
DA:178,1
DA:179,1
DA:181,1
DA:182,0
DA:188,1
DA:195,1
DA:201,0
DA:208,0
DA:209,0
DA:212,0
DA:217,5
LF:107
LH:48
BRDA:14,0,0,1
BRDA:14,1,0,2
BRDA:14,1,1,2
BRDA:14,1,2,1
BRDA:33,2,0,1
BRDA:37,3,0,0
BRDA:37,4,0,0
BRDA:37,4,1,0
BRDA:50,5,0,0
BRDA:50,6,0,1
BRDA:50,6,1,1
BRDA:50,6,2,1
BRDA:63,7,0,0
BRDA:67,8,0,0
BRDA:67,9,0,0
BRDA:67,9,1,0
BRDA:91,10,0,0
BRDA:91,10,1,1
BRDA:96,11,0,0
BRDA:97,12,0,0
BRDA:97,12,1,0
BRDA:109,13,0,0
BRDA:110,14,0,0
BRDA:110,14,1,0
BRDA:119,15,0,0
BRDA:119,15,1,0
BRDA:122,16,0,0
BRDA:122,16,1,0
BRDA:128,17,0,0
BRDA:129,18,0,0
BRDA:129,18,1,0
BRDA:153,19,0,0
BRDA:154,20,0,0
BRDA:154,20,1,0
BRDA:164,21,0,0
BRDA:164,21,1,0
BRDA:165,22,0,0
BRDA:165,22,1,0
BRDA:171,23,0,0
BRDA:172,24,0,0
BRDA:172,24,1,0
BRDA:181,25,0,0
BRDA:208,26,0,0
BRF:43
BRH:9
end_of_record
TN:
SF:src/controllers/aiRmfController.ts
FN:7,(anonymous_1)
FN:12,(anonymous_2)
FN:37,(anonymous_3)
FN:61,(anonymous_4)
FN:80,(anonymous_5)
FN:107,(anonymous_6)
FN:137,(anonymous_7)
FN:169,(anonymous_8)
FN:196,(anonymous_9)
FN:227,(anonymous_10)
FN:259,(anonymous_11)
FN:291,(anonymous_12)
FN:310,(anonymous_13)
FN:333,(anonymous_14)
FN:360,(anonymous_15)
FN:379,(anonymous_16)
FN:409,(anonymous_17)
FN:432,(anonymous_18)
FN:459,(anonymous_19)
FN:490,(anonymous_20)
FN:509,(anonymous_21)
FNF:21
FNH:1
FNDA:4,(anonymous_1)
FNDA:0,(anonymous_2)
FNDA:0,(anonymous_3)
FNDA:0,(anonymous_4)
FNDA:0,(anonymous_5)
FNDA:0,(anonymous_6)
FNDA:0,(anonymous_7)
FNDA:0,(anonymous_8)
FNDA:0,(anonymous_9)
FNDA:0,(anonymous_10)
FNDA:0,(anonymous_11)
FNDA:0,(anonymous_12)
FNDA:0,(anonymous_13)
FNDA:0,(anonymous_14)
FNDA:0,(anonymous_15)
FNDA:0,(anonymous_16)
FNDA:0,(anonymous_17)
FNDA:0,(anonymous_18)
FNDA:0,(anonymous_19)
FNDA:0,(anonymous_20)
FNDA:0,(anonymous_21)
DA:3,4
DA:4,4
DA:5,4
DA:12,4
DA:13,0
DA:14,0
DA:15,0
DA:16,0
DA:18,0
DA:26,0
DA:28,0
DA:29,0
DA:30,0
DA:32,0
DA:37,4
DA:38,0
DA:39,0
DA:40,0
DA:41,0
DA:43,0
DA:44,0
DA:45,0
DA:46,0
DA:48,0
DA:50,0
DA:52,0
DA:53,0
DA:54,0
DA:56,0
DA:61,4
DA:62,0
DA:63,0
DA:64,0
DA:65,0
DA:67,0
DA:69,0
DA:71,0
DA:72,0
DA:73,0
DA:75,0
DA:80,4
DA:81,0
DA:82,0
DA:83,0
DA:84,0
DA:85,0
DA:87,0
DA:96,0
DA:98,0
DA:99,0
DA:100,0
DA:102,0
DA:107,4
DA:108,0
DA:109,0
DA:110,0
DA:111,0
DA:112,0
DA:114,0
DA:122,0
DA:124,0
DA:125,0
DA:126,0
DA:128,0
DA:137,4
DA:138,0
DA:139,0
DA:140,0
DA:141,0
DA:142,0
DA:144,0
DA:154,0
DA:156,0
DA:157,0
DA:158,0
DA:160,0
DA:169,4
DA:170,0
DA:171,0
DA:172,0
DA:173,0
DA:174,0
DA:176,0
DA:185,0
DA:187,0
DA:188,0
DA:189,0
DA:191,0
DA:196,4
DA:197,0
DA:198,0
DA:199,0
DA:200,0
DA:201,0
DA:203,0
DA:212,0
DA:214,0
DA:215,0
DA:216,0
DA:218,0
DA:227,4
DA:228,0
DA:229,0
DA:230,0
DA:231,0
DA:232,0
DA:234,0
DA:244,0
DA:246,0
DA:247,0
DA:248,0
DA:250,0
DA:259,4
DA:260,0
DA:261,0
DA:262,0
DA:263,0
DA:264,0
DA:266,0
DA:276,0
DA:278,0
DA:279,0
DA:280,0
DA:282,0
DA:291,4
DA:292,0
DA:293,0
DA:294,0
DA:295,0
DA:297,0
DA:299,0
DA:301,0
DA:302,0
DA:303,0
DA:305,0
DA:310,4
DA:311,0
DA:312,0
DA:313,0
DA:314,0
DA:316,0
DA:318,0
DA:320,0
DA:321,0
DA:322,0
DA:324,0
DA:333,4
DA:334,0
DA:335,0
DA:336,0
DA:337,0
DA:338,0
DA:340,0
DA:349,0
DA:351,0
DA:352,0
DA:353,0
DA:355,0
DA:360,4
DA:361,0
DA:362,0
DA:363,0
DA:364,0
DA:366,0
DA:368,0
DA:370,0
DA:371,0
DA:372,0
DA:374,0
DA:379,4
DA:380,0
DA:381,0
DA:382,0
DA:383,0
DA:384,0
DA:386,0
DA:394,0
DA:396,0
DA:397,0
DA:398,0
DA:400,0
DA:409,4
DA:410,0
DA:411,0
DA:412,0
DA:413,0
DA:415,0
DA:417,0
DA:419,0
DA:420,0
DA:421,0
DA:423,0
DA:432,4
DA:433,0
DA:434,0
DA:435,0
DA:436,0
DA:437,0
DA:439,0
DA:448,0
DA:450,0
DA:451,0
DA:452,0
DA:454,0
DA:459,4
DA:460,0
DA:461,0
DA:462,0
DA:463,0
DA:464,0
DA:466,0
DA:475,0
DA:477,0
DA:478,0
DA:479,0
DA:481,0
DA:490,4
DA:491,0
DA:492,0
DA:493,0
DA:494,0
DA:496,0
DA:498,0
DA:500,0
DA:501,0
DA:502,0
DA:504,0
DA:509,4
DA:510,0
DA:511,0
DA:512,0
DA:514,0
DA:516,0
DA:518,0
DA:519,0
DA:520,0
DA:522,0
DA:528,4
LF:238
LH:24
BRDA:29,0,0,0
BRDA:29,0,1,0
BRDA:44,1,0,0
BRDA:45,2,0,0
BRDA:46,3,0,0
BRDA:53,4,0,0
BRDA:53,4,1,0
BRDA:72,5,0,0
BRDA:72,5,1,0
BRDA:99,6,0,0
BRDA:99,6,1,0
BRDA:125,7,0,0
BRDA:125,7,1,0
BRDA:157,8,0,0
BRDA:157,8,1,0
BRDA:188,9,0,0
BRDA:188,9,1,0
BRDA:215,10,0,0
BRDA:215,10,1,0
BRDA:247,11,0,0
BRDA:247,11,1,0
BRDA:279,12,0,0
BRDA:279,12,1,0
BRDA:302,13,0,0
BRDA:302,13,1,0
BRDA:321,14,0,0
BRDA:321,14,1,0
BRDA:352,15,0,0
BRDA:352,15,1,0
BRDA:371,16,0,0
BRDA:371,16,1,0
BRDA:397,17,0,0
BRDA:397,17,1,0
BRDA:420,18,0,0
BRDA:420,18,1,0
BRDA:451,19,0,0
BRDA:451,19,1,0
BRDA:478,20,0,0
BRDA:478,20,1,0
BRDA:501,21,0,0
BRDA:501,21,1,0
BRDA:519,22,0,0
BRDA:519,22,1,0
BRF:43
BRH:0
end_of_record
TN:
SF:src/controllers/auditController.ts
FN:9,(anonymous_1)
FN:10,(anonymous_2)
FN:60,(anonymous_3)
FN:100,(anonymous_4)
FN:108,(anonymous_5)
FN:124,(anonymous_6)
FN:129,(anonymous_7)
FNF:7
FNH:1
FNDA:4,(anonymous_1)
FNDA:0,(anonymous_2)
FNDA:0,(anonymous_3)
FNDA:0,(anonymous_4)
FNDA:0,(anonymous_5)
FNDA:0,(anonymous_6)
FNDA:0,(anonymous_7)
DA:3,4
DA:4,4
DA:5,4
DA:6,4
DA:7,4
DA:10,4
DA:11,0
DA:12,0
DA:13,0
DA:15,0
DA:17,0
DA:19,0
DA:20,0
DA:22,0
DA:23,0
DA:24,0
DA:25,0
DA:28,0
DA:47,0
DA:54,0
DA:55,0
DA:56,0
DA:60,4
DA:61,0
DA:62,0
DA:63,0
DA:64,0
DA:65,0
DA:67,0
DA:68,0
DA:72,0
DA:76,0
DA:99,0
DA:100,0
DA:102,0
DA:103,0
DA:111,0
DA:125,0
DA:128,0
DA:131,0
DA:135,0
DA:137,0
DA:138,0
DA:139,0
DA:144,4
LF:45
LH:8
BRDA:15,0,0,0
BRDA:15,1,0,0
BRDA:19,2,0,0
BRDA:20,3,0,0
BRDA:22,4,0,0
BRDA:22,5,0,0
BRDA:22,5,1,0
BRDA:24,6,0,0
BRDA:25,7,0,0
BRDA:55,8,0,0
BRDA:67,9,0,0
BRDA:72,10,0,0
BRDA:72,10,1,0
BRDA:72,11,0,0
BRDA:72,11,1,0
BRDA:73,12,0,0
BRDA:73,12,1,0
BRDA:74,13,0,0
BRDA:74,13,1,0
BRDA:81,14,0,0
BRDA:81,14,1,0
BRDA:81,15,0,0
BRDA:81,15,1,0
BRDA:83,16,0,0
BRDA:83,16,1,0
BRDA:84,17,0,0
BRDA:84,17,1,0
BRDA:102,18,0,0
BRDA:115,19,0,0
BRDA:115,19,1,0
BRDA:138,20,0,0
BRDA:139,21,0,0
BRDA:139,21,1,0
BRF:33
BRH:0
end_of_record
TN:
SF:src/controllers/authController.ts
FN:11,(anonymous_10)
FN:146,(anonymous_11)
FN:263,(anonymous_12)
FN:301,(anonymous_13)
FN:377,(anonymous_14)
FN:431,(anonymous_15)
FN:572,(anonymous_16)
FN:610,(anonymous_17)
FN:673,(anonymous_18)
FN:708,(anonymous_19)
FN:769,(anonymous_20)
FN:830,(anonymous_21)
FN:854,(anonymous_22)
FN:900,(anonymous_23)
FN:930,(anonymous_24)
FN:936,(anonymous_25)
FNF:16
FNH:4
FNDA:5,(anonymous_10)
FNDA:4,(anonymous_11)
FNDA:1,(anonymous_12)
FNDA:0,(anonymous_13)
FNDA:0,(anonymous_14)
FNDA:5,(anonymous_15)
FNDA:0,(anonymous_16)
FNDA:0,(anonymous_17)
FNDA:0,(anonymous_18)
FNDA:0,(anonymous_19)
FNDA:0,(anonymous_20)
FNDA:0,(anonymous_21)
FNDA:0,(anonymous_22)
FNDA:0,(anonymous_23)
FNDA:0,(anonymous_24)
FNDA:0,(anonymous_25)
DA:2,6
DA:3,6
DA:4,6
DA:5,6
DA:6,6
DA:7,6
DA:8,6
DA:12,5
DA:13,5
DA:15,5
DA:16,0
DA:22,5
DA:43,4
DA:45,2
DA:53,2
DA:78,0
DA:82,2
DA:83,2
DA:86,2
DA:95,2
DA:96,2
DA:97,2
DA:98,2
DA:102,0
DA:104,0
DA:105,0
DA:110,2
DA:116,2
DA:117,0
DA:118,0
DA:121,2
DA:123,3
DA:130,3
DA:133,3
DA:134,3
DA:135,0
DA:136,3
DA:137,0
DA:138,3
DA:139,3
DA:142,3
DA:147,4
DA:148,4
DA:150,4
DA:151,0
DA:155,4
DA:159,3
DA:160,1
DA:163,2
DA:164,1
DA:168,1
DA:188,1
DA:189,0
DA:193,1
DA:199,1
DA:201,0
DA:206,0
DA:210,1
DA:216,1
DA:223,1
DA:226,1
DA:237,1
DA:255,1
DA:257,3
DA:258,3
DA:259,1
DA:264,1
DA:265,1
DA:267,1
DA:268,0
DA:271,1
DA:273,1
DA:274,1
DA:277,0
DA:281,0
DA:282,0
DA:286,0
DA:293,0
DA:295,1
DA:296,1
DA:297,0
DA:302,0
DA:303,0
DA:305,0
DA:306,0
DA:310,0
DA:332,0
DA:333,0
DA:337,0
DA:338,0
DA:342,0
DA:343,0
DA:344,0
DA:348,0
DA:350,0
DA:355,0
DA:359,0
DA:365,0
DA:372,0
DA:375,0
DA:376,0
DA:377,0
DA:378,0
DA:379,0
DA:390,0
DA:393,0
DA:397,0
DA:408,0
DA:425,0
DA:426,0
DA:427,0
DA:432,5
DA:433,5
DA:435,5
DA:436,1
DA:440,4
DA:459,4
DA:461,1
DA:464,1
DA:465,1
DA:468,1
DA:477,1
DA:478,1
DA:479,1
DA:480,1
DA:483,0
DA:484,0
DA:485,0
DA:490,1
DA:497,1
DA:498,0
DA:499,0
DA:502,1
DA:503,1
DA:507,3
DA:515,3
DA:518,3
DA:529,1
DA:532,1
DA:533,1
DA:535,1
DA:544,1
DA:547,1
DA:557,1
DA:558,0
DA:559,0
DA:562,1
DA:564,1
DA:566,3
DA:567,3
DA:568,2
DA:573,0
DA:574,0
DA:576,0
DA:577,0
DA:581,0
DA:601,0
DA:602,0
DA:605,0
DA:606,0
DA:610,0
DA:611,0
DA:612,0
DA:616,0
DA:617,0
DA:621,0
DA:627,0
DA:634,0
DA:637,0
DA:648,0
DA:665,0
DA:667,0
DA:668,0
DA:669,0
DA:674,0
DA:675,0
DA:676,0
DA:677,0
DA:678,0
DA:680,0
DA:681,0
DA:684,0
DA:685,0
DA:689,0
DA:690,0
DA:691,0
DA:695,0
DA:696,0
DA:698,0
DA:699,0
DA:700,0
DA:701,0
DA:706,0
DA:707,0
DA:708,0
DA:711,0
DA:718,0
DA:724,0
DA:730,0
DA:748,0
DA:760,0
DA:761,0
DA:763,0
DA:764,0
DA:765,0
DA:770,0
DA:771,0
DA:772,0
DA:773,0
DA:774,0
DA:776,0
DA:777,0
DA:780,0
DA:781,0
DA:785,0
DA:790,0
DA:791,0
DA:795,0
DA:796,0
DA:797,0
DA:801,0
DA:804,0
DA:810,0
DA:821,0
DA:822,0
DA:824,0
DA:825,0
DA:826,0
DA:831,0
DA:832,0
DA:833,0
DA:834,0
DA:837,0
DA:838,0
DA:839,0
DA:843,0
DA:844,0
DA:845,0
DA:849,0
DA:850,0
DA:854,0
DA:855,0
DA:863,0
DA:877,0
DA:888,0
DA:889,0
DA:891,0
DA:892,0
DA:893,0
DA:901,0
DA:904,0
DA:905,0
DA:906,0
DA:907,0
DA:908,0
DA:912,0
DA:913,0
DA:914,0
DA:915,0
DA:916,0
DA:917,0
DA:920,0
DA:921,0
DA:922,0
DA:923,0
DA:924,0
DA:925,0
DA:927,0
DA:931,0
DA:933,0
DA:934,0
DA:935,0
DA:936,0
DA:937,0
DA:938,0
DA:939,0
DA:940,0
DA:941,0
DA:946,0
DA:950,0
DA:952,0
DA:953,0
DA:958,6
LF:283
LH:95
BRDA:15,0,0,0
BRDA:43,1,0,2
BRDA:97,2,0,2
BRDA:104,3,0,0
BRDA:116,4,0,0
BRDA:130,5,0,0
BRDA:134,6,0,0
BRDA:134,6,1,3
BRDA:136,7,0,0
BRDA:136,7,1,3
BRDA:138,8,0,3
BRDA:150,9,0,0
BRDA:159,10,0,1
BRDA:159,11,0,3
BRDA:159,11,1,3
BRDA:163,12,0,1
BRDA:188,13,0,0
BRDA:199,14,0,0
BRDA:258,15,0,2
BRDA:267,16,0,0
BRDA:273,17,0,1
BRDA:281,18,0,0
BRDA:296,19,0,1
BRDA:305,20,0,0
BRDA:305,21,0,0
BRDA:305,21,1,0
BRDA:332,22,0,0
BRDA:337,23,0,0
BRDA:343,24,0,0
BRDA:348,25,0,0
BRDA:348,26,0,0
BRDA:348,26,1,0
BRDA:378,27,0,0
BRDA:387,28,0,0
BRDA:387,28,1,0
BRDA:426,29,0,0
BRDA:435,30,0,1
BRDA:435,31,0,5
BRDA:435,31,1,4
BRDA:459,32,0,1
BRDA:479,33,0,1
BRDA:484,34,0,0
BRDA:497,35,0,0
BRDA:509,36,0,3
BRDA:509,36,1,0
BRDA:515,37,0,0
BRDA:515,37,1,3
BRDA:557,38,0,0
BRDA:567,39,0,1
BRDA:576,40,0,0
BRDA:576,41,0,0
BRDA:576,41,1,0
BRDA:601,42,0,0
BRDA:605,43,0,0
BRDA:612,44,0,0
BRDA:612,44,1,0
BRDA:616,45,0,0
BRDA:616,46,0,0
BRDA:616,46,1,0
BRDA:668,47,0,0
BRDA:680,48,0,0
BRDA:680,49,0,0
BRDA:680,49,1,0
BRDA:684,50,0,0
BRDA:690,51,0,0
BRDA:690,52,0,0
BRDA:690,52,1,0
BRDA:698,53,0,0
BRDA:700,54,0,0
BRDA:706,55,0,0
BRDA:706,56,0,0
BRDA:706,56,1,0
BRDA:735,57,0,0
BRDA:735,57,1,0
BRDA:750,58,0,0
BRDA:750,58,1,0
BRDA:755,59,0,0
BRDA:755,59,1,0
BRDA:756,60,0,0
BRDA:756,60,1,0
BRDA:764,61,0,0
BRDA:776,62,0,0
BRDA:776,63,0,0
BRDA:776,63,1,0
BRDA:780,64,0,0
BRDA:790,65,0,0
BRDA:790,66,0,0
BRDA:790,66,1,0
BRDA:796,67,0,0
BRDA:816,68,0,0
BRDA:816,68,1,0
BRDA:817,69,0,0
BRDA:817,69,1,0
BRDA:825,70,0,0
BRDA:838,71,0,0
BRDA:844,72,0,0
BRDA:849,73,0,0
BRDA:883,74,0,0
BRDA:883,74,1,0
BRDA:884,75,0,0
BRDA:884,75,1,0
BRDA:892,76,0,0
BRDA:905,77,0,0
BRDA:905,77,1,0
BRDA:905,78,0,0
BRDA:905,78,1,0
BRDA:905,78,2,0
BRDA:907,79,0,0
BRDA:907,80,0,0
BRDA:907,80,1,0
BRDA:913,81,0,0
BRDA:913,81,1,0
BRDA:914,82,0,0
BRDA:914,82,1,0
BRDA:915,83,0,0
BRDA:915,83,1,0
BRDA:916,84,0,0
BRDA:916,84,1,0
BRDA:917,85,0,0
BRDA:917,86,0,0
BRDA:917,86,1,0
BRDA:917,86,2,0
BRDA:921,87,0,0
BRDA:921,87,1,0
BRDA:921,88,0,0
BRDA:921,88,1,0
BRDA:922,89,0,0
BRDA:922,89,1,0
BRDA:923,90,0,0
BRDA:923,90,1,0
BRDA:923,91,0,0
BRDA:923,91,1,0
BRDA:924,92,0,0
BRDA:924,92,1,0
BRDA:925,93,0,0
BRDA:935,94,0,0
BRDA:937,95,0,0
BRDA:939,96,0,0
BRF:138
BRH:20
end_of_record
TN:
SF:src/controllers/billingController.ts
FN:35,(anonymous_10)
FN:39,(anonymous_11)
FN:71,(anonymous_12)
FN:72,(anonymous_13)
FN:101,(anonymous_14)
FN:130,(anonymous_15)
FN:142,(anonymous_16)
FN:182,(anonymous_17)
FN:204,(anonymous_18)
FN:224,(anonymous_19)
FN:270,(anonymous_20)
FN:302,(anonymous_21)
FN:322,(anonymous_22)
FN:336,(anonymous_23)
FN:360,(anonymous_24)
FN:369,(anonymous_25)
FN:386,(anonymous_26)
FN:393,(anonymous_27)
FN:411,(anonymous_28)
FN:430,(anonymous_29)
FN:436,(anonymous_30)
FN:442,(anonymous_31)
FN:461,(anonymous_32)
FN:481,(anonymous_33)
FN:508,(anonymous_34)
FN:559,(anonymous_35)
FN:578,(anonymous_36)
FN:587,(anonymous_37)
FN:617,(anonymous_38)
FN:646,(anonymous_39)
FN:666,(anonymous_40)
FN:695,(anonymous_41)
FN:710,(anonymous_42)
FN:728,(anonymous_43)
FN:540,(anonymous_44)
FNF:35
FNH:32
FNDA:5,(anonymous_10)
FNDA:4,(anonymous_11)
FNDA:0,(anonymous_12)
FNDA:0,(anonymous_13)
FNDA:2,(anonymous_14)
FNDA:3,(anonymous_15)
FNDA:1,(anonymous_16)
FNDA:2,(anonymous_17)
FNDA:1,(anonymous_18)
FNDA:3,(anonymous_19)
FNDA:2,(anonymous_20)
FNDA:2,(anonymous_21)
FNDA:2,(anonymous_22)
FNDA:2,(anonymous_23)
FNDA:1,(anonymous_24)
FNDA:1,(anonymous_25)
FNDA:3,(anonymous_26)
FNDA:5,(anonymous_27)
FNDA:1,(anonymous_28)
FNDA:1,(anonymous_29)
FNDA:1,(anonymous_30)
FNDA:1,(anonymous_31)
FNDA:1,(anonymous_32)
FNDA:1,(anonymous_33)
FNDA:3,(anonymous_34)
FNDA:1,(anonymous_35)
FNDA:1,(anonymous_36)
FNDA:1,(anonymous_37)
FNDA:2,(anonymous_38)
FNDA:1,(anonymous_39)
FNDA:2,(anonymous_40)
FNDA:2,(anonymous_41)
FNDA:1,(anonymous_42)
FNDA:2,(anonymous_43)
FNDA:0,(anonymous_44)
DA:17,5
DA:18,5
DA:19,5
DA:20,5
DA:21,5
DA:22,5
DA:23,5
DA:32,5
DA:33,5
DA:39,5
DA:40,4
DA:41,4
DA:42,4
DA:43,4
DA:46,4
DA:47,1
DA:51,3
DA:52,1
DA:55,2
DA:60,2
DA:61,1
DA:65,1
DA:66,0
DA:70,1
DA:71,1
DA:72,0
DA:74,0
DA:75,0
DA:78,0
DA:90,0
DA:92,4
DA:93,4
DA:94,1
DA:101,5
DA:102,2
DA:103,2
DA:104,2
DA:106,2
DA:110,2
DA:111,1
DA:114,1
DA:119,1
DA:121,1
DA:122,1
DA:123,0
DA:130,5
DA:131,3
DA:132,3
DA:134,3
DA:135,1
DA:138,2
DA:141,2
DA:142,1
DA:143,1
DA:146,1
DA:154,1
DA:155,1
DA:157,1
DA:158,1
DA:161,1
DA:162,1
DA:171,2
DA:173,1
DA:174,1
DA:175,0
DA:182,5
DA:183,2
DA:184,2
DA:185,2
DA:187,2
DA:189,2
DA:190,1
DA:193,1
DA:195,1
DA:196,1
DA:197,0
DA:204,5
DA:205,1
DA:206,1
DA:207,1
DA:209,1
DA:211,1
DA:216,0
DA:217,0
DA:224,5
DA:225,3
DA:226,3
DA:227,3
DA:228,3
DA:230,3
DA:231,1
DA:234,2
DA:235,2
DA:238,2
DA:245,2
DA:246,2
DA:248,2
DA:249,0
DA:250,0
DA:251,0
DA:254,2
DA:261,1
DA:262,1
DA:263,0
DA:270,5
DA:271,2
DA:272,2
DA:273,2
DA:274,2
DA:276,2
DA:277,0
DA:280,2
DA:283,2
DA:284,0
DA:285,0
DA:286,0
DA:293,2
DA:300,2
DA:302,2
DA:303,2
DA:311,2
DA:313,0
DA:314,0
DA:315,0
DA:322,5
DA:323,2
DA:324,2
DA:325,2
DA:326,2
DA:328,2
DA:334,2
DA:336,2
DA:337,2
DA:344,2
DA:351,0
DA:352,0
DA:353,0
DA:360,5
DA:361,1
DA:362,1
DA:363,1
DA:365,1
DA:367,1
DA:369,1
DA:370,1
DA:375,1
DA:377,0
DA:378,0
DA:379,0
DA:386,5
DA:387,3
DA:388,3
DA:389,3
DA:390,3
DA:393,5
DA:394,3
DA:395,1
DA:399,2
DA:400,2
DA:401,1
DA:407,1
DA:409,1
DA:411,1
DA:412,1
DA:419,1
DA:421,2
DA:422,2
DA:423,0
DA:430,5
DA:431,1
DA:432,1
DA:433,1
DA:434,1
DA:436,1
DA:438,1
DA:440,1
DA:442,1
DA:443,1
DA:450,1
DA:452,0
DA:453,0
DA:454,0
DA:461,5
DA:462,1
DA:463,1
DA:464,1
DA:466,1
DA:471,1
DA:473,0
DA:474,0
DA:481,5
DA:482,1
DA:483,1
DA:484,1
DA:485,1
DA:487,1
DA:494,1
DA:498,1
DA:500,0
DA:501,0
DA:508,5
DA:509,3
DA:510,3
DA:511,3
DA:512,3
DA:514,3
DA:515,1
DA:518,2
DA:525,2
DA:526,1
DA:529,1
DA:531,2
DA:532,2
DA:533,0
DA:541,0
DA:543,0
DA:548,0
DA:559,5
DA:560,1
DA:561,1
DA:562,1
DA:564,1
DA:566,1
DA:568,0
DA:569,0
DA:570,0
DA:578,5
DA:579,1
DA:580,1
DA:581,1
DA:583,1
DA:584,1
DA:587,1
DA:588,1
DA:589,1
DA:601,1
DA:607,0
DA:608,0
DA:609,0
DA:617,5
DA:618,2
DA:619,2
DA:620,2
DA:621,2
DA:622,2
DA:624,2
DA:625,1
DA:628,1
DA:634,1
DA:636,1
DA:637,1
DA:638,0
DA:646,5
DA:647,1
DA:648,1
DA:649,1
DA:650,1
DA:652,1
DA:654,1
DA:656,0
DA:657,0
DA:658,0
DA:666,5
DA:667,2
DA:668,2
DA:669,2
DA:670,2
DA:671,2
DA:673,2
DA:674,1
DA:677,1
DA:683,1
DA:685,1
DA:686,1
DA:687,0
DA:695,5
DA:696,2
DA:697,2
DA:698,2
DA:700,2
DA:705,2
DA:706,1
DA:709,1
DA:710,1
DA:711,1
DA:712,1
DA:713,1
DA:716,1
DA:718,1
DA:719,1
DA:720,0
DA:728,5
DA:729,2
DA:730,2
DA:731,2
DA:732,2
DA:734,2
DA:735,2
DA:737,2
DA:746,0
DA:747,0
DA:748,0
DA:753,5
LF:303
LH:248
BRDA:42,0,0,1
BRDA:42,1,0,3
BRDA:46,2,0,1
BRDA:51,3,0,1
BRDA:60,4,0,1
BRDA:65,5,0,0
BRDA:74,6,0,0
BRDA:81,7,0,0
BRDA:81,7,1,0
BRDA:93,8,0,3
BRDA:110,9,0,1
BRDA:122,10,0,1
BRDA:134,11,0,1
BRDA:141,12,0,1
BRDA:155,13,0,1
BRDA:158,14,0,1
BRDA:158,14,1,0
BRDA:161,15,0,1
BRDA:174,16,0,1
BRDA:189,17,0,1
BRDA:196,18,0,1
BRDA:227,19,0,1
BRDA:230,20,0,1
BRDA:248,21,0,0
BRDA:262,22,0,1
BRDA:273,23,0,0
BRDA:273,24,0,2
BRDA:276,25,0,0
BRDA:283,26,0,0
BRDA:285,27,0,0
BRDA:300,28,0,2
BRDA:314,29,0,0
BRDA:325,30,0,0
BRDA:334,31,0,2
BRDA:346,32,0,1
BRDA:346,32,1,1
BRDA:352,33,0,0
BRDA:367,34,0,1
BRDA:378,35,0,0
BRDA:394,36,0,1
BRDA:400,37,0,1
BRDA:409,38,0,1
BRDA:422,39,0,2
BRDA:440,40,0,1
BRDA:453,41,0,0
BRDA:485,42,0,0
BRDA:485,43,0,0
BRDA:511,44,0,2
BRDA:514,45,0,1
BRDA:525,46,0,1
BRDA:532,47,0,2
BRDA:569,48,0,0
BRDA:592,49,0,1
BRDA:592,49,1,1
BRDA:608,50,0,0
BRDA:621,51,0,0
BRDA:624,52,0,1
BRDA:637,53,0,1
BRDA:638,54,0,0
BRDA:638,54,1,0
BRDA:657,55,0,0
BRDA:658,56,0,0
BRDA:658,56,1,0
BRDA:670,57,0,0
BRDA:673,58,0,1
BRDA:686,59,0,1
BRDA:687,60,0,0
BRDA:687,60,1,0
BRDA:705,61,0,1
BRDA:711,62,0,0
BRDA:712,63,0,0
BRDA:719,64,0,1
BRDA:739,65,0,0
BRDA:739,65,1,2
BRDA:747,66,0,0
BRDA:541,67,0,0
BRDA:548,68,0,0
BRDA:548,68,1,0
BRF:78
BRH:43
end_of_record
TN:
SF:src/controllers/controlMappingsController.ts
FN:13,(anonymous_1)
FN:15,(anonymous_2)
FN:99,(anonymous_3)
FN:159,(anonymous_4)
FN:216,(anonymous_5)
FN:279,(anonymous_6)
FNF:6
FNH:1
FNDA:4,(anonymous_1)
FNDA:0,(anonymous_2)
FNDA:0,(anonymous_3)
FNDA:0,(anonymous_4)
FNDA:0,(anonymous_5)
FNDA:0,(anonymous_6)
DA:8,4
DA:9,4
DA:10,4
DA:11,4
DA:15,4
DA:16,0
DA:17,0
DA:18,0
DA:19,0
DA:21,0
DA:22,0
DA:26,0
DA:37,0
DA:38,0
DA:41,0
DA:42,0
DA:46,0
DA:55,0
DA:56,0
DA:60,0
DA:81,0
DA:90,0
DA:92,0
DA:93,0
DA:94,0
DA:99,4
DA:100,0
DA:101,0
DA:102,0
DA:103,0
DA:106,0
DA:111,0
DA:112,0
DA:116,0
DA:150,0
DA:152,0
DA:153,0
DA:154,0
DA:159,4
DA:160,0
DA:161,0
DA:162,0
DA:163,0
DA:166,0
DA:182,0
DA:183,0
DA:187,0
DA:191,0
DA:194,0
DA:198,0
DA:207,0
DA:209,0
DA:210,0
DA:211,0
DA:216,4
DA:217,0
DA:218,0
DA:219,0
DA:222,0
DA:278,0
DA:279,0
DA:280,0
DA:283,0
DA:284,0
DA:285,0
DA:287,0
DA:288,0
DA:289,0
DA:294,4
LF:69
LH:9
BRDA:18,0,0,0
BRDA:21,1,0,0
BRDA:21,2,0,0
BRDA:21,2,1,0
BRDA:37,3,0,0
BRDA:37,4,0,0
BRDA:37,4,1,0
BRDA:41,5,0,0
BRDA:41,6,0,0
BRDA:41,6,1,0
BRDA:55,7,0,0
BRDA:65,8,0,0
BRDA:65,8,1,0
BRDA:93,9,0,0
BRDA:111,10,0,0
BRDA:111,11,0,0
BRDA:111,11,1,0
BRDA:150,12,0,0
BRDA:150,12,1,0
BRDA:153,13,0,0
BRDA:182,14,0,0
BRDA:187,15,0,0
BRDA:188,16,0,0
BRDA:188,16,1,0
BRDA:210,17,0,0
BRDA:280,18,0,0
BRDA:280,18,1,0
BRDA:280,19,0,0
BRDA:280,19,1,0
BRDA:280,20,0,0
BRDA:280,20,1,0
BRDA:280,21,0,0
BRDA:280,21,1,0
BRDA:280,22,0,0
BRDA:280,22,1,0
BRDA:280,23,0,0
BRDA:280,23,1,0
BRDA:288,24,0,0
BRF:38
BRH:0
end_of_record
TN:
SF:src/controllers/demoController.ts
FN:49,(anonymous_1)
FN:134,(anonymous_2)
FN:197,(anonymous_3)
FN:218,(anonymous_4)
FN:273,(anonymous_5)
FN:319,(anonymous_6)
FN:359,(anonymous_7)
FN:410,(anonymous_8)
FN:415,(anonymous_9)
FN:419,(anonymous_10)
FN:425,(anonymous_11)
FN:442,(anonymous_12)
FN:476,(anonymous_13)
FN:648,(anonymous_14)
FN:702,(anonymous_15)
FN:752,(anonymous_16)
FN:792,(anonymous_17)
FN:834,(anonymous_18)
FNF:18
FNH:0
FNDA:0,(anonymous_1)
FNDA:0,(anonymous_2)
FNDA:0,(anonymous_3)
FNDA:0,(anonymous_4)
FNDA:0,(anonymous_5)
FNDA:0,(anonymous_6)
FNDA:0,(anonymous_7)
FNDA:0,(anonymous_8)
FNDA:0,(anonymous_9)
FNDA:0,(anonymous_10)
FNDA:0,(anonymous_11)
FNDA:0,(anonymous_12)
FNDA:0,(anonymous_13)
FNDA:0,(anonymous_14)
FNDA:0,(anonymous_15)
FNDA:0,(anonymous_16)
FNDA:0,(anonymous_17)
FNDA:0,(anonymous_18)
DA:9,4
DA:10,4
DA:11,4
DA:13,4
DA:14,4
DA:50,0
DA:51,0
DA:54,0
DA:55,0
DA:59,0
DA:60,0
DA:61,0
DA:65,0
DA:74,0
DA:75,0
DA:79,0
DA:80,0
DA:81,0
DA:84,0
DA:110,0
DA:113,0
DA:116,0
DA:119,0
DA:121,0
DA:127,0
DA:135,0
DA:145,0
DA:147,0
DA:148,0
DA:150,0
DA:152,0
DA:153,0
DA:156,0
DA:157,0
DA:160,0
DA:161,0
DA:162,0
DA:163,0
DA:165,0
DA:166,0
DA:170,0
DA:180,0
DA:190,0
DA:198,0
DA:199,0
DA:201,0
DA:205,0
DA:206,0
DA:209,0
DA:211,0
DA:219,0
DA:220,0
DA:221,0
DA:223,0
DA:227,0
DA:228,0
DA:231,0
DA:233,0
DA:234,0
DA:237,0
DA:238,0
DA:242,0
DA:243,0
DA:246,0
DA:247,0
DA:250,0
DA:251,0
DA:254,0
DA:259,0
DA:262,0
DA:264,0
DA:266,0
DA:274,0
DA:275,0
DA:276,0
DA:278,0
DA:279,0
DA:282,0
DA:286,0
DA:287,0
DA:290,0
DA:299,0
DA:302,0
DA:303,0
DA:306,0
DA:312,0
DA:320,0
DA:321,0
DA:322,0
DA:324,0
DA:328,0
DA:329,0
DA:332,0
DA:341,0
DA:344,0
DA:346,0
DA:352,0
DA:360,0
DA:361,0
DA:363,0
DA:364,0
DA:365,0
DA:366,0
DA:367,0
DA:369,0
DA:370,0
DA:375,0
DA:382,0
DA:389,0
DA:396,0
DA:399,0
DA:400,0
DA:410,0
DA:411,0
DA:413,0
DA:416,0
DA:417,0
DA:420,0
DA:421,0
DA:423,0
DA:426,0
DA:427,0
DA:429,0
DA:435,0
DA:443,0
DA:444,0
DA:446,0
DA:450,0
DA:451,0
DA:454,0
DA:458,0
DA:460,0
DA:465,0
DA:477,0
DA:478,0
DA:604,0
DA:629,0
DA:631,0
DA:633,0
DA:634,0
DA:649,0
DA:652,0
DA:669,0
DA:678,0
DA:679,0
DA:687,0
DA:692,0
DA:694,0
DA:703,0
DA:704,0
DA:726,0
DA:735,0
DA:736,0
DA:743,0
DA:745,0
DA:753,0
DA:754,0
DA:768,0
DA:777,0
DA:778,0
DA:785,0
DA:793,0
DA:794,0
DA:808,0
DA:817,0
DA:818,0
DA:825,0
DA:827,0
DA:835,0
DA:836,0
DA:850,0
DA:859,0
DA:860,0
DA:867,0
DA:869,0
DA:874,4
DA:875,4
LF:177
LH:7
BRDA:54,0,0,0
BRDA:54,1,0,0
BRDA:54,1,1,0
BRDA:54,1,2,0
BRDA:54,1,3,0
BRDA:60,2,0,0
BRDA:74,3,0,0
BRDA:79,4,0,0
BRDA:79,4,1,0
BRDA:79,4,2,0
BRDA:80,5,0,0
BRDA:80,5,1,0
BRDA:81,6,0,0
BRDA:81,6,1,0
BRDA:81,6,2,0
BRDA:99,7,0,0
BRDA:99,7,1,0
BRDA:141,8,0,0
BRDA:142,9,0,0
BRDA:143,10,0,0
BRDA:144,11,0,0
BRDA:152,12,0,0
BRDA:156,13,0,0
BRDA:160,14,0,0
BRDA:160,15,0,0
BRDA:160,15,1,0
BRDA:162,16,0,0
BRDA:165,17,0,0
BRDA:205,18,0,0
BRDA:227,19,0,0
BRDA:233,20,0,0
BRDA:237,21,0,0
BRDA:237,22,0,0
BRDA:237,22,1,0
BRDA:242,23,0,0
BRDA:243,24,0,0
BRDA:243,24,1,0
BRDA:246,25,0,0
BRDA:250,26,0,0
BRDA:276,27,0,0
BRDA:278,28,0,0
BRDA:286,29,0,0
BRDA:302,30,0,0
BRDA:328,31,0,0
BRDA:364,32,0,0
BRDA:364,33,0,0
BRDA:364,33,1,0
BRDA:366,34,0,0
BRDA:369,35,0,0
BRDA:410,36,0,0
BRDA:410,36,1,0
BRDA:411,37,0,0
BRDA:411,37,1,0
BRDA:420,38,0,0
BRDA:426,39,0,0
BRDA:450,40,0,0
BRDA:516,41,0,0
BRDA:516,41,1,0
BRDA:523,42,0,0
BRDA:523,42,1,0
BRDA:530,43,0,0
BRDA:530,43,1,0
BRDA:537,44,0,0
BRDA:537,44,1,0
BRDA:544,45,0,0
BRDA:544,45,1,0
BRDA:551,46,0,0
BRDA:551,46,1,0
BRDA:558,47,0,0
BRDA:558,47,1,0
BRDA:565,48,0,0
BRDA:565,48,1,0
BRDA:572,49,0,0
BRDA:572,49,1,0
BRDA:581,50,0,0
BRDA:581,50,1,0
BRDA:614,51,0,0
BRDA:614,51,1,0
BRDA:615,52,0,0
BRDA:615,52,1,0
BRDA:616,53,0,0
BRDA:616,53,1,0
BRDA:617,54,0,0
BRDA:617,54,1,0
BRDA:618,55,0,0
BRDA:618,55,1,0
BRDA:619,56,0,0
BRDA:619,56,1,0
BRDA:620,57,0,0
BRDA:620,57,1,0
BRDA:621,58,0,0
BRDA:621,58,1,0
BRDA:622,59,0,0
BRDA:622,59,1,0
BRDA:623,60,0,0
BRDA:623,60,1,0
BRDA:633,61,0,0
BRF:97
BRH:0
end_of_record
TN:
SF:src/controllers/euRegulationsController.ts
FN:18,(anonymous_1)
FN:27,(anonymous_2)
FN:50,(anonymous_3)
FN:68,(anonymous_4)
FN:91,(anonymous_5)
FN:114,(anonymous_6)
FN:137,(anonymous_7)
FN:166,(anonymous_8)
FN:219,(anonymous_9)
FN:248,(anonymous_10)
FN:271,(anonymous_11)
FN:298,(anonymous_12)
FN:316,(anonymous_13)
FN:334,(anonymous_14)
FN:357,(anonymous_15)
FN:385,(anonymous_16)
FN:408,(anonymous_17)
FN:431,(anonymous_18)
FN:454,(anonymous_19)
FN:481,(anonymous_20)
FN:504,(anonymous_21)
FN:531,(anonymous_22)
FN:549,(anonymous_23)
FN:567,(anonymous_24)
FN:590,(anonymous_25)
FN:617,(anonymous_26)
FN:643,(anonymous_27)
FN:670,(anonymous_28)
FN:697,(anonymous_29)
FN:724,(anonymous_30)
FN:747,(anonymous_31)
FN:774,(anonymous_32)
FN:800,(anonymous_33)
FN:829,(anonymous_34)
FN:852,(anonymous_35)
FN:875,(anonymous_36)
FN:898,(anonymous_37)
FN:925,(anonymous_38)
FN:948,(anonymous_39)
FN:975,(anonymous_40)
FN:998,(anonymous_41)
FNF:41
FNH:1
FNDA:4,(anonymous_1)
FNDA:0,(anonymous_2)
FNDA:0,(anonymous_3)
FNDA:0,(anonymous_4)
FNDA:0,(anonymous_5)
FNDA:0,(anonymous_6)
FNDA:0,(anonymous_7)
FNDA:0,(anonymous_8)
FNDA:0,(anonymous_9)
FNDA:0,(anonymous_10)
FNDA:0,(anonymous_11)
FNDA:0,(anonymous_12)
FNDA:0,(anonymous_13)
FNDA:0,(anonymous_14)
FNDA:0,(anonymous_15)
FNDA:0,(anonymous_16)
FNDA:0,(anonymous_17)
FNDA:0,(anonymous_18)
FNDA:0,(anonymous_19)
FNDA:0,(anonymous_20)
FNDA:0,(anonymous_21)
FNDA:0,(anonymous_22)
FNDA:0,(anonymous_23)
FNDA:0,(anonymous_24)
FNDA:0,(anonymous_25)
FNDA:0,(anonymous_26)
FNDA:0,(anonymous_27)
FNDA:0,(anonymous_28)
FNDA:0,(anonymous_29)
FNDA:0,(anonymous_30)
FNDA:0,(anonymous_31)
FNDA:0,(anonymous_32)
FNDA:0,(anonymous_33)
FNDA:0,(anonymous_34)
FNDA:0,(anonymous_35)
FNDA:0,(anonymous_36)
FNDA:0,(anonymous_37)
FNDA:0,(anonymous_38)
FNDA:0,(anonymous_39)
FNDA:0,(anonymous_40)
FNDA:0,(anonymous_41)
DA:12,4
DA:13,4
DA:14,4
DA:15,4
DA:16,4
DA:27,4
DA:28,0
DA:29,0
DA:30,0
DA:31,0
DA:33,0
DA:35,0
DA:37,0
DA:38,0
DA:39,0
DA:41,0
DA:50,4
DA:51,0
DA:52,0
DA:53,0
DA:55,0
DA:57,0
DA:59,0
DA:60,0
DA:68,4
DA:69,0
DA:70,0
DA:71,0
DA:72,0
DA:74,0
DA:76,0
DA:78,0
DA:79,0
DA:80,0
DA:82,0
DA:91,4
DA:92,0
DA:93,0
DA:94,0
DA:95,0
DA:97,0
DA:99,0
DA:101,0
DA:102,0
DA:103,0
DA:105,0
DA:114,4
DA:115,0
DA:116,0
DA:117,0
DA:118,0
DA:120,0
DA:122,0
DA:124,0
DA:125,0
DA:126,0
DA:128,0
DA:137,4
DA:138,0
DA:139,0
DA:140,0
DA:141,0
DA:142,0
DA:144,0
DA:151,0
DA:153,0
DA:154,0
DA:155,0
DA:157,0
DA:166,4
DA:167,0
DA:168,0
DA:169,0
DA:172,0
DA:173,0
DA:174,0
DA:177,0
DA:178,0
DA:179,0
DA:180,0
DA:183,0
DA:189,0
DA:190,0
DA:191,0
DA:194,0
DA:195,0
DA:196,0
DA:199,0
DA:204,0
DA:206,0
DA:207,0
DA:208,0
DA:210,0
DA:219,4
DA:220,0
DA:221,0
DA:222,0
DA:224,0
DA:225,0
DA:227,0
DA:233,0
DA:235,0
DA:236,0
DA:237,0
DA:239,0
DA:248,4
DA:249,0
DA:250,0
DA:251,0
DA:252,0
DA:254,0
DA:256,0
DA:258,0
DA:259,0
DA:260,0
DA:262,0
DA:271,4
DA:272,0
DA:273,0
DA:274,0
DA:275,0
DA:277,0
DA:279,0
DA:281,0
DA:282,0
DA:283,0
DA:285,0
DA:298,4
DA:299,0
DA:300,0
DA:301,0
DA:303,0
DA:305,0
DA:307,0
DA:308,0
DA:316,4
DA:317,0
DA:318,0
DA:319,0
DA:321,0
DA:323,0
DA:325,0
DA:326,0
DA:334,4
DA:335,0
DA:336,0
DA:337,0
DA:338,0
DA:340,0
DA:342,0
DA:344,0
DA:345,0
DA:346,0
DA:348,0
DA:357,4
DA:358,0
DA:359,0
DA:360,0
DA:361,0
DA:363,0
DA:370,0
DA:372,0
DA:373,0
DA:374,0
DA:376,0
DA:385,4
DA:386,0
DA:387,0
DA:388,0
DA:389,0
DA:391,0
DA:393,0
DA:395,0
DA:396,0
DA:397,0
DA:399,0
DA:408,4
DA:409,0
DA:410,0
DA:411,0
DA:412,0
DA:414,0
DA:416,0
DA:418,0
DA:419,0
DA:420,0
DA:422,0
DA:431,4
DA:432,0
DA:433,0
DA:434,0
DA:435,0
DA:437,0
DA:439,0
DA:441,0
DA:442,0
DA:443,0
DA:445,0
DA:454,4
DA:455,0
DA:456,0
DA:457,0
DA:458,0
DA:460,0
DA:466,0
DA:468,0
DA:469,0
DA:470,0
DA:472,0
DA:481,4
DA:482,0
DA:483,0
DA:484,0
DA:485,0
DA:487,0
DA:489,0
DA:491,0
DA:492,0
DA:493,0
DA:495,0
DA:504,4
DA:505,0
DA:506,0
DA:507,0
DA:508,0
DA:510,0
DA:512,0
DA:514,0
DA:515,0
DA:516,0
DA:518,0
DA:531,4
DA:532,0
DA:533,0
DA:534,0
DA:536,0
DA:538,0
DA:540,0
DA:541,0
DA:549,4
DA:550,0
DA:551,0
DA:552,0
DA:554,0
DA:556,0
DA:558,0
DA:559,0
DA:567,4
DA:568,0
DA:569,0
DA:570,0
DA:571,0
DA:573,0
DA:575,0
DA:577,0
DA:578,0
DA:579,0
DA:581,0
DA:590,4
DA:591,0
DA:592,0
DA:593,0
DA:594,0
DA:596,0
DA:602,0
DA:604,0
DA:605,0
DA:606,0
DA:608,0
DA:617,4
DA:618,0
DA:619,0
DA:620,0
DA:621,0
DA:623,0
DA:628,0
DA:630,0
DA:631,0
DA:632,0
DA:634,0
DA:643,4
DA:644,0
DA:645,0
DA:646,0
DA:647,0
DA:649,0
DA:655,0
DA:657,0
DA:658,0
DA:659,0
DA:661,0
DA:670,4
DA:671,0
DA:672,0
DA:673,0
DA:674,0
DA:676,0
DA:682,0
DA:684,0
DA:685,0
DA:686,0
DA:688,0
DA:697,4
DA:698,0
DA:699,0
DA:700,0
DA:701,0
DA:703,0
DA:709,0
DA:711,0
DA:712,0
DA:713,0
DA:715,0
DA:724,4
DA:725,0
DA:726,0
DA:727,0
DA:728,0
DA:730,0
DA:732,0
DA:734,0
DA:735,0
DA:736,0
DA:738,0
DA:747,4
DA:748,0
DA:749,0
DA:750,0
DA:751,0
DA:753,0
DA:759,0
DA:761,0
DA:762,0
DA:763,0
DA:765,0
DA:774,4
DA:775,0
DA:776,0
DA:777,0
DA:778,0
DA:780,0
DA:785,0
DA:787,0
DA:788,0
DA:789,0
DA:791,0
DA:800,4
DA:801,0
DA:802,0
DA:803,0
DA:804,0
DA:805,0
DA:807,0
DA:814,0
DA:816,0
DA:817,0
DA:818,0
DA:820,0
DA:829,4
DA:830,0
DA:831,0
DA:832,0
DA:833,0
DA:835,0
DA:837,0
DA:839,0
DA:840,0
DA:841,0
DA:843,0
DA:852,4
DA:853,0
DA:854,0
DA:855,0
DA:856,0
DA:858,0
DA:860,0
DA:862,0
DA:863,0
DA:864,0
DA:866,0
DA:875,4
DA:876,0
DA:877,0
DA:878,0
DA:879,0
DA:881,0
DA:883,0
DA:885,0
DA:886,0
DA:887,0
DA:889,0
DA:898,4
DA:899,0
DA:900,0
DA:901,0
DA:902,0
DA:904,0
DA:910,0
DA:912,0
DA:913,0
DA:914,0
DA:916,0
DA:925,4
DA:926,0
DA:927,0
DA:928,0
DA:929,0
DA:931,0
DA:933,0
DA:935,0
DA:936,0
DA:937,0
DA:939,0
DA:948,4
DA:949,0
DA:950,0
DA:951,0
DA:952,0
DA:954,0
DA:960,0
DA:962,0
DA:963,0
DA:964,0
DA:966,0
DA:975,4
DA:976,0
DA:977,0
DA:978,0
DA:979,0
DA:981,0
DA:983,0
DA:985,0
DA:986,0
DA:987,0
DA:989,0
DA:998,4
DA:999,0
DA:1000,0
DA:1001,0
DA:1002,0
DA:1004,0
DA:1006,0
DA:1008,0
DA:1009,0
DA:1010,0
DA:1012,0
DA:1018,4
LF:447
LH:46
BRDA:38,0,0,0
BRDA:38,0,1,0
BRDA:79,1,0,0
BRDA:79,1,1,0
BRDA:102,2,0,0
BRDA:102,2,1,0
BRDA:125,3,0,0
BRDA:125,3,1,0
BRDA:154,4,0,0
BRDA:154,4,1,0
BRDA:172,5,0,0
BRDA:178,6,0,0
BRDA:178,7,0,0
BRDA:178,7,1,0
BRDA:189,8,0,0
BRDA:189,9,0,0
BRDA:189,9,1,0
BRDA:194,10,0,0
BRDA:207,11,0,0
BRDA:207,11,1,0
BRDA:224,12,0,0
BRDA:224,12,1,0
BRDA:225,13,0,0
BRDA:225,13,1,0
BRDA:236,14,0,0
BRDA:236,14,1,0
BRDA:259,15,0,0
BRDA:259,15,1,0
BRDA:282,16,0,0
BRDA:282,16,1,0
BRDA:345,17,0,0
BRDA:345,17,1,0
BRDA:373,18,0,0
BRDA:373,18,1,0
BRDA:396,19,0,0
BRDA:396,19,1,0
BRDA:419,20,0,0
BRDA:419,20,1,0
BRDA:442,21,0,0
BRDA:442,21,1,0
BRDA:469,22,0,0
BRDA:469,22,1,0
BRDA:492,23,0,0
BRDA:492,23,1,0
BRDA:515,24,0,0
BRDA:515,24,1,0
BRDA:578,25,0,0
BRDA:578,25,1,0
BRDA:605,26,0,0
BRDA:605,26,1,0
BRDA:631,27,0,0
BRDA:631,27,1,0
BRDA:658,28,0,0
BRDA:658,28,1,0
BRDA:685,29,0,0
BRDA:685,29,1,0
BRDA:712,30,0,0
BRDA:712,30,1,0
BRDA:735,31,0,0
BRDA:735,31,1,0
BRDA:762,32,0,0
BRDA:762,32,1,0
BRDA:788,33,0,0
BRDA:788,33,1,0
BRDA:817,34,0,0
BRDA:817,34,1,0
BRDA:840,35,0,0
BRDA:840,35,1,0
BRDA:863,36,0,0
BRDA:863,36,1,0
BRDA:886,37,0,0
BRDA:886,37,1,0
BRDA:913,38,0,0
BRDA:913,38,1,0
BRDA:936,39,0,0
BRDA:936,39,1,0
BRDA:963,40,0,0
BRDA:963,40,1,0
BRDA:986,41,0,0
BRDA:986,41,1,0
BRDA:1009,42,0,0
BRDA:1009,42,1,0
BRF:82
BRH:0
end_of_record
TN:
SF:src/controllers/evidenceVersioningController.ts
FN:13,(anonymous_1)
FN:15,(anonymous_2)
FN:58,(anonymous_3)
FN:134,(anonymous_4)
FN:200,(anonymous_5)
FNF:5
FNH:1
FNDA:4,(anonymous_1)
FNDA:0,(anonymous_2)
FNDA:0,(anonymous_3)
FNDA:0,(anonymous_4)
FNDA:0,(anonymous_5)
DA:8,4
DA:9,4
DA:10,4
DA:11,4
DA:15,4
DA:16,0
DA:17,0
DA:18,0
DA:19,0
DA:22,0
DA:27,0
DA:28,0
DA:32,0
DA:48,0
DA:50,0
DA:51,0
DA:52,0
DA:53,0
DA:58,4
DA:59,0
DA:60,0
DA:61,0
DA:62,0
DA:63,0
DA:65,0
DA:66,0
DA:70,0
DA:75,0
DA:76,0
DA:80,0
DA:85,0
DA:88,0
DA:94,0
DA:116,0
DA:125,0
DA:127,0
DA:128,0
DA:129,0
DA:134,4
DA:135,0
DA:136,0
DA:137,0
DA:138,0
DA:141,0
DA:146,0
DA:147,0
DA:151,0
DA:158,0
DA:159,0
DA:163,0
DA:169,0
DA:175,0
DA:182,0
DA:191,0
DA:193,0
DA:194,0
DA:195,0
DA:200,4
DA:201,0
DA:202,0
DA:203,0
DA:204,0
DA:207,0
DA:212,0
DA:213,0
DA:217,0
DA:224,0
DA:225,0
DA:229,0
DA:230,0
DA:233,0
DA:237,0
DA:246,0
DA:248,0
DA:249,0
DA:250,0
DA:255,4
LF:77
LH:9
BRDA:27,0,0,0
BRDA:27,1,0,0
BRDA:27,1,1,0
BRDA:52,2,0,0
BRDA:53,3,0,0
BRDA:53,3,1,0
BRDA:65,4,0,0
BRDA:65,5,0,0
BRDA:65,5,1,0
BRDA:75,6,0,0
BRDA:75,7,0,0
BRDA:75,7,1,0
BRDA:85,8,0,0
BRDA:85,8,1,0
BRDA:101,9,0,0
BRDA:101,9,1,0
BRDA:102,10,0,0
BRDA:102,10,1,0
BRDA:128,11,0,0
BRDA:146,12,0,0
BRDA:146,13,0,0
BRDA:146,13,1,0
BRDA:158,14,0,0
BRDA:194,15,0,0
BRDA:212,16,0,0
BRDA:212,17,0,0
BRDA:212,17,1,0
BRDA:224,18,0,0
BRDA:229,19,0,0
BRDA:249,20,0,0
BRF:30
BRH:0
end_of_record
TN:
SF:src/controllers/frameworksController.ts
FN:11,(anonymous_10)
FN:24,(anonymous_11)
FN:39,(anonymous_12)
FN:59,(anonymous_13)
FN:124,(anonymous_14)
FN:157,(anonymous_15)
FN:200,(anonymous_16)
FN:320,(anonymous_17)
FN:366,(anonymous_18)
FN:404,(anonymous_19)
FN:437,(anonymous_20)
FN:504,(anonymous_21)
FN:573,(anonymous_22)
FN:628,(anonymous_23)
FN:639,(anonymous_24)
FN:693,(anonymous_25)
FN:724,(anonymous_26)
FN:756,(anonymous_27)
FN:795,(anonymous_28)
FN:811,(anonymous_29)
FN:823,(anonymous_30)
FN:824,(anonymous_31)
FN:824,(anonymous_32)
FN:826,(anonymous_33)
FN:872,(anonymous_34)
FN:909,(anonymous_35)
FN:924,(anonymous_36)
FN:942,(anonymous_37)
FN:964,(anonymous_38)
FN:971,(anonymous_39)
FN:980,(anonymous_40)
FN:1025,(anonymous_41)
FN:1083,(anonymous_42)
FN:1154,(anonymous_43)
FN:1203,(anonymous_44)
FN:1247,(anonymous_45)
FN:26,(anonymous_46)
FN:304,(anonymous_47)
FN:1297,(anonymous_48)
FN:1311,(anonymous_49)
FN:1318,(anonymous_50)
FNF:41
FNH:7
FNDA:6,(anonymous_10)
FNDA:6,(anonymous_11)
FNDA:1,(anonymous_12)
FNDA:2,(anonymous_13)
FNDA:2,(anonymous_14)
FNDA:0,(anonymous_15)
FNDA:1,(anonymous_16)
FNDA:0,(anonymous_17)
FNDA:0,(anonymous_18)
FNDA:0,(anonymous_19)
FNDA:0,(anonymous_20)
FNDA:0,(anonymous_21)
FNDA:0,(anonymous_22)
FNDA:0,(anonymous_23)
FNDA:0,(anonymous_24)
FNDA:0,(anonymous_25)
FNDA:0,(anonymous_26)
FNDA:0,(anonymous_27)
FNDA:0,(anonymous_28)
FNDA:0,(anonymous_29)
FNDA:0,(anonymous_30)
FNDA:0,(anonymous_31)
FNDA:0,(anonymous_32)
FNDA:0,(anonymous_33)
FNDA:0,(anonymous_34)
FNDA:0,(anonymous_35)
FNDA:0,(anonymous_36)
FNDA:0,(anonymous_37)
FNDA:0,(anonymous_38)
FNDA:0,(anonymous_39)
FNDA:0,(anonymous_40)
FNDA:0,(anonymous_41)
FNDA:0,(anonymous_42)
FNDA:0,(anonymous_43)
FNDA:0,(anonymous_44)
FNDA:0,(anonymous_45)
FNDA:2,(anonymous_46)
FNDA:0,(anonymous_47)
FNDA:0,(anonymous_48)
FNDA:0,(anonymous_49)
FNDA:0,(anonymous_50)
DA:3,6
DA:4,6
DA:5,6
DA:6,6
DA:7,6
DA:8,6
DA:11,6
DA:12,6
DA:13,6
DA:14,6
DA:15,6
DA:16,6
DA:17,6
DA:18,6
DA:19,6
DA:20,6
DA:21,6
DA:27,2
DA:29,2
DA:39,6
DA:40,1
DA:41,1
DA:42,1
DA:44,1
DA:52,1
DA:54,0
DA:55,0
DA:59,6
DA:60,2
DA:61,2
DA:62,2
DA:63,2
DA:64,2
DA:66,0
DA:70,0
DA:71,0
DA:75,0
DA:76,0
DA:77,0
DA:79,0
DA:80,0
DA:81,0
DA:88,0
DA:107,0
DA:118,2
DA:119,2
DA:120,2
DA:124,6
DA:125,2
DA:126,2
DA:127,2
DA:128,2
DA:130,2
DA:131,1
DA:135,1
DA:136,1
DA:137,1
DA:139,1
DA:152,1
DA:153,1
DA:154,0
DA:155,0
DA:156,0
DA:158,0
DA:171,0
DA:176,0
DA:182,1
DA:191,1
DA:192,1
DA:194,1
DA:195,1
DA:196,0
DA:200,6
DA:201,1
DA:202,1
DA:203,1
DA:204,1
DA:205,1
DA:207,1
DA:211,1
DA:212,0
DA:216,1
DA:218,0
DA:220,0
DA:222,0
DA:224,0
DA:228,0
DA:229,0
DA:230,0
DA:234,0
DA:242,0
DA:251,0
DA:256,1
DA:257,0
DA:258,0
DA:259,0
DA:262,0
DA:263,0
DA:265,0
DA:269,1
DA:272,1
DA:279,1
DA:284,1
DA:293,1
DA:295,0
DA:296,0
DA:297,0
DA:305,0
DA:306,0
DA:308,0
DA:309,0
DA:310,0
DA:314,0
DA:320,6
DA:321,0
DA:322,0
DA:323,0
DA:324,0
DA:325,0
DA:327,0
DA:331,0
DA:332,0
DA:337,0
DA:339,0
DA:340,0
DA:341,0
DA:342,0
DA:343,0
DA:344,0
DA:346,0
DA:349,0
DA:358,0
DA:364,0
DA:365,0
DA:366,0
DA:367,0
DA:368,0
DA:382,0
DA:386,0
DA:396,0
DA:398,0
DA:399,0
DA:400,0
DA:404,6
DA:405,0
DA:406,0
DA:407,0
DA:408,0
DA:410,0
DA:414,0
DA:415,0
DA:418,0
DA:420,0
DA:429,0
DA:431,0
DA:432,0
DA:433,0
DA:437,6
DA:438,0
DA:439,0
DA:440,0
DA:441,0
DA:444,0
DA:448,0
DA:449,0
DA:453,0
DA:457,0
DA:458,0
DA:462,0
DA:487,0
DA:496,0
DA:498,0
DA:499,0
DA:500,0
DA:504,6
DA:505,0
DA:506,0
DA:507,0
DA:508,0
DA:509,0
DA:511,0
DA:512,0
DA:516,0
DA:520,0
DA:521,0
DA:525,0
DA:526,0
DA:527,0
DA:530,0
DA:537,0
DA:538,0
DA:541,0
DA:542,0
DA:545,0
DA:546,0
DA:549,0
DA:554,0
DA:556,0
DA:565,0
DA:567,0
DA:568,0
DA:569,0
DA:573,6
DA:574,0
DA:575,0
DA:576,0
DA:577,0
DA:578,0
DA:581,0
DA:585,0
DA:586,0
DA:590,0
DA:595,0
DA:596,0
DA:600,0
DA:601,0
DA:602,0
DA:603,0
DA:604,0
DA:605,0
DA:606,0
DA:608,0
DA:623,0
DA:624,0
DA:627,0
DA:628,0
DA:629,0
DA:631,0
DA:637,0
DA:638,0
DA:639,0
DA:640,0
DA:653,0
DA:659,0
DA:660,0
DA:664,0
DA:665,0
DA:669,0
DA:685,0
DA:687,0
DA:688,0
DA:689,0
DA:693,6
DA:694,0
DA:695,0
DA:696,0
DA:697,0
DA:698,0
DA:700,0
DA:701,0
DA:704,0
DA:705,0
DA:709,0
DA:713,0
DA:714,0
DA:718,0
DA:719,0
DA:720,0
DA:723,0
DA:725,0
DA:733,0
DA:736,0
DA:745,0
DA:750,0
DA:751,0
DA:752,0
DA:756,6
DA:757,0
DA:758,0
DA:759,0
DA:760,0
DA:762,0
DA:765,0
DA:769,0
DA:770,0
DA:771,0
DA:774,0
DA:778,0
DA:779,0
DA:780,0
DA:784,0
DA:785,0
DA:786,0
DA:787,0
DA:790,0
DA:794,0
DA:795,0
DA:796,0
DA:802,0
DA:804,0
DA:805,0
DA:806,0
DA:810,0
DA:811,0
DA:812,0
DA:822,0
DA:823,0
DA:824,0
DA:826,0
DA:828,0
DA:833,0
DA:834,0
DA:841,0
DA:850,0
DA:852,0
DA:861,0
DA:862,0
DA:865,0
DA:866,0
DA:867,0
DA:868,0
DA:872,6
DA:873,0
DA:874,0
DA:875,0
DA:876,0
DA:879,0
DA:883,0
DA:884,0
DA:887,0
DA:892,0
DA:893,0
DA:897,0
DA:900,0
DA:902,0
DA:903,0
DA:905,0
DA:908,0
DA:909,0
DA:910,0
DA:911,0
DA:918,0
DA:919,0
DA:923,0
DA:924,0
DA:925,0
DA:926,0
DA:928,0
DA:931,0
DA:932,0
DA:933,0
DA:936,0
DA:937,0
DA:938,0
DA:942,6
DA:943,0
DA:944,0
DA:945,0
DA:946,0
DA:949,0
DA:954,0
DA:955,0
DA:958,0
DA:959,0
DA:960,0
DA:964,0
DA:965,0
DA:966,0
DA:967,0
DA:968,0
DA:971,0
DA:972,0
DA:980,0
DA:981,0
DA:985,0
DA:987,0
DA:995,0
DA:997,0
DA:1006,0
DA:1016,0
DA:1021,0
DA:1022,0
DA:1023,0
DA:1025,0
DA:1026,0
DA:1027,0
DA:1028,0
DA:1029,0
DA:1033,0
DA:1037,0
DA:1052,0
DA:1061,0
DA:1077,0
DA:1078,0
DA:1079,0
DA:1083,6
DA:1084,0
DA:1085,0
DA:1086,0
DA:1087,0
DA:1090,0
DA:1098,0
DA:1099,0
DA:1103,0
DA:1107,0
DA:1108,0
DA:1112,0
DA:1123,0
DA:1132,0
DA:1134,0
DA:1143,0
DA:1148,0
DA:1149,0
DA:1150,0
DA:1154,6
DA:1155,0
DA:1156,0
DA:1157,0
DA:1158,0
DA:1159,0
DA:1162,0
DA:1170,0
DA:1171,0
DA:1175,0
DA:1183,0
DA:1193,0
DA:1197,0
DA:1198,0
DA:1199,0
DA:1203,6
DA:1204,0
DA:1205,0
DA:1206,0
DA:1207,0
DA:1210,0
DA:1214,0
DA:1215,0
DA:1219,0
DA:1239,0
DA:1241,0
DA:1242,0
DA:1243,0
DA:1247,6
DA:1248,0
DA:1249,0
DA:1250,0
DA:1251,0
DA:1254,0
DA:1258,0
DA:1259,0
DA:1263,0
DA:1267,0
DA:1268,0
DA:1272,0
DA:1277,0
DA:1280,0
DA:1289,0
DA:1291,0
DA:1292,0
DA:1293,0
DA:1298,0
DA:1302,0
DA:1303,0
DA:1307,0
DA:1310,0
DA:1311,0
DA:1313,0
DA:1315,0
DA:1316,0
DA:1317,0
DA:1318,0
DA:1319,0
DA:1322,0
DA:1329,6
LF:464
LH:81
BRDA:11,0,0,6
BRDA:11,0,1,6
BRDA:64,1,0,0
BRDA:64,2,0,0
BRDA:70,3,0,0
BRDA:75,4,0,0
BRDA:75,4,1,0
BRDA:76,5,0,0
BRDA:76,5,1,0
BRDA:80,6,0,0
BRDA:80,7,0,0
BRDA:80,7,1,0
BRDA:119,8,0,0
BRDA:130,9,0,1
BRDA:130,10,0,2
BRDA:130,10,1,2
BRDA:136,11,0,1
BRDA:136,11,1,0
BRDA:137,12,0,0
BRDA:137,12,1,1
BRDA:153,13,0,0
BRDA:195,14,0,1
BRDA:211,15,0,0
BRDA:216,16,0,0
BRDA:216,17,0,1
BRDA:216,17,1,0
BRDA:218,18,0,0
BRDA:218,18,1,0
BRDA:222,19,0,0
BRDA:222,19,1,0
BRDA:234,20,0,0
BRDA:234,20,1,0
BRDA:246,21,0,0
[...]
DA:25,0
DA:27,0
DA:30,0
DA:32,0
DA:34,0
DA:36,0
DA:38,0
DA:40,0
DA:42,0
DA:46,0
DA:49,0
DA:52,0
DA:54,0
DA:56,0
DA:58,0
DA:61,0
DA:64,0
DA:66,0
DA:68,0
DA:70,0
DA:73,0
DA:75,0
DA:78,0
DA:80,0
DA:82,0
DA:84,0
DA:87,0
DA:89,0
DA:92,0
DA:94,0
DA:96,0
DA:98,0
DA:100,0
DA:103,0
DA:106,0
DA:108,0
DA:110,0
DA:113,0
DA:115,0
DA:117,0
DA:119,0
DA:121,0
DA:123,0
DA:126,0
DA:130,0
DA:131,0
DA:132,0
DA:133,0
DA:134,0
DA:135,0
DA:136,0
DA:139,0
DA:140,0
DA:151,0
DA:152,0
DA:160,0
DA:161,0
DA:171,0
DA:173,0
DA:174,0
DA:176,0
DA:177,0
DA:179,0
DA:187,0
DA:189,0
DA:190,0
DA:197,0
DA:198,0
DA:208,0
DA:210,0
DA:211,0
DA:213,0
DA:221,0
DA:223,0
DA:231,0
DA:232,0
DA:241,0
DA:243,0
DA:244,0
DA:246,0
DA:254,0
DA:256,0
DA:264,0
DA:265,0
DA:275,0
DA:277,0
DA:278,0
DA:281,0
DA:282,0
DA:284,0
DA:292,0
DA:293,0
DA:300,0
DA:301,0
DA:310,0
DA:312,0
DA:313,0
DA:315,0
DA:323,0
DA:324,0
DA:327,0
DA:330,0
DA:331,0
DA:339,0
DA:340,0
DA:349,0
DA:351,0
DA:352,0
DA:354,0
DA:362,0
DA:365,0
DA:366,0
DA:370,0
DA:377,0
DA:378,0
DA:388,0
DA:390,0
DA:391,0
DA:393,0
DA:394,0
DA:396,0
DA:404,0
DA:406,0
DA:407,0
DA:411,0
DA:418,0
DA:419,0
DA:430,0
DA:432,0
DA:433,0
DA:435,0
DA:436,0
DA:438,0
DA:446,0
DA:449,0
DA:450,0
DA:452,0
DA:453,0
DA:457,0
DA:458,0
DA:462,0
DA:470,0
DA:471,0
DA:481,0
DA:483,0
DA:484,0
DA:486,0
DA:487,0
DA:489,0
DA:497,0
DA:498,0
DA:505,0
DA:506,0
DA:516,0
DA:518,0
DA:519,0
DA:521,0
DA:522,0
DA:524,0
DA:532,0
DA:533,0
DA:540,0
DA:541,0
DA:550,0
DA:552,0
DA:553,0
DA:555,0
DA:563,0
DA:564,0
DA:567,0
DA:568,0
DA:573,0
DA:576,0
DA:578,0
DA:587,0
DA:589,0
DA:590,0
DA:592,0
DA:600,0
DA:601,0
DA:604,0
DA:605,0
DA:613,0
DA:614,0
DA:624,0
DA:626,0
DA:627,0
DA:629,0
DA:637,0
DA:638,0
DA:641,0
DA:642,0
DA:650,0
DA:651,0
DA:662,0
DA:664,0
DA:665,0
DA:667,0
DA:675,0
DA:676,0
DA:683,0
DA:684,0
DA:694,0
DA:696,0
DA:697,0
DA:699,0
DA:707,0
DA:708,0
DA:718,0
DA:719,0
DA:729,0
DA:731,0
DA:732,0
DA:734,0
DA:742,0
DA:744,0
DA:751,0
DA:752,0
DA:762,0
DA:764,0
DA:765,0
DA:767,0
DA:775,0
DA:776,0
DA:783,0
DA:784,0
DA:794,0
DA:796,0
DA:797,0
DA:799,0
DA:807,0
DA:808,0
DA:811,0
DA:812,0
DA:819,0
DA:820,0
DA:830,0
DA:832,0
DA:833,0
DA:835,0
DA:843,0
DA:844,0
DA:847,0
DA:849,0
DA:850,0
DA:856,0
DA:863,0
DA:871,0
DA:872,0
DA:879,0
DA:880,0
DA:888,0
DA:890,0
DA:891,0
DA:893,0
DA:901,0
DA:903,0
DA:904,0
DA:911,0
DA:912,0
DA:921,0
DA:923,0
DA:924,0
DA:926,0
DA:934,0
DA:935,0
DA:943,0
DA:944,0
DA:954,0
DA:956,0
DA:957,0
DA:959,0
DA:967,0
DA:968,0
DA:971,0
DA:972,0
DA:982,0
DA:983,0
DA:991,0
DA:993,0
DA:994,0
DA:996,0
DA:1004,0
DA:1006,0
DA:1007,0
DA:1014,0
DA:1015,0
DA:1023,0
DA:1025,0
DA:1026,0
DA:1028,0
DA:1029,0
DA:1031,0
DA:1039,0
DA:1040,0
DA:1043,0
DA:1045,0
DA:1047,0
DA:1059,0
DA:1060,0
DA:1068,0
DA:1070,0
DA:1071,0
DA:1074,0
DA:1075,0
DA:1083,0
DA:1085,0
DA:1087,0
DA:1089,0
DA:1090,0
DA:1093,0
DA:1100,0
DA:1101,0
DA:1109,0
DA:1111,0
DA:1112,0
DA:1115,0
DA:1116,0
DA:1124,0
DA:1126,0
DA:1128,0
DA:1130,0
DA:1131,0
DA:1135,0
DA:1148,0
DA:1150,0
DA:1158,0
DA:1159,0
DA:1168,0
DA:1170,0
DA:1171,0
DA:1173,0
DA:1181,0
DA:1182,0
DA:1185,0
DA:1187,0
DA:1196,0
DA:1197,0
DA:1205,0
DA:1207,0
DA:1208,0
DA:1210,0
DA:1218,0
DA:1219,0
DA:1222,0
DA:1224,0
DA:1226,0
DA:1234,0
DA:1235,0
DA:1244,0
DA:1246,0
DA:1247,0
DA:1250,0
DA:1251,0
DA:1259,0
DA:1260,0
DA:1263,0
DA:1265,0
DA:1272,0
DA:1273,0
DA:1281,0
DA:1283,0
DA:1284,0
DA:1286,0
DA:1294,0
DA:1295,0
DA:1298,0
DA:1299,0
DA:1301,0
DA:1309,0
DA:1310,0
DA:1318,0
DA:1320,0
DA:1321,0
DA:1323,0
DA:1331,0
DA:1332,0
DA:1335,0
DA:1337,0
DA:1339,0
DA:1340,0
DA:1344,0
DA:1358,0
DA:1359,0
DA:1367,0
DA:1369,0
DA:1370,0
DA:1373,0
DA:1374,0
DA:1382,0
DA:1384,0
DA:1386,0
DA:1387,0
DA:1390,0
DA:1398,0
DA:1399,0
DA:1408,0
DA:1410,0
DA:1411,0
DA:1413,0
DA:1421,0
DA:1423,0
DA:1424,0
DA:1428,0
DA:1429,0
DA:1430,0
DA:1435,0
DA:1444,0
DA:1452,0
DA:1454,0
DA:1455,0
DA:1458,0
DA:1459,0
DA:1460,0
DA:1463,0
DA:1472,0
DA:1480,0
DA:1483,0
DA:1485,0
DA:1486,0
DA:1490,0
DA:1491,0
DA:1494,0
DA:1495,0
DA:1496,0
DA:1497,0
DA:1500,0
DA:1509,0
DA:1512,0
DA:1513,0
DA:1521,0
DA:1522,0
DA:1525,0
DA:1526,0
DA:1533,0
DA:1534,0
DA:1543,0
DA:1545,0
DA:1546,0
DA:1549,0
DA:1550,0
DA:1558,0
DA:1559,0
DA:1567,0
DA:1568,0
DA:1577,0
DA:1579,0
DA:1580,0
DA:1582,0
DA:1590,0
DA:1591,0
DA:1594,0
DA:1596,0
DA:1598,0
DA:1599,0
DA:1613,0
DA:1614,0
DA:1623,0
DA:1630,0
DA:1631,0
DA:1640,0
DA:1642,0
DA:1643,0
DA:1645,0
DA:1653,0
DA:1654,0
DA:1664,0
DA:1665,0
DA:1673,0
DA:1675,0
DA:1676,0
DA:1678,0
DA:1686,0
DA:1687,0
DA:1690,0
DA:1692,0
DA:1694,0
DA:1696,0
DA:1704,0
DA:1705,0
DA:1714,0
DA:1716,0
DA:1717,0
DA:1719,0
DA:1727,0
DA:1729,0
DA:1731,0
DA:1732,0
DA:1736,0
DA:1737,0
DA:1742,0
DA:1758,0
DA:1759,0
DA:1768,0
DA:1770,0
DA:1771,0
DA:1773,0
DA:1782,0
DA:1783,0
DA:1786,0
DA:1787,0
DA:1791,0
DA:1792,0
DA:1797,0
DA:1804,0
LF:510
LH:0
BRDA:21,0,0,0
BRDA:21,0,1,0
BRDA:21,0,2,0
BRDA:21,0,3,0
BRDA:21,0,4,0
BRDA:21,0,5,0
BRDA:21,0,6,0
BRDA:21,0,7,0
BRDA:21,0,8,0
BRDA:21,0,9,0
BRDA:21,0,10,0
BRDA:21,0,11,0
BRDA:21,0,12,0
BRDA:21,0,13,0
BRDA:21,0,14,0
BRDA:21,0,15,0
BRDA:21,0,16,0
BRDA:21,0,17,0
BRDA:21,0,18,0
BRDA:21,0,19,0
BRDA:21,0,20,0
BRDA:21,0,21,0
BRDA:21,0,22,0
BRDA:21,0,23,0
BRDA:21,0,24,0
BRDA:21,0,25,0
BRDA:21,0,26,0
BRDA:21,0,27,0
BRDA:21,0,28,0
BRDA:21,0,29,0
BRDA:21,0,30,0
BRDA:21,0,31,0
BRDA:21,0,32,0
BRDA:21,0,33,0
BRDA:21,0,34,0
BRDA:21,0,35,0
BRDA:21,0,36,0
BRDA:21,0,37,0
BRDA:21,0,38,0
BRDA:21,0,39,0
BRDA:21,0,40,0
BRDA:21,0,41,0
BRDA:21,0,42,0
BRDA:21,0,43,0
BRDA:21,0,44,0
BRDA:21,0,45,0
BRDA:21,0,46,0
BRDA:21,0,47,0
BRDA:21,0,48,0
BRDA:21,0,49,0
BRDA:21,0,50,0
BRDA:21,0,51,0
BRDA:21,0,52,0
BRDA:21,0,53,0
BRDA:21,0,54,0
BRDA:21,0,55,0
BRDA:21,0,56,0
BRDA:21,0,57,0
BRDA:21,0,58,0
BRDA:131,1,0,0
BRDA:131,1,1,0
BRDA:133,2,0,0
BRDA:133,2,1,0
BRDA:135,3,0,0
BRDA:160,4,0,0
BRDA:160,5,0,0
BRDA:160,5,1,0
BRDA:173,6,0,0
BRDA:176,7,0,0
BRDA:187,8,0,0
BRDA:187,8,1,0
BRDA:197,9,0,0
BRDA:197,10,0,0
BRDA:197,10,1,0
BRDA:210,11,0,0
BRDA:225,12,0,0
BRDA:225,12,1,0
BRDA:226,13,0,0
BRDA:226,13,1,0
BRDA:231,14,0,0
BRDA:231,15,0,0
BRDA:231,15,1,0
BRDA:243,16,0,0
BRDA:264,17,0,0
BRDA:264,18,0,0
BRDA:264,18,1,0
BRDA:277,19,0,0
BRDA:277,20,0,0
BRDA:277,20,1,0
BRDA:281,21,0,0
BRDA:281,22,0,0
BRDA:281,22,1,0
BRDA:300,23,0,0
BRDA:300,24,0,0
BRDA:300,24,1,0
BRDA:312,25,0,0
BRDA:312,26,0,0
BRDA:312,26,1,0
BRDA:323,27,0,0
BRDA:333,28,0,0
BRDA:333,28,1,0
BRDA:334,29,0,0
BRDA:334,29,1,0
BRDA:339,30,0,0
BRDA:339,31,0,0
BRDA:339,31,1,0
BRDA:351,32,0,0
BRDA:351,33,0,0
BRDA:351,33,1,0
BRDA:365,34,0,0
BRDA:365,35,0,0
BRDA:365,35,1,0
BRDA:377,36,0,0
BRDA:377,37,0,0
BRDA:377,37,1,0
BRDA:390,38,0,0
BRDA:393,39,0,0
BRDA:393,40,0,0
BRDA:393,40,1,0
BRDA:406,41,0,0
BRDA:418,42,0,0
BRDA:418,43,0,0
BRDA:418,43,1,0
BRDA:432,44,0,0
BRDA:435,45,0,0
BRDA:435,46,0,0
BRDA:435,46,1,0
BRDA:449,47,0,0
BRDA:449,47,1,0
BRDA:450,48,0,0
BRDA:450,48,1,0
BRDA:450,49,0,0
BRDA:450,49,1,0
BRDA:452,50,0,0
BRDA:452,51,0,0
BRDA:452,51,1,0
BRDA:457,52,0,0
BRDA:457,53,0,0
BRDA:457,53,1,0
BRDA:470,54,0,0
BRDA:470,55,0,0
BRDA:470,55,1,0
BRDA:483,56,0,0
BRDA:483,57,0,0
BRDA:483,57,1,0
BRDA:486,58,0,0
BRDA:486,59,0,0
BRDA:486,59,1,0
BRDA:505,60,0,0
BRDA:505,61,0,0
BRDA:505,61,1,0
BRDA:518,62,0,0
BRDA:521,63,0,0
BRDA:521,64,0,0
BRDA:521,64,1,0
BRDA:540,65,0,0
BRDA:540,66,0,0
BRDA:540,66,1,0
BRDA:552,67,0,0
BRDA:563,68,0,0
BRDA:576,69,0,0
BRDA:576,70,0,0
BRDA:576,70,1,0
BRDA:589,71,0,0
BRDA:589,72,0,0
BRDA:589,72,1,0
BRDA:600,73,0,0
BRDA:607,74,0,0
BRDA:607,74,1,0
BRDA:608,75,0,0
BRDA:608,75,1,0
BRDA:613,76,0,0
BRDA:613,77,0,0
BRDA:613,77,1,0
BRDA:626,78,0,0
BRDA:637,79,0,0
BRDA:650,80,0,0
BRDA:650,81,0,0
BRDA:650,81,1,0
BRDA:664,82,0,0
BRDA:683,83,0,0
BRDA:683,84,0,0
BRDA:683,84,1,0
BRDA:696,85,0,0
BRDA:718,86,0,0
BRDA:718,87,0,0
BRDA:718,87,1,0
BRDA:731,88,0,0
BRDA:731,89,0,0
BRDA:731,89,1,0
BRDA:751,90,0,0
BRDA:751,91,0,0
BRDA:751,91,1,0
BRDA:757,92,0,0
BRDA:757,92,1,0
BRDA:764,93,0,0
BRDA:783,94,0,0
BRDA:783,95,0,0
BRDA:783,95,1,0
BRDA:796,96,0,0
BRDA:807,97,0,0
BRDA:819,98,0,0
BRDA:819,99,0,0
BRDA:819,99,1,0
BRDA:832,100,0,0
BRDA:843,101,0,0
BRDA:849,102,0,0
BRDA:849,103,0,0
BRDA:849,103,1,0
BRDA:879,104,0,0
BRDA:890,105,0,0
BRDA:890,106,0,0
BRDA:890,106,1,0
BRDA:901,107,0,0
BRDA:901,107,1,0
BRDA:911,108,0,0
BRDA:916,109,0,0
BRDA:916,109,1,0
BRDA:923,110,0,0
BRDA:943,111,0,0
BRDA:943,112,0,0
BRDA:943,112,1,0
BRDA:956,113,0,0
BRDA:967,114,0,0
BRDA:982,115,0,0
BRDA:993,116,0,0
BRDA:1004,117,0,0
BRDA:1004,117,1,0
BRDA:1014,118,0,0
BRDA:1014,119,0,0
BRDA:1014,119,1,0
BRDA:1025,120,0,0
BRDA:1025,121,0,0
BRDA:1025,121,1,0
BRDA:1028,122,0,0
BRDA:1028,123,0,0
BRDA:1028,123,1,0
BRDA:1039,124,0,0
BRDA:1045,125,0,0
BRDA:1045,125,1,0
BRDA:1049,126,0,0
BRDA:1049,126,1,0
BRDA:1050,127,0,0
BRDA:1050,127,1,0
BRDA:1059,128,0,0
BRDA:1070,129,0,0
BRDA:1070,130,0,0
BRDA:1070,130,1,0
BRDA:1074,131,0,0
BRDA:1074,131,1,0
BRDA:1074,131,2,0
BRDA:1083,132,0,0
BRDA:1083,132,1,0
BRDA:1087,133,0,0
BRDA:1087,133,1,0
BRDA:1089,134,0,0
BRDA:1100,135,0,0
BRDA:1111,136,0,0
BRDA:1111,137,0,0
BRDA:1111,137,1,0
BRDA:1115,138,0,0
BRDA:1115,138,1,0
BRDA:1115,138,2,0
BRDA:1124,139,0,0
BRDA:1124,139,1,0
BRDA:1128,140,0,0
BRDA:1128,140,1,0
BRDA:1130,141,0,0
BRDA:1148,142,0,0
BRDA:1148,143,0,0
BRDA:1148,143,1,0
BRDA:1158,144,0,0
BRDA:1170,145,0,0
BRDA:1170,146,0,0
BRDA:1170,146,1,0
BRDA:1181,147,0,0
BRDA:1196,148,0,0
BRDA:1196,149,0,0
BRDA:1196,149,1,0
BRDA:1207,150,0,0
BRDA:1207,151,0,0
BRDA:1207,151,1,0
BRDA:1218,152,0,0
BRDA:1224,153,0,0
BRDA:1224,153,1,0
BRDA:1228,154,0,0
BRDA:1228,154,1,0
BRDA:1229,155,0,0
BRDA:1229,155,1,0
BRDA:1234,156,0,0
BRDA:1234,157,0,0
BRDA:1234,157,1,0
BRDA:1246,158,0,0
BRDA:1246,159,0,0
BRDA:1246,159,1,0
BRDA:1250,160,0,0
BRDA:1250,160,1,0
BRDA:1250,160,2,0
BRDA:1259,161,0,0
BRDA:1267,162,0,0
BRDA:1267,162,1,0
BRDA:1272,163,0,0
BRDA:1283,164,0,0
BRDA:1283,165,0,0
BRDA:1283,165,1,0
BRDA:1294,166,0,0
BRDA:1299,167,0,0
BRDA:1299,167,1,0
BRDA:1309,168,0,0
BRDA:1320,169,0,0
BRDA:1320,170,0,0
BRDA:1320,170,1,0
BRDA:1331,171,0,0
BRDA:1337,172,0,0
BRDA:1337,172,1,0
BRDA:1339,173,0,0
BRDA:1358,174,0,0
BRDA:1358,175,0,0
BRDA:1358,175,1,0
BRDA:1369,176,0,0
BRDA:1369,177,0,0
BRDA:1369,177,1,0
BRDA:1373,178,0,0
BRDA:1373,178,1,0
BRDA:1373,178,2,0
BRDA:1384,179,0,0
BRDA:1384,179,1,0
BRDA:1386,180,0,0
BRDA:1398,181,0,0
BRDA:1403,182,0,0
BRDA:1403,182,1,0
BRDA:1410,183,0,0
BRDA:1410,184,0,0
BRDA:1410,184,1,0
BRDA:1423,185,0,0
BRDA:1423,186,0,0
BRDA:1423,186,1,0
BRDA:1429,187,0,0
BRDA:1429,188,0,0
BRDA:1429,188,1,0
BRDA:1440,189,0,0
BRDA:1440,189,1,0
BRDA:1454,190,0,0
BRDA:1459,191,0,0
BRDA:1459,192,0,0
BRDA:1459,192,1,0
BRDA:1468,193,0,0
BRDA:1468,193,1,0
BRDA:1483,194,0,0
BRDA:1483,194,1,0
BRDA:1483,194,2,0
BRDA:1485,195,0,0
BRDA:1490,196,0,0
BRDA:1490,197,0,0
BRDA:1490,197,1,0
BRDA:1496,198,0,0
BRDA:1504,199,0,0
BRDA:1504,199,1,0
BRDA:1509,200,0,0
BRDA:1509,200,1,0
BRDA:1512,201,0,0
BRDA:1512,201,1,0
BRDA:1521,202,0,0
BRDA:1533,203,0,0
BRDA:1533,204,0,0
BRDA:1533,204,1,0
BRDA:1545,205,0,0
BRDA:1545,206,0,0
BRDA:1545,206,1,0
BRDA:1549,207,0,0
BRDA:1549,207,1,0
BRDA:1549,207,2,0
BRDA:1567,208,0,0
BRDA:1567,209,0,0
BRDA:1567,209,1,0
BRDA:1579,210,0,0
BRDA:1590,211,0,0
BRDA:1596,212,0,0
BRDA:1596,212,1,0
BRDA:1613,213,0,0
BRDA:1613,214,0,0
BRDA:1613,214,1,0
BRDA:1630,215,0,0
BRDA:1642,216,0,0
BRDA:1642,217,0,0
BRDA:1642,217,1,0
BRDA:1664,218,0,0
BRDA:1675,219,0,0
BRDA:1675,220,0,0
BRDA:1675,220,1,0
BRDA:1686,221,0,0
BRDA:1692,222,0,0
BRDA:1692,222,1,0
BRDA:1694,223,0,0
BRDA:1694,223,1,0
BRDA:1698,224,0,0
BRDA:1698,224,1,0
BRDA:1699,225,0,0
BRDA:1699,225,1,0
BRDA:1704,226,0,0
BRDA:1704,227,0,0
BRDA:1704,227,1,0
BRDA:1716,228,0,0
BRDA:1716,229,0,0
BRDA:1716,229,1,0
BRDA:1729,230,0,0
BRDA:1729,230,1,0
BRDA:1731,231,0,0
BRDA:1736,232,0,0
BRDA:1736,232,1,0
BRDA:1737,233,0,0
BRDA:1737,233,1,0
BRDA:1758,234,0,0
BRDA:1758,235,0,0
BRDA:1758,235,1,0
BRDA:1763,236,0,0
BRDA:1763,236,1,0
BRDA:1770,237,0,0
BRDA:1770,238,0,0
BRDA:1770,238,1,0
BRDA:1782,239,0,0
BRDA:1782,240,0,0
BRDA:1782,240,1,0
BRDA:1786,241,0,0
BRDA:1791,242,0,0
BRF:425
BRH:0
end_of_record
TN:
SF:src/services/integrations/slackService.ts
FN:40,(anonymous_1)
FN:47,(anonymous_2)
FN:71,(anonymous_3)
FN:102,(anonymous_4)
FN:132,(anonymous_5)
FN:186,(anonymous_6)
FN:200,(anonymous_7)
FN:225,(anonymous_8)
FN:242,(anonymous_9)
FN:261,(anonymous_10)
FN:278,(anonymous_11)
FN:279,(anonymous_12)
FN:301,(anonymous_13)
FN:322,(anonymous_14)
FN:339,(anonymous_15)
FN:387,(anonymous_16)
FN:403,(anonymous_17)
FN:425,(anonymous_18)
FN:488,(anonymous_19)
FNF:19
FNH:3
FNDA:8,(anonymous_1)
FNDA:0,(anonymous_2)
FNDA:0,(anonymous_3)
FNDA:0,(anonymous_4)
FNDA:0,(anonymous_5)
FNDA:1,(anonymous_6)
FNDA:0,(anonymous_7)
FNDA:1,(anonymous_8)
FNDA:0,(anonymous_9)
FNDA:0,(anonymous_10)
FNDA:0,(anonymous_11)
FNDA:0,(anonymous_12)
FNDA:0,(anonymous_13)
FNDA:0,(anonymous_14)
FNDA:0,(anonymous_15)
FNDA:0,(anonymous_16)
FNDA:0,(anonymous_17)
FNDA:0,(anonymous_18)
FNDA:0,(anonymous_19)
DA:6,8
DA:7,8
DA:8,8
DA:9,8
DA:41,8
DA:42,8
DA:48,0
DA:58,0
DA:65,0
DA:72,0
DA:73,0
DA:86,0
DA:88,0
DA:89,0
DA:92,0
DA:94,0
DA:95,0
DA:103,0
DA:104,0
DA:110,0
DA:111,0
DA:114,0
DA:124,0
DA:125,0
DA:136,0
DA:137,0
DA:176,0
DA:178,0
DA:179,0
DA:187,1
DA:201,0
DA:202,0
DA:209,0
DA:210,0
DA:213,0
DA:215,0
DA:216,0
DA:218,0
DA:226,1
DA:227,1
DA:229,1
DA:230,1
DA:233,0
DA:238,0
DA:240,0
DA:242,0
DA:253,1
DA:254,1
DA:262,0
DA:263,0
DA:265,0
DA:266,0
DA:269,0
DA:273,0
DA:275,0
DA:277,0
DA:278,0
DA:279,0
DA:293,0
DA:294,0
DA:306,0
DA:307,0
DA:309,0
DA:310,0
DA:313,0
DA:318,0
DA:320,0
DA:322,0
DA:331,0
DA:332,0
DA:345,0
DA:346,0
DA:348,0
DA:349,0
DA:352,0
DA:367,0
DA:368,0
DA:371,0
DA:373,0
DA:379,0
DA:380,0
DA:388,0
DA:389,0
DA:391,0
DA:392,0
DA:395,0
DA:399,0
DA:401,0
DA:403,0
DA:413,0
DA:414,0
DA:415,0
DA:417,0
DA:418,0
DA:435,0
DA:436,0
DA:442,0
DA:459,0
DA:460,0
DA:476,0
DA:478,0
DA:480,0
DA:481,0
DA:489,0
DA:491,0
DA:493,0
DA:494,0
DA:495,0
DA:505,0
DA:510,0
DA:524,0
DA:526,0
DA:527,0
DA:532,8
LF:114
LH:14
BRDA:88,0,0,0
BRDA:88,1,0,0
BRDA:88,1,1,0
BRDA:110,2,0,0
BRDA:111,3,0,0
BRDA:111,3,1,0
BRDA:118,4,0,0
BRDA:118,4,1,0
BRDA:209,5,0,0
BRDA:210,6,0,0
BRDA:210,6,1,0
BRDA:215,7,0,0
BRDA:229,8,0,1
BRDA:229,9,0,1
BRDA:229,9,1,1
BRDA:229,9,2,0
BRDA:238,10,0,0
BRDA:238,10,1,0
BRDA:265,11,0,0
BRDA:265,12,0,0
BRDA:265,12,1,0
BRDA:265,12,2,0
BRDA:273,13,0,0
BRDA:273,13,1,0
BRDA:278,14,0,0
BRDA:278,14,1,0
BRDA:304,15,0,0
BRDA:309,16,0,0
BRDA:309,17,0,0
BRDA:309,17,1,0
BRDA:309,17,2,0
BRDA:318,18,0,0
BRDA:318,18,1,0
BRDA:348,19,0,0
BRDA:348,20,0,0
BRDA:348,20,1,0
BRDA:348,20,2,0
BRDA:367,21,0,0
BRDA:368,22,0,0
BRDA:368,22,1,0
BRDA:387,23,0,0
BRDA:391,24,0,0
BRDA:391,25,0,0
BRDA:391,25,1,0
BRDA:391,25,2,0
BRDA:399,26,0,0
BRDA:399,26,1,0
BRDA:413,27,0,0
BRDA:459,28,0,0
BRDA:470,29,0,0
BRDA:470,29,1,0
BRDA:493,30,0,0
BRDA:493,31,0,0
BRDA:493,31,1,0
BRF:54
BRH:3
end_of_record
TN:
SF:src/types/express.ts
FN:39,(anonymous_0)
FN:42,(anonymous_1)
FN:50,(anonymous_2)
FN:53,(anonymous_3)
FNF:4
FNH:3
FNDA:1558,(anonymous_0)
FNDA:15,(anonymous_1)
FNDA:232,(anonymous_2)
FNDA:0,(anonymous_3)
DA:39,7
DA:42,1558
DA:43,15
DA:50,7
DA:53,232
DA:54,0
LF:6
LH:5
BRF:0
BRH:0
end_of_record
TN:
SF:src/utils/auditLogger.ts
FN:10,generateAuditHash
FN:24,(anonymous_2)
FN:75,(anonymous_3)
FN:87,(anonymous_4)
FN:117,(anonymous_5)
FN:175,(anonymous_6)
FN:203,(anonymous_7)
FN:220,(anonymous_8)
FN:222,(anonymous_9)
FN:235,(anonymous_10)
FN:262,(anonymous_11)
FN:302,(anonymous_12)
FN:314,(anonymous_13)
FNF:13
FNH:13
FNDA:10,generateAuditHash
FNDA:6,(anonymous_2)
FNDA:2,(anonymous_3)
FNDA:4,(anonymous_4)
FNDA:3,(anonymous_5)
FNDA:3,(anonymous_6)
FNDA:5,(anonymous_7)
FNDA:1,(anonymous_8)
FNDA:3,(anonymous_9)
FNDA:2,(anonymous_10)
FNDA:3,(anonymous_11)
FNDA:2,(anonymous_12)
FNDA:4,(anonymous_13)
DA:2,6
DA:3,6
DA:5,6
DA:11,10
DA:12,10
DA:19,6
DA:34,6
DA:35,6
DA:43,6
DA:55,5
DA:64,1
DA:85,2
DA:86,2
DA:88,4
DA:95,4
DA:104,1
DA:106,1
DA:128,3
DA:132,3
DA:133,3
DA:134,3
DA:135,3
DA:137,3
DA:138,1
DA:139,1
DA:140,1
DA:143,3
DA:162,3
DA:179,3
DA:181,3
DA:182,1
DA:188,3
DA:199,3
DA:200,3
DA:201,3
DA:203,3
DA:204,5
DA:205,5
DA:206,4
DA:209,5
DA:210,4
DA:215,3
DA:220,1
DA:222,3
DA:236,2
DA:237,2
DA:239,2
DA:243,2
DA:244,1
DA:247,2
DA:249,2
DA:255,2
DA:268,3
DA:288,3
DA:290,2
DA:302,2
DA:314,4
DA:316,2
DA:324,1
DA:334,6
LF:60
LH:60
BRDA:46,0,0,6
BRDA:46,0,1,5
BRDA:97,1,0,4
BRDA:97,1,1,4
BRDA:132,2,0,1
BRDA:133,3,0,1
BRDA:134,4,0,0
BRDA:135,5,0,0
BRDA:137,6,0,1
BRDA:137,7,0,3
BRDA:137,7,1,2
BRDA:139,8,0,1
BRDA:140,9,0,1
BRDA:156,10,0,3
BRDA:156,10,1,2
BRDA:157,11,0,3
BRDA:157,11,1,2
BRDA:165,12,0,3
BRDA:165,12,1,2
BRDA:166,13,0,3
BRDA:166,13,1,2
BRDA:181,14,0,1
BRDA:204,15,0,5
BRDA:204,15,1,4
BRDA:205,16,0,4
BRDA:207,17,0,4
BRDA:207,17,1,3
BRDA:209,18,0,4
BRDA:211,19,0,4
BRDA:211,19,1,3
BRDA:223,20,0,3
BRDA:223,20,1,2
BRDA:243,21,0,1
BRDA:288,22,0,2
BRDA:304,23,0,2
BRDA:304,23,1,1
BRDA:305,24,0,2
BRDA:305,24,1,1
BRDA:306,25,0,2
BRDA:306,25,1,1
BRDA:308,26,0,2
BRDA:308,26,1,1
BRDA:309,27,0,2
BRDA:309,27,1,1
BRDA:310,28,0,2
BRDA:310,28,1,0
BRF:46
BRH:43
end_of_record
TN:
SF:src/utils/logSanitizer.ts
FN:41,sanitizeForLogging
FN:68,(anonymous_1)
FN:78,(anonymous_2)
FN:99,createSafeLogger
FN:101,(anonymous_4)
FN:102,(anonymous_5)
FN:104,(anonymous_6)
FN:105,(anonymous_7)
FN:107,(anonymous_8)
FN:108,(anonymous_9)
FN:110,(anonymous_10)
FN:111,(anonymous_11)
FN:120,sanitizeRequest
FNF:13
FNH:1
FNDA:6,sanitizeForLogging
FNDA:0,(anonymous_1)
FNDA:0,(anonymous_2)
FNDA:0,createSafeLogger
FNDA:0,(anonymous_4)
FNDA:0,(anonymous_5)
FNDA:0,(anonymous_6)
FNDA:0,(anonymous_7)
FNDA:0,(anonymous_8)
FNDA:0,(anonymous_9)
FNDA:0,(anonymous_10)
FNDA:0,(anonymous_11)
FNDA:0,sanitizeRequest
DA:6,4
DA:41,4
DA:43,6
DA:44,0
DA:48,6
DA:49,0
DA:53,6
DA:54,0
DA:62,6
DA:63,6
DA:67,0
DA:68,0
DA:72,0
DA:74,0
DA:75,0
DA:78,0
DA:79,0
DA:82,0
DA:83,0
DA:84,0
DA:85,0
DA:87,0
DA:91,0
DA:99,4
DA:100,0
DA:102,0
DA:105,0
DA:108,0
DA:111,0
DA:120,4
DA:121,0
LF:31
LH:9
BRDA:41,0,0,6
BRDA:43,1,0,0
BRDA:48,2,0,0
BRDA:48,3,0,6
BRDA:48,3,1,6
BRDA:53,4,0,0
BRDA:57,5,0,0
BRDA:57,5,1,0
BRDA:62,6,0,6
BRDA:67,7,0,0
BRDA:82,8,0,0
BRDA:82,8,1,0
BRDA:84,9,0,0
BRDA:84,9,1,0
BRDA:84,10,0,0
BRDA:84,10,1,0
BRDA:127,11,0,0
BRDA:127,11,1,0
BRDA:128,12,0,0
BRDA:128,12,1,0
BRF:20
BRH:4
end_of_record
TN:
SF:src/utils/piiRedaction.ts
FN:20,redactPII
FN:25,(anonymous_1)
FN:37,(anonymous_2)
FN:38,(anonymous_3)
FN:39,(anonymous_4)
FN:40,(anonymous_5)
FN:41,(anonymous_6)
FN:52,rehydratePII
FN:55,(anonymous_8)
FNF:9
FNH:0
FNDA:0,redactPII
FNDA:0,(anonymous_1)
FNDA:0,(anonymous_2)
FNDA:0,(anonymous_3)
FNDA:0,(anonymous_4)
FNDA:0,(anonymous_5)
FNDA:0,(anonymous_6)
FNDA:0,rehydratePII
FNDA:0,(anonymous_8)
DA:6,4
DA:20,4
DA:21,0
DA:22,0
DA:23,0
DA:25,0
DA:27,0
DA:28,0
DA:31,0
DA:32,0
DA:33,0
DA:37,0
DA:38,0
DA:39,0
DA:40,0
DA:41,0
DA:43,0
DA:44,0
DA:46,0
DA:49,0
DA:52,4
DA:53,0
DA:55,0
DA:56,0
DA:57,0
DA:60,0
LF:26
LH:3
BRDA:28,0,0,0
BRDA:43,1,0,0
BRDA:43,2,0,0
BRDA:43,2,1,0
BRDA:43,2,2,0
BRF:5
BRH:0
end_of_record
TN:
SF:src/utils/urlValidator.ts
FN:36,isUrlSafe
FN:82,safeFetch
FN:114,isWebhookUrlSafe
FN:139,sanitizeUrlForLogging
FNF:4
FNH:0
FNDA:0,isUrlSafe
FNDA:0,safeFetch
FNDA:0,isWebhookUrlSafe
FNDA:0,sanitizeUrlForLogging
DA:6,5
DA:7,5
DA:10,5
DA:21,5
DA:36,5
DA:37,0
DA:38,0
DA:41,0
DA:42,0
DA:43,0
DA:46,0
DA:49,0
DA:50,0
DA:51,0
DA:55,0
DA:56,0
DA:57,0
DA:58,0
DA:63,0
DA:64,0
DA:65,0
DA:68,0
DA:70,0
DA:71,0
DA:82,5
DA:83,0
DA:84,0
DA:87,0
DA:93,0
DA:94,0
DA:95,0
DA:97,0
DA:99,0
DA:100,0
DA:101,0
DA:106,0
DA:114,5
DA:115,0
DA:116,0
DA:119,0
DA:120,0
DA:123,0
DA:124,0
DA:125,0
DA:128,0
DA:130,0
DA:139,5
DA:140,0
DA:141,0
DA:142,0
DA:143,0
DA:144,0
DA:146,0
LF:53
LH:8
BRDA:41,0,0,0
BRDA:49,1,0,0
BRDA:56,2,0,0
BRDA:63,3,0,0
BRDA:83,4,0,0
BRDA:93,5,0,0
BRDA:93,6,0,0
BRDA:93,6,1,0
BRDA:95,7,0,0
BRDA:99,8,0,0
BRDA:115,9,0,0
BRDA:123,10,0,0
BRDA:123,11,0,0
BRDA:123,11,1,0
BRF:14
BRH:0
end_of_record
TN:
SF:src/zkp/test-zk-service.ts
FN:8,testZKService
FNF:1
FNH:0
FNDA:0,testZKService
DA:6,0
DA:9,0
DA:10,0
DA:12,0
DA:22,0
DA:23,0
DA:24,0
DA:25,0
DA:26,0
DA:29,0
DA:30,0
DA:31,0
DA:32,0
DA:33,0
DA:36,0
DA:38,0
DA:39,0
DA:40,0
DA:45,0
LF:19
LH:0
BRDA:31,0,0,0
BRDA:31,0,1,0
BRDA:32,1,0,0
BRF:3
BRH:0
end_of_record
